## Systrim

So, as we've seen before, the top chunk can grow when adjacent chunks are freed under the right conditions. The heap can actually grow in size, if the need arises to allocate more memory than the heap has. Likewise, if the heap were to grow to a certain size, however a ton of memory were to be freed (and memory fragmentation isn't too big of a problem), the heap can actually return some of that memory back to the system (in other words shrink). This is done with a call to `systrim`. This will be covering that.

Here is the source code we will be stepping through:

```
#include <stdlib.h>

#define CHUNK_SIZE 0x10000

void main() {
    char *ptrs[100];
    int i;

    for (i = 0; i < 10; i++) {
   	 ptrs[i] = malloc(CHUNK_SIZE);
    }
    
    for (i = 0; i < 9; i++) {
   	 free(ptrs[i]);
    }

    free(ptrs[9]);
}
```

So effectively, this program just goes through, and allocates `10` chunks, with a size of `0x10000`. The default max size of the heap is `0x21000`. Due to this, we will see the heap actually grow in size, across those `10` malloc allocations. Then, we see that we free those chunks, starting from the first allocated chunk, and going to the last allocated chunk. This is because memory will only be returned when the top chunk becomes too large. The top chunk grows when chunks are consolidated in it. By freeing the chunk adjacent to the top chunk once, we only have a single top chunk consolidation, thus only a single `systrim` call.

#### Systrim Walkthrough

So starting off, we will set a breakpoint at the start of `main` for the `systrim` function, so we can see exactly when malloc tries to return memory back to the system. Then we will break at the `malloc` calls, and see it as the memory grows (`system_mem`) from `0x21000` to `0x51000`, to `0x81000`, etc:

```
$  gdb ./systrim 
GNU gdb (Ubuntu 12.0.90-0ubuntu1) 12.0.90
Copyright (C) 2022 Free Software Foundation, Inc.
License GPLv3+: GNU GPL version 3 or later <http://gnu.org/licenses/gpl.html>
This is free software: you are free to change and redistribute it.
There is NO WARRANTY, to the extent permitted by law.
Type "show copying" and "show warranty" for details.
This GDB was configured as "x86_64-linux-gnu".
Type "show configuration" for configuration details.
For bug reporting instructions, please see:
<https://www.gnu.org/software/gdb/bugs/>.
Find the GDB manual and other documentation resources online at:
    <http://www.gnu.org/software/gdb/documentation/>.

For help, type "help".
Type "apropos word" to search for commands related to "word"...
GEF for linux ready, type `gef' to start, `gef config' to configure
88 commands loaded and 5 functions added for GDB 12.0.90 in 0.00ms using Python engine 3.10
Reading symbols from ./systrim...
(No debugging symbols found in ./systrim)
gef➤  b *main
Breakpoint 1 at 0x1189
gef➤  r
Starting program: /Hackery/shogun/heap_demos/malloc/systrim/systrim 
[Thread debugging using libthread_db enabled]
Using host libthread_db library "/lib/x86_64-linux-gnu/libthread_db.so.1".

Breakpoint 1, 0x0000555555555189 in main ()



























[ Legend: Modified register | Code | Heap | Stack | String ]
────────────────────────────────────────────────────────────────────────────────────── registers ────
$rax   : 0x0000555555555189  →  <main+0> endbr64 
$rbx   : 0x0               
$rcx   : 0x0000555555557db0  →  0x0000555555555140  →  <__do_global_dtors_aux+0> endbr64 
$rdx   : 0x00007fffffffe108  →  0x00007fffffffe434  →  "SHELL=/bin/bash"
$rsp   : 0x00007fffffffdfe8  →  0x00007ffff7c29d90  →  <__libc_start_call_main+128> mov edi, eax
$rbp   : 0x1               
$rsi   : 0x00007fffffffe0f8  →  0x00007fffffffe3f9  →  "/Hackery/shogun/heap_demos/malloc/systrim[...]"
$rdi   : 0x1               
$rip   : 0x0000555555555189  →  <main+0> endbr64 
$r8    : 0x00007ffff7e1af10  →  0x0000000000000004
$r9    : 0x00007ffff7fc9040  →  <_dl_fini+0> endbr64 
$r10   : 0x00007ffff7fc3908  →  0x000d00120000000e
$r11   : 0x00007ffff7fde680  →  <_dl_audit_preinit+0> endbr64 
$r12   : 0x00007fffffffe0f8  →  0x00007fffffffe3f9  →  "/Hackery/shogun/heap_demos/malloc/systrim[...]"
$r13   : 0x0000555555555189  →  <main+0> endbr64 
$r14   : 0x0000555555557db0  →  0x0000555555555140  →  <__do_global_dtors_aux+0> endbr64 
$r15   : 0x00007ffff7ffd040  →  0x00007ffff7ffe2e0  →  0x0000555555554000  →   jg 0x555555554047
$eflags: [ZERO carry PARITY adjust sign trap INTERRUPT direction overflow resume virtualx86 identification]
$cs: 0x33 $ss: 0x2b $ds: 0x00 $es: 0x00 $fs: 0x00 $gs: 0x00 
────────────────────────────────────────────────────────────────────────────────────────── stack ────
0x00007fffffffdfe8│+0x0000: 0x00007ffff7c29d90  →  <__libc_start_call_main+128> mov edi, eax  ← $rsp
0x00007fffffffdff0│+0x0008: 0x0000000000000000
0x00007fffffffdff8│+0x0010: 0x0000555555555189  →  <main+0> endbr64 
0x00007fffffffe000│+0x0018: 0x00000001ffffe0e0
0x00007fffffffe008│+0x0020: 0x00007fffffffe0f8  →  0x00007fffffffe3f9  →  "/Hackery/shogun/heap_demos/malloc/systrim[...]"
0x00007fffffffe010│+0x0028: 0x0000000000000000
0x00007fffffffe018│+0x0030: 0x961bb9fc000570c7
0x00007fffffffe020│+0x0038: 0x00007fffffffe0f8  →  0x00007fffffffe3f9  →  "/Hackery/shogun/heap_demos/malloc/systrim[...]"
──────────────────────────────────────────────────────────────────────────────────── code:x86:64 ────
   0x555555555179 <__do_global_dtors_aux+57> nop    DWORD PTR [rax+0x0]
   0x555555555180 <frame_dummy+0>  endbr64 
   0x555555555184 <frame_dummy+4>  jmp    0x555555555100 <register_tm_clones>
 → 0x555555555189 <main+0>         endbr64 
   0x55555555518d <main+4>         push   rbp
   0x55555555518e <main+5>         mov    rbp, rsp
   0x555555555191 <main+8>         sub    rsp, 0x340
   0x555555555198 <main+15>        mov    rax, QWORD PTR fs:0x28
   0x5555555551a1 <main+24>        mov    QWORD PTR [rbp-0x8], rax
──────────────────────────────────────────────────────────────────────────────────────── threads ────
[#0] Id 1, Name: "systrim", stopped 0x555555555189 in main (), reason: BREAKPOINT
────────────────────────────────────────────────────────────────────────────────────────── trace ────
[#0] 0x555555555189 → main()
─────────────────────────────────────────────────────────────────────────────────────────────────────
gef➤  disas main
Dump of assembler code for function main:
=> 0x0000555555555189 <+0>:   endbr64 
   0x000055555555518d <+4>:   push   rbp
   0x000055555555518e <+5>:   mov    rbp,rsp
   0x0000555555555191 <+8>:   sub    rsp,0x340
   0x0000555555555198 <+15>:  mov    rax,QWORD PTR fs:0x28
   0x00005555555551a1 <+24>:  mov    QWORD PTR [rbp-0x8],rax
   0x00005555555551a5 <+28>:  xor    eax,eax
   0x00005555555551a7 <+30>:  mov    DWORD PTR [rbp-0x334],0x0
   0x00005555555551b1 <+40>:  jmp    0x5555555551d7 <main+78>
   0x00005555555551b3 <+42>:  mov    edi,0x10000
   0x00005555555551b8 <+47>:  call   0x555555555090 <malloc@plt>
   0x00005555555551bd <+52>:  mov    rdx,rax
   0x00005555555551c0 <+55>:  mov    eax,DWORD PTR [rbp-0x334]
   0x00005555555551c6 <+61>:  cdqe   
   0x00005555555551c8 <+63>:  mov    QWORD PTR [rbp+rax*8-0x330],rdx
   0x00005555555551d0 <+71>:  add    DWORD PTR [rbp-0x334],0x1
   0x00005555555551d7 <+78>:  cmp    DWORD PTR [rbp-0x334],0x9
   0x00005555555551de <+85>:  jle    0x5555555551b3 <main+42>
   0x00005555555551e0 <+87>:  mov    DWORD PTR [rbp-0x334],0x0
   0x00005555555551ea <+97>:  jmp    0x55555555520b <main+130>
   0x00005555555551ec <+99>:  mov    eax,DWORD PTR [rbp-0x334]
   0x00005555555551f2 <+105>: cdqe   
   0x00005555555551f4 <+107>: mov    rax,QWORD PTR [rbp+rax*8-0x330]
   0x00005555555551fc <+115>: mov    rdi,rax
   0x00005555555551ff <+118>: call   0x555555555070 <free@plt>
   0x0000555555555204 <+123>: add    DWORD PTR [rbp-0x334],0x1
   0x000055555555520b <+130>: cmp    DWORD PTR [rbp-0x334],0x8
   0x0000555555555212 <+137>: jle    0x5555555551ec <main+99>
   0x0000555555555214 <+139>: mov    rax,QWORD PTR [rbp-0x2e8]
   0x000055555555521b <+146>: mov    rdi,rax
   0x000055555555521e <+149>: call   0x555555555070 <free@plt>
   0x0000555555555223 <+154>: nop
   0x0000555555555224 <+155>: mov    rax,QWORD PTR [rbp-0x8]
   0x0000555555555228 <+159>: sub    rax,QWORD PTR fs:0x28
   0x0000555555555231 <+168>: je     0x555555555238 <main+175>
   0x0000555555555233 <+170>: call   0x555555555080 <__stack_chk_fail@plt>
   0x0000555555555238 <+175>: leave  
   0x0000555555555239 <+176>: ret    
End of assembler dump.
gef➤  b *systrim
Breakpoint 2 at 0x7ffff7ca2670: file ./malloc/malloc.c, line 2986.
gef➤  b *main+47
Breakpoint 3 at 0x5555555551b8
gef➤  b *main+149
Breakpoint 4 at 0x55555555521e
gef➤  c
Continuing.

Breakpoint 3, 0x00005555555551b8 in main ()

[ Legend: Modified register | Code | Heap | Stack | String ]
────────────────────────────────────────────────────────────────────────────────────── registers ────
$rax   : 0x0               
$rbx   : 0x0               
$rcx   : 0x0000555555557db0  →  0x0000555555555140  →  <__do_global_dtors_aux+0> endbr64 
$rdx   : 0x00007fffffffe108  →  0x00007fffffffe434  →  "SHELL=/bin/bash"
$rsp   : 0x00007fffffffdca0  →  0x0000000000000001
$rbp   : 0x00007fffffffdfe0  →  0x0000000000000001
$rsi   : 0x00007fffffffe0f8  →  0x00007fffffffe3f9  →  "/Hackery/shogun/heap_demos/malloc/systrim[...]"
$rdi   : 0x10000           
$rip   : 0x00005555555551b8  →  <main+47> call 0x555555555090 <malloc@plt>
$r8    : 0x00007ffff7e1af10  →  0x0000000000000004
$r9    : 0x00007ffff7fc9040  →  <_dl_fini+0> endbr64 
$r10   : 0x00007ffff7fc3908  →  0x000d00120000000e
$r11   : 0x00007ffff7fde680  →  <_dl_audit_preinit+0> endbr64 
$r12   : 0x00007fffffffe0f8  →  0x00007fffffffe3f9  →  "/Hackery/shogun/heap_demos/malloc/systrim[...]"
$r13   : 0x0000555555555189  →  <main+0> endbr64 
$r14   : 0x0000555555557db0  →  0x0000555555555140  →  <__do_global_dtors_aux+0> endbr64 
$r15   : 0x00007ffff7ffd040  →  0x00007ffff7ffe2e0  →  0x0000555555554000  →   jg 0x555555554047
$eflags: [zero CARRY parity ADJUST SIGN trap INTERRUPT direction overflow resume virtualx86 identification]
$cs: 0x33 $ss: 0x2b $ds: 0x00 $es: 0x00 $fs: 0x00 $gs: 0x00 
────────────────────────────────────────────────────────────────────────────────────────── stack ────
0x00007fffffffdca0│+0x0000: 0x0000000000000001   ← $rsp
0x00007fffffffdca8│+0x0008: 0x00000000ffffe0f8
0x00007fffffffdcb0│+0x0010: 0x0000555555555189  →  <main+0> endbr64 
0x00007fffffffdcb8│+0x0018: 0x00007ffff7fd8dae  →  <_dl_runtime_resolve_xsavec+126> mov r11, rax
0x00007fffffffdcc0│+0x0020: 0x0000000000000000
0x00007fffffffdcc8│+0x0028: 0x0000555555557db0  →  0x0000555555555140  →  <__do_global_dtors_aux+0> endbr64 
0x00007fffffffdcd0│+0x0030: 0x00007fffffffe108  →  0x00007fffffffe434  →  "SHELL=/bin/bash"
0x00007fffffffdcd8│+0x0038: 0x0000000000000000
──────────────────────────────────────────────────────────────────────────────────── code:x86:64 ────
   0x5555555551a7 <main+30>        mov    DWORD PTR [rbp-0x334], 0x0
   0x5555555551b1 <main+40>        jmp    0x5555555551d7 <main+78>
   0x5555555551b3 <main+42>        mov    edi, 0x10000
 → 0x5555555551b8 <main+47>        call   0x555555555090 <malloc@plt>
   ↳  0x555555555090 <malloc@plt+0>   endbr64 
      0x555555555094 <malloc@plt+4>   bnd    jmp QWORD PTR [rip+0x2f35]        # 0x555555557fd0 <malloc@got.plt>
      0x55555555509b <malloc@plt+11>  nop    DWORD PTR [rax+rax*1+0x0]
      0x5555555550a0 <_start+0>       endbr64 
      0x5555555550a4 <_start+4>       xor    ebp, ebp
      0x5555555550a6 <_start+6>       mov    r9, rdx
──────────────────────────────────────────────────────────────────────────── arguments (guessed) ────
malloc@plt (
   $rdi = 0x0000000000010000,
   $rsi = 0x00007fffffffe0f8 → 0x00007fffffffe3f9 → "/Hackery/shogun/heap_demos/malloc/systrim[...]",
   $rdx = 0x00007fffffffe108 → 0x00007fffffffe434 → "SHELL=/bin/bash"
)
──────────────────────────────────────────────────────────────────────────────────────── threads ────
[#0] Id 1, Name: "systrim", stopped 0x5555555551b8 in main (), reason: BREAKPOINT
────────────────────────────────────────────────────────────────────────────────────────── trace ────
[#0] 0x5555555551b8 → main()
─────────────────────────────────────────────────────────────────────────────────────────────────────
gef➤  c
Continuing.

Breakpoint 3, 0x00005555555551b8 in main ()

[ Legend: Modified register | Code | Heap | Stack | String ]
────────────────────────────────────────────────────────────────────────────────────── registers ────
$rax   : 0x0               
$rbx   : 0x0               
$rcx   : 0x10011           
$rdx   : 0x00005555555592a0  →  0x0000000000000000
$rsp   : 0x00007fffffffdca0  →  0x0000000000000001
$rbp   : 0x00007fffffffdfe0  →  0x0000000000000001
$rsi   : 0x00005555555692a0  →  0x0000000000000000
$rdi   : 0x10000           
$rip   : 0x00005555555551b8  →  <main+47> call 0x555555555090 <malloc@plt>
$r8    : 0x21001           
$r9    : 0x00005555555592a0  →  0x0000000000000000
$r10   : 0x79              
$r11   : 0x00007ffff7e19ce0  →  0x00005555555692a0  →  0x0000000000000000
$r12   : 0x00007fffffffe0f8  →  0x00007fffffffe3f9  →  "/Hackery/shogun/heap_demos/malloc/systrim[...]"
$r13   : 0x0000555555555189  →  <main+0> endbr64 
$r14   : 0x0000555555557db0  →  0x0000555555555140  →  <__do_global_dtors_aux+0> endbr64 
$r15   : 0x00007ffff7ffd040  →  0x00007ffff7ffe2e0  →  0x0000555555554000  →   jg 0x555555554047
$eflags: [zero CARRY parity ADJUST SIGN trap INTERRUPT direction overflow resume virtualx86 identification]
$cs: 0x33 $ss: 0x2b $ds: 0x00 $es: 0x00 $fs: 0x00 $gs: 0x00 
────────────────────────────────────────────────────────────────────────────────────────── stack ────
0x00007fffffffdca0│+0x0000: 0x0000000000000001   ← $rsp
0x00007fffffffdca8│+0x0008: 0x00000001ffffe0f8
0x00007fffffffdcb0│+0x0010: 0x00005555555592a0  →  0x0000000000000000
0x00007fffffffdcb8│+0x0018: 0x00007ffff7fd8dae  →  <_dl_runtime_resolve_xsavec+126> mov r11, rax
0x00007fffffffdcc0│+0x0020: 0x0000000000000000
0x00007fffffffdcc8│+0x0028: 0x0000555555557db0  →  0x0000555555555140  →  <__do_global_dtors_aux+0> endbr64 
0x00007fffffffdcd0│+0x0030: 0x00007fffffffe108  →  0x00007fffffffe434  →  "SHELL=/bin/bash"
0x00007fffffffdcd8│+0x0038: 0x0000000000000000
──────────────────────────────────────────────────────────────────────────────────── code:x86:64 ────
   0x5555555551a7 <main+30>        mov    DWORD PTR [rbp-0x334], 0x0
   0x5555555551b1 <main+40>        jmp    0x5555555551d7 <main+78>
   0x5555555551b3 <main+42>        mov    edi, 0x10000
 → 0x5555555551b8 <main+47>        call   0x555555555090 <malloc@plt>
   ↳  0x555555555090 <malloc@plt+0>   endbr64 
      0x555555555094 <malloc@plt+4>   bnd    jmp QWORD PTR [rip+0x2f35]        # 0x555555557fd0 <malloc@got.plt>
      0x55555555509b <malloc@plt+11>  nop    DWORD PTR [rax+rax*1+0x0]
      0x5555555550a0 <_start+0>       endbr64 
      0x5555555550a4 <_start+4>       xor    ebp, ebp
      0x5555555550a6 <_start+6>       mov    r9, rdx
──────────────────────────────────────────────────────────────────────────── arguments (guessed) ────
malloc@plt (
   $rdi = 0x0000000000010000,
   $rsi = 0x00005555555692a0 → 0x0000000000000000,
   $rdx = 0x00005555555592a0 → 0x0000000000000000
)
──────────────────────────────────────────────────────────────────────────────────────── threads ────
[#0] Id 1, Name: "systrim", stopped 0x5555555551b8 in main (), reason: BREAKPOINT
────────────────────────────────────────────────────────────────────────────────────────── trace ────
[#0] 0x5555555551b8 → main()
─────────────────────────────────────────────────────────────────────────────────────────────────────
gef➤  p main_arena
$1 = {
  mutex = 0x0,
  flags = 0x0,
  have_fastchunks = 0x0,
  fastbinsY = {0x0, 0x0, 0x0, 0x0, 0x0, 0x0, 0x0, 0x0, 0x0, 0x0},
  top = 0x5555555692a0,
  last_remainder = 0x0,
  bins = {0x7ffff7e19ce0 <main_arena+96>, 0x7ffff7e19ce0 <main_arena+96>, 0x7ffff7e19cf0 <main_arena+112>, 0x7ffff7e19cf0 <main_arena+112>, 0x7ffff7e19d00 <main_arena+128>, 0x7ffff7e19d00 <main_arena+128>, 0x7ffff7e19d10 <main_arena+144>, 0x7ffff7e19d10 <main_arena+144>, 0x7ffff7e19d20 <main_arena+160>, 0x7ffff7e19d20 <main_arena+160>, 0x7ffff7e19d30 <main_arena+176>, 0x7ffff7e19d30 <main_arena+176>, 0x7ffff7e19d40 <main_arena+192>, 0x7ffff7e19d40 <main_arena+192>, 0x7ffff7e19d50 <main_arena+208>, 0x7ffff7e19d50 <main_arena+208>, 0x7ffff7e19d60 <main_arena+224>, 0x7ffff7e19d60 <main_arena+224>, 0x7ffff7e19d70 <main_arena+240>, 0x7ffff7e19d70 <main_arena+240>, 0x7ffff7e19d80 <main_arena+256>, 0x7ffff7e19d80 <main_arena+256>, 0x7ffff7e19d90 <main_arena+272>, 0x7ffff7e19d90 <main_arena+272>, 0x7ffff7e19da0 <main_arena+288>, 0x7ffff7e19da0 <main_arena+288>, 0x7ffff7e19db0 <main_arena+304>, 0x7ffff7e19db0 <main_arena+304>, 0x7ffff7e19dc0 <main_arena+320>, 0x7ffff7e19dc0 <main_arena+320>, 0x7ffff7e19dd0 <main_arena+336>, 0x7ffff7e19dd0 <main_arena+336>, 0x7ffff7e19de0 <main_arena+352>, 0x7ffff7e19de0 <main_arena+352>, 0x7ffff7e19df0 <main_arena+368>, 0x7ffff7e19df0 <main_arena+368>, 0x7ffff7e19e00 <main_arena+384>, 0x7ffff7e19e00 <main_arena+384>, 0x7ffff7e19e10 <main_arena+400>, 0x7ffff7e19e10 <main_arena+400>, 0x7ffff7e19e20 <main_arena+416>, 0x7ffff7e19e20 <main_arena+416>, 0x7ffff7e19e30 <main_arena+432>, 0x7ffff7e19e30 <main_arena+432>, 0x7ffff7e19e40 <main_arena+448>, 0x7ffff7e19e40 <main_arena+448>, 0x7ffff7e19e50 <main_arena+464>, 0x7ffff7e19e50 <main_arena+464>, 0x7ffff7e19e60 <main_arena+480>, 0x7ffff7e19e60 <main_arena+480>, 0x7ffff7e19e70 <main_arena+496>, 0x7ffff7e19e70 <main_arena+496>, 0x7ffff7e19e80 <main_arena+512>, 0x7ffff7e19e80 <main_arena+512>, 0x7ffff7e19e90 <main_arena+528>, 0x7ffff7e19e90 <main_arena+528>, 0x7ffff7e19ea0 <main_arena+544>, 0x7ffff7e19ea0 <main_arena+544>, 0x7ffff7e19eb0 <main_arena+560>, 0x7ffff7e19eb0 <main_arena+560>, 0x7ffff7e19ec0 <main_arena+576>, 0x7ffff7e19ec0 <main_arena+576>, 0x7ffff7e19ed0 <main_arena+592>, 0x7ffff7e19ed0 <main_arena+592>, 0x7ffff7e19ee0 <main_arena+608>, 0x7ffff7e19ee0 <main_arena+608>, 0x7ffff7e19ef0 <main_arena+624>, 0x7ffff7e19ef0 <main_arena+624>, 0x7ffff7e19f00 <main_arena+640>, 0x7ffff7e19f00 <main_arena+640>, 0x7ffff7e19f10 <main_arena+656>, 0x7ffff7e19f10 <main_arena+656>, 0x7ffff7e19f20 <main_arena+672>, 0x7ffff7e19f20 <main_arena+672>, 0x7ffff7e19f30 <main_arena+688>, 0x7ffff7e19f30 <main_arena+688>, 0x7ffff7e19f40 <main_arena+704>, 0x7ffff7e19f40 <main_arena+704>, 0x7ffff7e19f50 <main_arena+720>, 0x7ffff7e19f50 <main_arena+720>, 0x7ffff7e19f60 <main_arena+736>, 0x7ffff7e19f60 <main_arena+736>, 0x7ffff7e19f70 <main_arena+752>, 0x7ffff7e19f70 <main_arena+752>, 0x7ffff7e19f80 <main_arena+768>, 0x7ffff7e19f80 <main_arena+768>, 0x7ffff7e19f90 <main_arena+784>, 0x7ffff7e19f90 <main_arena+784>, 0x7ffff7e19fa0 <main_arena+800>, 0x7ffff7e19fa0 <main_arena+800>, 0x7ffff7e19fb0 <main_arena+816>, 0x7ffff7e19fb0 <main_arena+816>, 0x7ffff7e19fc0 <main_arena+832>, 0x7ffff7e19fc0 <main_arena+832>, 0x7ffff7e19fd0 <main_arena+848>, 0x7ffff7e19fd0 <main_arena+848>, 0x7ffff7e19fe0 <main_arena+864>, 0x7ffff7e19fe0 <main_arena+864>, 0x7ffff7e19ff0 <main_arena+880>, 0x7ffff7e19ff0 <main_arena+880>, 0x7ffff7e1a000 <main_arena+896>, 0x7ffff7e1a000 <main_arena+896>, 0x7ffff7e1a010 <main_arena+912>, 0x7ffff7e1a010 <main_arena+912>, 0x7ffff7e1a020 <main_arena+928>, 0x7ffff7e1a020 <main_arena+928>, 0x7ffff7e1a030 <main_arena+944>, 0x7ffff7e1a030 <main_arena+944>, 0x7ffff7e1a040 <main_arena+960>, 0x7ffff7e1a040 <main_arena+960>, 0x7ffff7e1a050 <main_arena+976>, 0x7ffff7e1a050 <main_arena+976>, 0x7ffff7e1a060 <main_arena+992>, 0x7ffff7e1a060 <main_arena+992>, 0x7ffff7e1a070 <main_arena+1008>, 0x7ffff7e1a070 <main_arena+1008>, 0x7ffff7e1a080 <main_arena+1024>, 0x7ffff7e1a080 <main_arena+1024>, 0x7ffff7e1a090 <main_arena+1040>, 0x7ffff7e1a090 <main_arena+1040>, 0x7ffff7e1a0a0 <main_arena+1056>, 0x7ffff7e1a0a0 <main_arena+1056>, 0x7ffff7e1a0b0 <main_arena+1072>, 0x7ffff7e1a0b0 <main_arena+1072>, 0x7ffff7e1a0c0 <main_arena+1088>, 0x7ffff7e1a0c0 <main_arena+1088>, 0x7ffff7e1a0d0 <main_arena+1104>, 0x7ffff7e1a0d0 <main_arena+1104>, 0x7ffff7e1a0e0 <main_arena+1120>, 0x7ffff7e1a0e0 <main_arena+1120>, 0x7ffff7e1a0f0 <main_arena+1136>, 0x7ffff7e1a0f0 <main_arena+1136>, 0x7ffff7e1a100 <main_arena+1152>, 0x7ffff7e1a100 <main_arena+1152>, 0x7ffff7e1a110 <main_arena+1168>, 0x7ffff7e1a110 <main_arena+1168>, 0x7ffff7e1a120 <main_arena+1184>, 0x7ffff7e1a120 <main_arena+1184>, 0x7ffff7e1a130 <main_arena+1200>, 0x7ffff7e1a130 <main_arena+1200>, 0x7ffff7e1a140 <main_arena+1216>, 0x7ffff7e1a140 <main_arena+1216>, 0x7ffff7e1a150 <main_arena+1232>, 0x7ffff7e1a150 <main_arena+1232>, 0x7ffff7e1a160 <main_arena+1248>, 0x7ffff7e1a160 <main_arena+1248>, 0x7ffff7e1a170 <main_arena+1264>, 0x7ffff7e1a170 <main_arena+1264>, 0x7ffff7e1a180 <main_arena+1280>, 0x7ffff7e1a180 <main_arena+1280>, 0x7ffff7e1a190 <main_arena+1296>, 0x7ffff7e1a190 <main_arena+1296>, 0x7ffff7e1a1a0 <main_arena+1312>, 0x7ffff7e1a1a0 <main_arena+1312>, 0x7ffff7e1a1b0 <main_arena+1328>, 0x7ffff7e1a1b0 <main_arena+1328>, 0x7ffff7e1a1c0 <main_arena+1344>, 0x7ffff7e1a1c0 <main_arena+1344>, 0x7ffff7e1a1d0 <main_arena+1360>, 0x7ffff7e1a1d0 <main_arena+1360>, 0x7ffff7e1a1e0 <main_arena+1376>, 0x7ffff7e1a1e0 <main_arena+1376>, 0x7ffff7e1a1f0 <main_arena+1392>, 0x7ffff7e1a1f0 <main_arena+1392>, 0x7ffff7e1a200 <main_arena+1408>, 0x7ffff7e1a200 <main_arena+1408>, 0x7ffff7e1a210 <main_arena+1424>, 0x7ffff7e1a210 <main_arena+1424>, 0x7ffff7e1a220 <main_arena+1440>, 0x7ffff7e1a220 <main_arena+1440>, 0x7ffff7e1a230 <main_arena+1456>, 0x7ffff7e1a230 <main_arena+1456>, 0x7ffff7e1a240 <main_arena+1472>, 0x7ffff7e1a240 <main_arena+1472>, 0x7ffff7e1a250 <main_arena+1488>, 0x7ffff7e1a250 <main_arena+1488>, 0x7ffff7e1a260 <main_arena+1504>, 0x7ffff7e1a260 <main_arena+1504>, 0x7ffff7e1a270 <main_arena+1520>, 0x7ffff7e1a270 <main_arena+1520>, 0x7ffff7e1a280 <main_arena+1536>, 0x7ffff7e1a280 <main_arena+1536>, 0x7ffff7e1a290 <main_arena+1552>, 0x7ffff7e1a290 <main_arena+1552>, 0x7ffff7e1a2a0 <main_arena+1568>, 0x7ffff7e1a2a0 <main_arena+1568>, 0x7ffff7e1a2b0 <main_arena+1584>, 0x7ffff7e1a2b0 <main_arena+1584>, 0x7ffff7e1a2c0 <main_arena+1600>, 0x7ffff7e1a2c0 <main_arena+1600>, 0x7ffff7e1a2d0 <main_arena+1616>, 0x7ffff7e1a2d0 <main_arena+1616>, 0x7ffff7e1a2e0 <main_arena+1632>, 0x7ffff7e1a2e0 <main_arena+1632>, 0x7ffff7e1a2f0 <main_arena+1648>, 0x7ffff7e1a2f0 <main_arena+1648>, 0x7ffff7e1a300 <main_arena+1664>, 0x7ffff7e1a300 <main_arena+1664>, 0x7ffff7e1a310 <main_arena+1680>, 0x7ffff7e1a310 <main_arena+1680>, 0x7ffff7e1a320 <main_arena+1696>, 0x7ffff7e1a320 <main_arena+1696>, 0x7ffff7e1a330 <main_arena+1712>, 0x7ffff7e1a330 <main_arena+1712>, 0x7ffff7e1a340 <main_arena+1728>, 0x7ffff7e1a340 <main_arena+1728>, 0x7ffff7e1a350 <main_arena+1744>, 0x7ffff7e1a350 <main_arena+1744>, 0x7ffff7e1a360 <main_arena+1760>, 0x7ffff7e1a360 <main_arena+1760>, 0x7ffff7e1a370 <main_arena+1776>, 0x7ffff7e1a370 <main_arena+1776>, 0x7ffff7e1a380 <main_arena+1792>, 0x7ffff7e1a380 <main_arena+1792>, 0x7ffff7e1a390 <main_arena+1808>, 0x7ffff7e1a390 <main_arena+1808>, 0x7ffff7e1a3a0 <main_arena+1824>, 0x7ffff7e1a3a0 <main_arena+1824>, 0x7ffff7e1a3b0 <main_arena+1840>, 0x7ffff7e1a3b0 <main_arena+1840>, 0x7ffff7e1a3c0 <main_arena+1856>, 0x7ffff7e1a3c0 <main_arena+1856>, 0x7ffff7e1a3d0 <main_arena+1872>, 0x7ffff7e1a3d0 <main_arena+1872>, 0x7ffff7e1a3e0 <main_arena+1888>, 0x7ffff7e1a3e0 <main_arena+1888>, 0x7ffff7e1a3f0 <main_arena+1904>, 0x7ffff7e1a3f0 <main_arena+1904>, 0x7ffff7e1a400 <main_arena+1920>, 0x7ffff7e1a400 <main_arena+1920>, 0x7ffff7e1a410 <main_arena+1936>, 0x7ffff7e1a410 <main_arena+1936>, 0x7ffff7e1a420 <main_arena+1952>, 0x7ffff7e1a420 <main_arena+1952>, 0x7ffff7e1a430 <main_arena+1968>, 0x7ffff7e1a430 <main_arena+1968>, 0x7ffff7e1a440 <main_arena+1984>, 0x7ffff7e1a440 <main_arena+1984>, 0x7ffff7e1a450 <main_arena+2000>, 0x7ffff7e1a450 <main_arena+2000>, 0x7ffff7e1a460 <main_arena+2016>, 0x7ffff7e1a460 <main_arena+2016>, 0x7ffff7e1a470 <main_arena+2032>, 0x7ffff7e1a470 <main_arena+2032>, 0x7ffff7e1a480 <main_arena+2048>, 0x7ffff7e1a480 <main_arena+2048>, 0x7ffff7e1a490 <main_arena+2064>, 0x7ffff7e1a490 <main_arena+2064>, 0x7ffff7e1a4a0 <main_arena+2080>, 0x7ffff7e1a4a0 <main_arena+2080>, 0x7ffff7e1a4b0 <main_arena+2096>, 0x7ffff7e1a4b0 <main_arena+2096>, 0x7ffff7e1a4c0 <main_arena+2112>, 0x7ffff7e1a4c0 <main_arena+2112>},
  binmap = {0x0, 0x0, 0x0, 0x0},
  next = 0x7ffff7e19c80 <main_arena>,
  next_free = 0x0,
  attached_threads = 0x1,
  system_mem = 0x21000,
  max_system_mem = 0x21000
}
gef➤  c
Continuing.

Breakpoint 3, 0x00005555555551b8 in main ()

[ Legend: Modified register | Code | Heap | Stack | String ]
────────────────────────────────────────────────────────────────────────────────────── registers ────
$rax   : 0x1               
$rbx   : 0x0               
$rcx   : 0x10011           
$rdx   : 0x00005555555692b0  →  0x0000000000000000
$rsp   : 0x00007fffffffdca0  →  0x0000000000000001
$rbp   : 0x00007fffffffdfe0  →  0x0000000000000001
$rsi   : 0x00005555555792b0  →  0x0000000000000000
$rdi   : 0x10000           
$rip   : 0x00005555555551b8  →  <main+47> call 0x555555555090 <malloc@plt>
$r8    : 0x21001           
$r9    : 0x00005555555692b0  →  0x0000000000000000
$r10   : 0x79              
$r11   : 0x00007ffff7e19ce0  →  0x00005555555792b0  →  0x0000000000000000
$r12   : 0x00007fffffffe0f8  →  0x00007fffffffe3f9  →  "/Hackery/shogun/heap_demos/malloc/systrim[...]"
$r13   : 0x0000555555555189  →  <main+0> endbr64 
$r14   : 0x0000555555557db0  →  0x0000555555555140  →  <__do_global_dtors_aux+0> endbr64 
$r15   : 0x00007ffff7ffd040  →  0x00007ffff7ffe2e0  →  0x0000555555554000  →   jg 0x555555554047
$eflags: [zero CARRY PARITY ADJUST SIGN trap INTERRUPT direction overflow resume virtualx86 identification]
$cs: 0x33 $ss: 0x2b $ds: 0x00 $es: 0x00 $fs: 0x00 $gs: 0x00 
────────────────────────────────────────────────────────────────────────────────────────── stack ────
0x00007fffffffdca0│+0x0000: 0x0000000000000001   ← $rsp
0x00007fffffffdca8│+0x0008: 0x00000002ffffe0f8
0x00007fffffffdcb0│+0x0010: 0x00005555555592a0  →  0x0000000000000000
0x00007fffffffdcb8│+0x0018: 0x00005555555692b0  →  0x0000000000000000
0x00007fffffffdcc0│+0x0020: 0x0000000000000000
0x00007fffffffdcc8│+0x0028: 0x0000555555557db0  →  0x0000555555555140  →  <__do_global_dtors_aux+0> endbr64 
0x00007fffffffdcd0│+0x0030: 0x00007fffffffe108  →  0x00007fffffffe434  →  "SHELL=/bin/bash"
0x00007fffffffdcd8│+0x0038: 0x0000000000000000
──────────────────────────────────────────────────────────────────────────────────── code:x86:64 ────
   0x5555555551a7 <main+30>        mov    DWORD PTR [rbp-0x334], 0x0
   0x5555555551b1 <main+40>        jmp    0x5555555551d7 <main+78>
   0x5555555551b3 <main+42>        mov    edi, 0x10000
 → 0x5555555551b8 <main+47>        call   0x555555555090 <malloc@plt>
   ↳  0x555555555090 <malloc@plt+0>   endbr64 
      0x555555555094 <malloc@plt+4>   bnd    jmp QWORD PTR [rip+0x2f35]        # 0x555555557fd0 <malloc@got.plt>
      0x55555555509b <malloc@plt+11>  nop    DWORD PTR [rax+rax*1+0x0]
      0x5555555550a0 <_start+0>       endbr64 
      0x5555555550a4 <_start+4>       xor    ebp, ebp
      0x5555555550a6 <_start+6>       mov    r9, rdx
──────────────────────────────────────────────────────────────────────────── arguments (guessed) ────
malloc@plt (
   $rdi = 0x0000000000010000,
   $rsi = 0x00005555555792b0 → 0x0000000000000000,
   $rdx = 0x00005555555692b0 → 0x0000000000000000
)
──────────────────────────────────────────────────────────────────────────────────────── threads ────
[#0] Id 1, Name: "systrim", stopped 0x5555555551b8 in main (), reason: BREAKPOINT
────────────────────────────────────────────────────────────────────────────────────────── trace ────
[#0] 0x5555555551b8 → main()
─────────────────────────────────────────────────────────────────────────────────────────────────────
gef➤  p main_arena
$2 = {
  mutex = 0x0,
  flags = 0x0,
  have_fastchunks = 0x0,
  fastbinsY = {0x0, 0x0, 0x0, 0x0, 0x0, 0x0, 0x0, 0x0, 0x0, 0x0},
  top = 0x5555555792b0,
  last_remainder = 0x0,
  bins = {0x7ffff7e19ce0 <main_arena+96>, 0x7ffff7e19ce0 <main_arena+96>, 0x7ffff7e19cf0 <main_arena+112>, 0x7ffff7e19cf0 <main_arena+112>, 0x7ffff7e19d00 <main_arena+128>, 0x7ffff7e19d00 <main_arena+128>, 0x7ffff7e19d10 <main_arena+144>, 0x7ffff7e19d10 <main_arena+144>, 0x7ffff7e19d20 <main_arena+160>, 0x7ffff7e19d20 <main_arena+160>, 0x7ffff7e19d30 <main_arena+176>, 0x7ffff7e19d30 <main_arena+176>, 0x7ffff7e19d40 <main_arena+192>, 0x7ffff7e19d40 <main_arena+192>, 0x7ffff7e19d50 <main_arena+208>, 0x7ffff7e19d50 <main_arena+208>, 0x7ffff7e19d60 <main_arena+224>, 0x7ffff7e19d60 <main_arena+224>, 0x7ffff7e19d70 <main_arena+240>, 0x7ffff7e19d70 <main_arena+240>, 0x7ffff7e19d80 <main_arena+256>, 0x7ffff7e19d80 <main_arena+256>, 0x7ffff7e19d90 <main_arena+272>, 0x7ffff7e19d90 <main_arena+272>, 0x7ffff7e19da0 <main_arena+288>, 0x7ffff7e19da0 <main_arena+288>, 0x7ffff7e19db0 <main_arena+304>, 0x7ffff7e19db0 <main_arena+304>, 0x7ffff7e19dc0 <main_arena+320>, 0x7ffff7e19dc0 <main_arena+320>, 0x7ffff7e19dd0 <main_arena+336>, 0x7ffff7e19dd0 <main_arena+336>, 0x7ffff7e19de0 <main_arena+352>, 0x7ffff7e19de0 <main_arena+352>, 0x7ffff7e19df0 <main_arena+368>, 0x7ffff7e19df0 <main_arena+368>, 0x7ffff7e19e00 <main_arena+384>, 0x7ffff7e19e00 <main_arena+384>, 0x7ffff7e19e10 <main_arena+400>, 0x7ffff7e19e10 <main_arena+400>, 0x7ffff7e19e20 <main_arena+416>, 0x7ffff7e19e20 <main_arena+416>, 0x7ffff7e19e30 <main_arena+432>, 0x7ffff7e19e30 <main_arena+432>, 0x7ffff7e19e40 <main_arena+448>, 0x7ffff7e19e40 <main_arena+448>, 0x7ffff7e19e50 <main_arena+464>, 0x7ffff7e19e50 <main_arena+464>, 0x7ffff7e19e60 <main_arena+480>, 0x7ffff7e19e60 <main_arena+480>, 0x7ffff7e19e70 <main_arena+496>, 0x7ffff7e19e70 <main_arena+496>, 0x7ffff7e19e80 <main_arena+512>, 0x7ffff7e19e80 <main_arena+512>, 0x7ffff7e19e90 <main_arena+528>, 0x7ffff7e19e90 <main_arena+528>, 0x7ffff7e19ea0 <main_arena+544>, 0x7ffff7e19ea0 <main_arena+544>, 0x7ffff7e19eb0 <main_arena+560>, 0x7ffff7e19eb0 <main_arena+560>, 0x7ffff7e19ec0 <main_arena+576>, 0x7ffff7e19ec0 <main_arena+576>, 0x7ffff7e19ed0 <main_arena+592>, 0x7ffff7e19ed0 <main_arena+592>, 0x7ffff7e19ee0 <main_arena+608>, 0x7ffff7e19ee0 <main_arena+608>, 0x7ffff7e19ef0 <main_arena+624>, 0x7ffff7e19ef0 <main_arena+624>, 0x7ffff7e19f00 <main_arena+640>, 0x7ffff7e19f00 <main_arena+640>, 0x7ffff7e19f10 <main_arena+656>, 0x7ffff7e19f10 <main_arena+656>, 0x7ffff7e19f20 <main_arena+672>, 0x7ffff7e19f20 <main_arena+672>, 0x7ffff7e19f30 <main_arena+688>, 0x7ffff7e19f30 <main_arena+688>, 0x7ffff7e19f40 <main_arena+704>, 0x7ffff7e19f40 <main_arena+704>, 0x7ffff7e19f50 <main_arena+720>, 0x7ffff7e19f50 <main_arena+720>, 0x7ffff7e19f60 <main_arena+736>, 0x7ffff7e19f60 <main_arena+736>, 0x7ffff7e19f70 <main_arena+752>, 0x7ffff7e19f70 <main_arena+752>, 0x7ffff7e19f80 <main_arena+768>, 0x7ffff7e19f80 <main_arena+768>, 0x7ffff7e19f90 <main_arena+784>, 0x7ffff7e19f90 <main_arena+784>, 0x7ffff7e19fa0 <main_arena+800>, 0x7ffff7e19fa0 <main_arena+800>, 0x7ffff7e19fb0 <main_arena+816>, 0x7ffff7e19fb0 <main_arena+816>, 0x7ffff7e19fc0 <main_arena+832>, 0x7ffff7e19fc0 <main_arena+832>, 0x7ffff7e19fd0 <main_arena+848>, 0x7ffff7e19fd0 <main_arena+848>, 0x7ffff7e19fe0 <main_arena+864>, 0x7ffff7e19fe0 <main_arena+864>, 0x7ffff7e19ff0 <main_arena+880>, 0x7ffff7e19ff0 <main_arena+880>, 0x7ffff7e1a000 <main_arena+896>, 0x7ffff7e1a000 <main_arena+896>, 0x7ffff7e1a010 <main_arena+912>, 0x7ffff7e1a010 <main_arena+912>, 0x7ffff7e1a020 <main_arena+928>, 0x7ffff7e1a020 <main_arena+928>, 0x7ffff7e1a030 <main_arena+944>, 0x7ffff7e1a030 <main_arena+944>, 0x7ffff7e1a040 <main_arena+960>, 0x7ffff7e1a040 <main_arena+960>, 0x7ffff7e1a050 <main_arena+976>, 0x7ffff7e1a050 <main_arena+976>, 0x7ffff7e1a060 <main_arena+992>, 0x7ffff7e1a060 <main_arena+992>, 0x7ffff7e1a070 <main_arena+1008>, 0x7ffff7e1a070 <main_arena+1008>, 0x7ffff7e1a080 <main_arena+1024>, 0x7ffff7e1a080 <main_arena+1024>, 0x7ffff7e1a090 <main_arena+1040>, 0x7ffff7e1a090 <main_arena+1040>, 0x7ffff7e1a0a0 <main_arena+1056>, 0x7ffff7e1a0a0 <main_arena+1056>, 0x7ffff7e1a0b0 <main_arena+1072>, 0x7ffff7e1a0b0 <main_arena+1072>, 0x7ffff7e1a0c0 <main_arena+1088>, 0x7ffff7e1a0c0 <main_arena+1088>, 0x7ffff7e1a0d0 <main_arena+1104>, 0x7ffff7e1a0d0 <main_arena+1104>, 0x7ffff7e1a0e0 <main_arena+1120>, 0x7ffff7e1a0e0 <main_arena+1120>, 0x7ffff7e1a0f0 <main_arena+1136>, 0x7ffff7e1a0f0 <main_arena+1136>, 0x7ffff7e1a100 <main_arena+1152>, 0x7ffff7e1a100 <main_arena+1152>, 0x7ffff7e1a110 <main_arena+1168>, 0x7ffff7e1a110 <main_arena+1168>, 0x7ffff7e1a120 <main_arena+1184>, 0x7ffff7e1a120 <main_arena+1184>, 0x7ffff7e1a130 <main_arena+1200>, 0x7ffff7e1a130 <main_arena+1200>, 0x7ffff7e1a140 <main_arena+1216>, 0x7ffff7e1a140 <main_arena+1216>, 0x7ffff7e1a150 <main_arena+1232>, 0x7ffff7e1a150 <main_arena+1232>, 0x7ffff7e1a160 <main_arena+1248>, 0x7ffff7e1a160 <main_arena+1248>, 0x7ffff7e1a170 <main_arena+1264>, 0x7ffff7e1a170 <main_arena+1264>, 0x7ffff7e1a180 <main_arena+1280>, 0x7ffff7e1a180 <main_arena+1280>, 0x7ffff7e1a190 <main_arena+1296>, 0x7ffff7e1a190 <main_arena+1296>, 0x7ffff7e1a1a0 <main_arena+1312>, 0x7ffff7e1a1a0 <main_arena+1312>, 0x7ffff7e1a1b0 <main_arena+1328>, 0x7ffff7e1a1b0 <main_arena+1328>, 0x7ffff7e1a1c0 <main_arena+1344>, 0x7ffff7e1a1c0 <main_arena+1344>, 0x7ffff7e1a1d0 <main_arena+1360>, 0x7ffff7e1a1d0 <main_arena+1360>, 0x7ffff7e1a1e0 <main_arena+1376>, 0x7ffff7e1a1e0 <main_arena+1376>, 0x7ffff7e1a1f0 <main_arena+1392>, 0x7ffff7e1a1f0 <main_arena+1392>, 0x7ffff7e1a200 <main_arena+1408>, 0x7ffff7e1a200 <main_arena+1408>, 0x7ffff7e1a210 <main_arena+1424>, 0x7ffff7e1a210 <main_arena+1424>, 0x7ffff7e1a220 <main_arena+1440>, 0x7ffff7e1a220 <main_arena+1440>, 0x7ffff7e1a230 <main_arena+1456>, 0x7ffff7e1a230 <main_arena+1456>, 0x7ffff7e1a240 <main_arena+1472>, 0x7ffff7e1a240 <main_arena+1472>, 0x7ffff7e1a250 <main_arena+1488>, 0x7ffff7e1a250 <main_arena+1488>, 0x7ffff7e1a260 <main_arena+1504>, 0x7ffff7e1a260 <main_arena+1504>, 0x7ffff7e1a270 <main_arena+1520>, 0x7ffff7e1a270 <main_arena+1520>, 0x7ffff7e1a280 <main_arena+1536>, 0x7ffff7e1a280 <main_arena+1536>, 0x7ffff7e1a290 <main_arena+1552>, 0x7ffff7e1a290 <main_arena+1552>, 0x7ffff7e1a2a0 <main_arena+1568>, 0x7ffff7e1a2a0 <main_arena+1568>, 0x7ffff7e1a2b0 <main_arena+1584>, 0x7ffff7e1a2b0 <main_arena+1584>, 0x7ffff7e1a2c0 <main_arena+1600>, 0x7ffff7e1a2c0 <main_arena+1600>, 0x7ffff7e1a2d0 <main_arena+1616>, 0x7ffff7e1a2d0 <main_arena+1616>, 0x7ffff7e1a2e0 <main_arena+1632>, 0x7ffff7e1a2e0 <main_arena+1632>, 0x7ffff7e1a2f0 <main_arena+1648>, 0x7ffff7e1a2f0 <main_arena+1648>, 0x7ffff7e1a300 <main_arena+1664>, 0x7ffff7e1a300 <main_arena+1664>, 0x7ffff7e1a310 <main_arena+1680>, 0x7ffff7e1a310 <main_arena+1680>, 0x7ffff7e1a320 <main_arena+1696>, 0x7ffff7e1a320 <main_arena+1696>, 0x7ffff7e1a330 <main_arena+1712>, 0x7ffff7e1a330 <main_arena+1712>, 0x7ffff7e1a340 <main_arena+1728>, 0x7ffff7e1a340 <main_arena+1728>, 0x7ffff7e1a350 <main_arena+1744>, 0x7ffff7e1a350 <main_arena+1744>, 0x7ffff7e1a360 <main_arena+1760>, 0x7ffff7e1a360 <main_arena+1760>, 0x7ffff7e1a370 <main_arena+1776>, 0x7ffff7e1a370 <main_arena+1776>, 0x7ffff7e1a380 <main_arena+1792>, 0x7ffff7e1a380 <main_arena+1792>, 0x7ffff7e1a390 <main_arena+1808>, 0x7ffff7e1a390 <main_arena+1808>, 0x7ffff7e1a3a0 <main_arena+1824>, 0x7ffff7e1a3a0 <main_arena+1824>, 0x7ffff7e1a3b0 <main_arena+1840>, 0x7ffff7e1a3b0 <main_arena+1840>, 0x7ffff7e1a3c0 <main_arena+1856>, 0x7ffff7e1a3c0 <main_arena+1856>, 0x7ffff7e1a3d0 <main_arena+1872>, 0x7ffff7e1a3d0 <main_arena+1872>, 0x7ffff7e1a3e0 <main_arena+1888>, 0x7ffff7e1a3e0 <main_arena+1888>, 0x7ffff7e1a3f0 <main_arena+1904>, 0x7ffff7e1a3f0 <main_arena+1904>, 0x7ffff7e1a400 <main_arena+1920>, 0x7ffff7e1a400 <main_arena+1920>, 0x7ffff7e1a410 <main_arena+1936>, 0x7ffff7e1a410 <main_arena+1936>, 0x7ffff7e1a420 <main_arena+1952>, 0x7ffff7e1a420 <main_arena+1952>, 0x7ffff7e1a430 <main_arena+1968>, 0x7ffff7e1a430 <main_arena+1968>, 0x7ffff7e1a440 <main_arena+1984>, 0x7ffff7e1a440 <main_arena+1984>, 0x7ffff7e1a450 <main_arena+2000>, 0x7ffff7e1a450 <main_arena+2000>, 0x7ffff7e1a460 <main_arena+2016>, 0x7ffff7e1a460 <main_arena+2016>, 0x7ffff7e1a470 <main_arena+2032>, 0x7ffff7e1a470 <main_arena+2032>, 0x7ffff7e1a480 <main_arena+2048>, 0x7ffff7e1a480 <main_arena+2048>, 0x7ffff7e1a490 <main_arena+2064>, 0x7ffff7e1a490 <main_arena+2064>, 0x7ffff7e1a4a0 <main_arena+2080>, 0x7ffff7e1a4a0 <main_arena+2080>, 0x7ffff7e1a4b0 <main_arena+2096>, 0x7ffff7e1a4b0 <main_arena+2096>, 0x7ffff7e1a4c0 <main_arena+2112>, 0x7ffff7e1a4c0 <main_arena+2112>},
  binmap = {0x0, 0x0, 0x0, 0x0},
  next = 0x7ffff7e19c80 <main_arena>,
  next_free = 0x0,
  attached_threads = 0x1,
  system_mem = 0x21000,
  max_system_mem = 0x21000
}
gef➤  c
Continuing.

Breakpoint 3, 0x00005555555551b8 in main ()

[ Legend: Modified register | Code | Heap | Stack | String ]
────────────────────────────────────────────────────────────────────────────────────── registers ────
$rax   : 0x2               
$rbx   : 0x0               
$rcx   : 0x00005555555792b0  →  0x0000000000000000
$rdx   : 0x00005555555792c0  →  0x0000000000000000
$rsp   : 0x00007fffffffdca0  →  0x0000000000000001
$rbp   : 0x00007fffffffdfe0  →  0x0000000000000001
$rsi   : 0x00005555555892c0  →  0x0000000000000000
$rdi   : 0x10000           
$rip   : 0x00005555555551b8  →  <main+47> call 0x555555555090 <malloc@plt>
$r8    : 0x0               
$r9    : 0x00005555555792c0  →  0x0000000000000000
$r10   : 0x000055555557a000  →  0x0000000000000000
$r11   : 0x206             
$r12   : 0x00007fffffffe0f8  →  0x00007fffffffe3f9  →  "/Hackery/shogun/heap_demos/malloc/systrim[...]"
$r13   : 0x0000555555555189  →  <main+0> endbr64 
$r14   : 0x0000555555557db0  →  0x0000555555555140  →  <__do_global_dtors_aux+0> endbr64 
$r15   : 0x00007ffff7ffd040  →  0x00007ffff7ffe2e0  →  0x0000555555554000  →   jg 0x555555554047
$eflags: [zero CARRY PARITY ADJUST SIGN trap INTERRUPT direction overflow resume virtualx86 identification]
$cs: 0x33 $ss: 0x2b $ds: 0x00 $es: 0x00 $fs: 0x00 $gs: 0x00 
────────────────────────────────────────────────────────────────────────────────────────── stack ────
0x00007fffffffdca0│+0x0000: 0x0000000000000001   ← $rsp
0x00007fffffffdca8│+0x0008: 0x00000003ffffe0f8
0x00007fffffffdcb0│+0x0010: 0x00005555555592a0  →  0x0000000000000000
0x00007fffffffdcb8│+0x0018: 0x00005555555692b0  →  0x0000000000000000
0x00007fffffffdcc0│+0x0020: 0x00005555555792c0  →  0x0000000000000000
0x00007fffffffdcc8│+0x0028: 0x0000555555557db0  →  0x0000555555555140  →  <__do_global_dtors_aux+0> endbr64 
0x00007fffffffdcd0│+0x0030: 0x00007fffffffe108  →  0x00007fffffffe434  →  "SHELL=/bin/bash"
0x00007fffffffdcd8│+0x0038: 0x0000000000000000
──────────────────────────────────────────────────────────────────────────────────── code:x86:64 ────
   0x5555555551a7 <main+30>        mov    DWORD PTR [rbp-0x334], 0x0
   0x5555555551b1 <main+40>        jmp    0x5555555551d7 <main+78>
   0x5555555551b3 <main+42>        mov    edi, 0x10000
 → 0x5555555551b8 <main+47>        call   0x555555555090 <malloc@plt>
   ↳  0x555555555090 <malloc@plt+0>   endbr64 
      0x555555555094 <malloc@plt+4>   bnd    jmp QWORD PTR [rip+0x2f35]        # 0x555555557fd0 <malloc@got.plt>
      0x55555555509b <malloc@plt+11>  nop    DWORD PTR [rax+rax*1+0x0]
      0x5555555550a0 <_start+0>       endbr64 
      0x5555555550a4 <_start+4>       xor    ebp, ebp
      0x5555555550a6 <_start+6>       mov    r9, rdx
──────────────────────────────────────────────────────────────────────────── arguments (guessed) ────
malloc@plt (
   $rdi = 0x0000000000010000,
   $rsi = 0x00005555555892c0 → 0x0000000000000000,
   $rdx = 0x00005555555792c0 → 0x0000000000000000
)
──────────────────────────────────────────────────────────────────────────────────────── threads ────
[#0] Id 1, Name: "systrim", stopped 0x5555555551b8 in main (), reason: BREAKPOINT
────────────────────────────────────────────────────────────────────────────────────────── trace ────
[#0] 0x5555555551b8 → main()
─────────────────────────────────────────────────────────────────────────────────────────────────────
gef➤  p main_arena
$3 = {
  mutex = 0x0,
  flags = 0x0,
  have_fastchunks = 0x0,
  fastbinsY = {0x0, 0x0, 0x0, 0x0, 0x0, 0x0, 0x0, 0x0, 0x0, 0x0},
  top = 0x5555555892c0,
  last_remainder = 0x0,
  bins = {0x7ffff7e19ce0 <main_arena+96>, 0x7ffff7e19ce0 <main_arena+96>, 0x7ffff7e19cf0 <main_arena+112>, 0x7ffff7e19cf0 <main_arena+112>, 0x7ffff7e19d00 <main_arena+128>, 0x7ffff7e19d00 <main_arena+128>, 0x7ffff7e19d10 <main_arena+144>, 0x7ffff7e19d10 <main_arena+144>, 0x7ffff7e19d20 <main_arena+160>, 0x7ffff7e19d20 <main_arena+160>, 0x7ffff7e19d30 <main_arena+176>, 0x7ffff7e19d30 <main_arena+176>, 0x7ffff7e19d40 <main_arena+192>, 0x7ffff7e19d40 <main_arena+192>, 0x7ffff7e19d50 <main_arena+208>, 0x7ffff7e19d50 <main_arena+208>, 0x7ffff7e19d60 <main_arena+224>, 0x7ffff7e19d60 <main_arena+224>, 0x7ffff7e19d70 <main_arena+240>, 0x7ffff7e19d70 <main_arena+240>, 0x7ffff7e19d80 <main_arena+256>, 0x7ffff7e19d80 <main_arena+256>, 0x7ffff7e19d90 <main_arena+272>, 0x7ffff7e19d90 <main_arena+272>, 0x7ffff7e19da0 <main_arena+288>, 0x7ffff7e19da0 <main_arena+288>, 0x7ffff7e19db0 <main_arena+304>, 0x7ffff7e19db0 <main_arena+304>, 0x7ffff7e19dc0 <main_arena+320>, 0x7ffff7e19dc0 <main_arena+320>, 0x7ffff7e19dd0 <main_arena+336>, 0x7ffff7e19dd0 <main_arena+336>, 0x7ffff7e19de0 <main_arena+352>, 0x7ffff7e19de0 <main_arena+352>, 0x7ffff7e19df0 <main_arena+368>, 0x7ffff7e19df0 <main_arena+368>, 0x7ffff7e19e00 <main_arena+384>, 0x7ffff7e19e00 <main_arena+384>, 0x7ffff7e19e10 <main_arena+400>, 0x7ffff7e19e10 <main_arena+400>, 0x7ffff7e19e20 <main_arena+416>, 0x7ffff7e19e20 <main_arena+416>, 0x7ffff7e19e30 <main_arena+432>, 0x7ffff7e19e30 <main_arena+432>, 0x7ffff7e19e40 <main_arena+448>, 0x7ffff7e19e40 <main_arena+448>, 0x7ffff7e19e50 <main_arena+464>, 0x7ffff7e19e50 <main_arena+464>, 0x7ffff7e19e60 <main_arena+480>, 0x7ffff7e19e60 <main_arena+480>, 0x7ffff7e19e70 <main_arena+496>, 0x7ffff7e19e70 <main_arena+496>, 0x7ffff7e19e80 <main_arena+512>, 0x7ffff7e19e80 <main_arena+512>, 0x7ffff7e19e90 <main_arena+528>, 0x7ffff7e19e90 <main_arena+528>, 0x7ffff7e19ea0 <main_arena+544>, 0x7ffff7e19ea0 <main_arena+544>, 0x7ffff7e19eb0 <main_arena+560>, 0x7ffff7e19eb0 <main_arena+560>, 0x7ffff7e19ec0 <main_arena+576>, 0x7ffff7e19ec0 <main_arena+576>, 0x7ffff7e19ed0 <main_arena+592>, 0x7ffff7e19ed0 <main_arena+592>, 0x7ffff7e19ee0 <main_arena+608>, 0x7ffff7e19ee0 <main_arena+608>, 0x7ffff7e19ef0 <main_arena+624>, 0x7ffff7e19ef0 <main_arena+624>, 0x7ffff7e19f00 <main_arena+640>, 0x7ffff7e19f00 <main_arena+640>, 0x7ffff7e19f10 <main_arena+656>, 0x7ffff7e19f10 <main_arena+656>, 0x7ffff7e19f20 <main_arena+672>, 0x7ffff7e19f20 <main_arena+672>, 0x7ffff7e19f30 <main_arena+688>, 0x7ffff7e19f30 <main_arena+688>, 0x7ffff7e19f40 <main_arena+704>, 0x7ffff7e19f40 <main_arena+704>, 0x7ffff7e19f50 <main_arena+720>, 0x7ffff7e19f50 <main_arena+720>, 0x7ffff7e19f60 <main_arena+736>, 0x7ffff7e19f60 <main_arena+736>, 0x7ffff7e19f70 <main_arena+752>, 0x7ffff7e19f70 <main_arena+752>, 0x7ffff7e19f80 <main_arena+768>, 0x7ffff7e19f80 <main_arena+768>, 0x7ffff7e19f90 <main_arena+784>, 0x7ffff7e19f90 <main_arena+784>, 0x7ffff7e19fa0 <main_arena+800>, 0x7ffff7e19fa0 <main_arena+800>, 0x7ffff7e19fb0 <main_arena+816>, 0x7ffff7e19fb0 <main_arena+816>, 0x7ffff7e19fc0 <main_arena+832>, 0x7ffff7e19fc0 <main_arena+832>, 0x7ffff7e19fd0 <main_arena+848>, 0x7ffff7e19fd0 <main_arena+848>, 0x7ffff7e19fe0 <main_arena+864>, 0x7ffff7e19fe0 <main_arena+864>, 0x7ffff7e19ff0 <main_arena+880>, 0x7ffff7e19ff0 <main_arena+880>, 0x7ffff7e1a000 <main_arena+896>, 0x7ffff7e1a000 <main_arena+896>, 0x7ffff7e1a010 <main_arena+912>, 0x7ffff7e1a010 <main_arena+912>, 0x7ffff7e1a020 <main_arena+928>, 0x7ffff7e1a020 <main_arena+928>, 0x7ffff7e1a030 <main_arena+944>, 0x7ffff7e1a030 <main_arena+944>, 0x7ffff7e1a040 <main_arena+960>, 0x7ffff7e1a040 <main_arena+960>, 0x7ffff7e1a050 <main_arena+976>, 0x7ffff7e1a050 <main_arena+976>, 0x7ffff7e1a060 <main_arena+992>, 0x7ffff7e1a060 <main_arena+992>, 0x7ffff7e1a070 <main_arena+1008>, 0x7ffff7e1a070 <main_arena+1008>, 0x7ffff7e1a080 <main_arena+1024>, 0x7ffff7e1a080 <main_arena+1024>, 0x7ffff7e1a090 <main_arena+1040>, 0x7ffff7e1a090 <main_arena+1040>, 0x7ffff7e1a0a0 <main_arena+1056>, 0x7ffff7e1a0a0 <main_arena+1056>, 0x7ffff7e1a0b0 <main_arena+1072>, 0x7ffff7e1a0b0 <main_arena+1072>, 0x7ffff7e1a0c0 <main_arena+1088>, 0x7ffff7e1a0c0 <main_arena+1088>, 0x7ffff7e1a0d0 <main_arena+1104>, 0x7ffff7e1a0d0 <main_arena+1104>, 0x7ffff7e1a0e0 <main_arena+1120>, 0x7ffff7e1a0e0 <main_arena+1120>, 0x7ffff7e1a0f0 <main_arena+1136>, 0x7ffff7e1a0f0 <main_arena+1136>, 0x7ffff7e1a100 <main_arena+1152>, 0x7ffff7e1a100 <main_arena+1152>, 0x7ffff7e1a110 <main_arena+1168>, 0x7ffff7e1a110 <main_arena+1168>, 0x7ffff7e1a120 <main_arena+1184>, 0x7ffff7e1a120 <main_arena+1184>, 0x7ffff7e1a130 <main_arena+1200>, 0x7ffff7e1a130 <main_arena+1200>, 0x7ffff7e1a140 <main_arena+1216>, 0x7ffff7e1a140 <main_arena+1216>, 0x7ffff7e1a150 <main_arena+1232>, 0x7ffff7e1a150 <main_arena+1232>, 0x7ffff7e1a160 <main_arena+1248>, 0x7ffff7e1a160 <main_arena+1248>, 0x7ffff7e1a170 <main_arena+1264>, 0x7ffff7e1a170 <main_arena+1264>, 0x7ffff7e1a180 <main_arena+1280>, 0x7ffff7e1a180 <main_arena+1280>, 0x7ffff7e1a190 <main_arena+1296>, 0x7ffff7e1a190 <main_arena+1296>, 0x7ffff7e1a1a0 <main_arena+1312>, 0x7ffff7e1a1a0 <main_arena+1312>, 0x7ffff7e1a1b0 <main_arena+1328>, 0x7ffff7e1a1b0 <main_arena+1328>, 0x7ffff7e1a1c0 <main_arena+1344>, 0x7ffff7e1a1c0 <main_arena+1344>, 0x7ffff7e1a1d0 <main_arena+1360>, 0x7ffff7e1a1d0 <main_arena+1360>, 0x7ffff7e1a1e0 <main_arena+1376>, 0x7ffff7e1a1e0 <main_arena+1376>, 0x7ffff7e1a1f0 <main_arena+1392>, 0x7ffff7e1a1f0 <main_arena+1392>, 0x7ffff7e1a200 <main_arena+1408>, 0x7ffff7e1a200 <main_arena+1408>, 0x7ffff7e1a210 <main_arena+1424>, 0x7ffff7e1a210 <main_arena+1424>, 0x7ffff7e1a220 <main_arena+1440>, 0x7ffff7e1a220 <main_arena+1440>, 0x7ffff7e1a230 <main_arena+1456>, 0x7ffff7e1a230 <main_arena+1456>, 0x7ffff7e1a240 <main_arena+1472>, 0x7ffff7e1a240 <main_arena+1472>, 0x7ffff7e1a250 <main_arena+1488>, 0x7ffff7e1a250 <main_arena+1488>, 0x7ffff7e1a260 <main_arena+1504>, 0x7ffff7e1a260 <main_arena+1504>, 0x7ffff7e1a270 <main_arena+1520>, 0x7ffff7e1a270 <main_arena+1520>, 0x7ffff7e1a280 <main_arena+1536>, 0x7ffff7e1a280 <main_arena+1536>, 0x7ffff7e1a290 <main_arena+1552>, 0x7ffff7e1a290 <main_arena+1552>, 0x7ffff7e1a2a0 <main_arena+1568>, 0x7ffff7e1a2a0 <main_arena+1568>, 0x7ffff7e1a2b0 <main_arena+1584>, 0x7ffff7e1a2b0 <main_arena+1584>, 0x7ffff7e1a2c0 <main_arena+1600>, 0x7ffff7e1a2c0 <main_arena+1600>, 0x7ffff7e1a2d0 <main_arena+1616>, 0x7ffff7e1a2d0 <main_arena+1616>, 0x7ffff7e1a2e0 <main_arena+1632>, 0x7ffff7e1a2e0 <main_arena+1632>, 0x7ffff7e1a2f0 <main_arena+1648>, 0x7ffff7e1a2f0 <main_arena+1648>, 0x7ffff7e1a300 <main_arena+1664>, 0x7ffff7e1a300 <main_arena+1664>, 0x7ffff7e1a310 <main_arena+1680>, 0x7ffff7e1a310 <main_arena+1680>, 0x7ffff7e1a320 <main_arena+1696>, 0x7ffff7e1a320 <main_arena+1696>, 0x7ffff7e1a330 <main_arena+1712>, 0x7ffff7e1a330 <main_arena+1712>, 0x7ffff7e1a340 <main_arena+1728>, 0x7ffff7e1a340 <main_arena+1728>, 0x7ffff7e1a350 <main_arena+1744>, 0x7ffff7e1a350 <main_arena+1744>, 0x7ffff7e1a360 <main_arena+1760>, 0x7ffff7e1a360 <main_arena+1760>, 0x7ffff7e1a370 <main_arena+1776>, 0x7ffff7e1a370 <main_arena+1776>, 0x7ffff7e1a380 <main_arena+1792>, 0x7ffff7e1a380 <main_arena+1792>, 0x7ffff7e1a390 <main_arena+1808>, 0x7ffff7e1a390 <main_arena+1808>, 0x7ffff7e1a3a0 <main_arena+1824>, 0x7ffff7e1a3a0 <main_arena+1824>, 0x7ffff7e1a3b0 <main_arena+1840>, 0x7ffff7e1a3b0 <main_arena+1840>, 0x7ffff7e1a3c0 <main_arena+1856>, 0x7ffff7e1a3c0 <main_arena+1856>, 0x7ffff7e1a3d0 <main_arena+1872>, 0x7ffff7e1a3d0 <main_arena+1872>, 0x7ffff7e1a3e0 <main_arena+1888>, 0x7ffff7e1a3e0 <main_arena+1888>, 0x7ffff7e1a3f0 <main_arena+1904>, 0x7ffff7e1a3f0 <main_arena+1904>, 0x7ffff7e1a400 <main_arena+1920>, 0x7ffff7e1a400 <main_arena+1920>, 0x7ffff7e1a410 <main_arena+1936>, 0x7ffff7e1a410 <main_arena+1936>, 0x7ffff7e1a420 <main_arena+1952>, 0x7ffff7e1a420 <main_arena+1952>, 0x7ffff7e1a430 <main_arena+1968>, 0x7ffff7e1a430 <main_arena+1968>, 0x7ffff7e1a440 <main_arena+1984>, 0x7ffff7e1a440 <main_arena+1984>, 0x7ffff7e1a450 <main_arena+2000>, 0x7ffff7e1a450 <main_arena+2000>, 0x7ffff7e1a460 <main_arena+2016>, 0x7ffff7e1a460 <main_arena+2016>, 0x7ffff7e1a470 <main_arena+2032>, 0x7ffff7e1a470 <main_arena+2032>, 0x7ffff7e1a480 <main_arena+2048>, 0x7ffff7e1a480 <main_arena+2048>, 0x7ffff7e1a490 <main_arena+2064>, 0x7ffff7e1a490 <main_arena+2064>, 0x7ffff7e1a4a0 <main_arena+2080>, 0x7ffff7e1a4a0 <main_arena+2080>, 0x7ffff7e1a4b0 <main_arena+2096>, 0x7ffff7e1a4b0 <main_arena+2096>, 0x7ffff7e1a4c0 <main_arena+2112>, 0x7ffff7e1a4c0 <main_arena+2112>},
  binmap = {0x0, 0x0, 0x0, 0x0},
  next = 0x7ffff7e19c80 <main_arena>,
  next_free = 0x0,
  attached_threads = 0x1,
  system_mem = 0x51000,
  max_system_mem = 0x51000
}
gef➤  c
Continuing.

Breakpoint 3, 0x00005555555551b8 in main ()

[ Legend: Modified register | Code | Heap | Stack | String ]
────────────────────────────────────────────────────────────────────────────────────── registers ────
$rax   : 0x3               
$rbx   : 0x0               
$rcx   : 0x10011           
$rdx   : 0x00005555555892d0  →  0x0000000000000000
$rsp   : 0x00007fffffffdca0  →  0x0000000000000001
$rbp   : 0x00007fffffffdfe0  →  0x0000000000000001
$rsi   : 0x00005555555992d0  →  0x0000000000000000
$rdi   : 0x10000           
$rip   : 0x00005555555551b8  →  <main+47> call 0x555555555090 <malloc@plt>
$r8    : 0x0               
$r9    : 0x00005555555892d0  →  0x0000000000000000
$r10   : 0x79              
$r11   : 0x00007ffff7e19ce0  →  0x00005555555992d0  →  0x0000000000000000
$r12   : 0x00007fffffffe0f8  →  0x00007fffffffe3f9  →  "/Hackery/shogun/heap_demos/malloc/systrim[...]"
$r13   : 0x0000555555555189  →  <main+0> endbr64 
$r14   : 0x0000555555557db0  →  0x0000555555555140  →  <__do_global_dtors_aux+0> endbr64 
$r15   : 0x00007ffff7ffd040  →  0x00007ffff7ffe2e0  →  0x0000555555554000  →   jg 0x555555554047
$eflags: [zero CARRY parity ADJUST SIGN trap INTERRUPT direction overflow resume virtualx86 identification]
$cs: 0x33 $ss: 0x2b $ds: 0x00 $es: 0x00 $fs: 0x00 $gs: 0x00 
────────────────────────────────────────────────────────────────────────────────────────── stack ────
0x00007fffffffdca0│+0x0000: 0x0000000000000001   ← $rsp
0x00007fffffffdca8│+0x0008: 0x00000004ffffe0f8
0x00007fffffffdcb0│+0x0010: 0x00005555555592a0  →  0x0000000000000000
0x00007fffffffdcb8│+0x0018: 0x00005555555692b0  →  0x0000000000000000
0x00007fffffffdcc0│+0x0020: 0x00005555555792c0  →  0x0000000000000000
0x00007fffffffdcc8│+0x0028: 0x00005555555892d0  →  0x0000000000000000
0x00007fffffffdcd0│+0x0030: 0x00007fffffffe108  →  0x00007fffffffe434  →  "SHELL=/bin/bash"
0x00007fffffffdcd8│+0x0038: 0x0000000000000000
──────────────────────────────────────────────────────────────────────────────────── code:x86:64 ────
   0x5555555551a7 <main+30>        mov    DWORD PTR [rbp-0x334], 0x0
   0x5555555551b1 <main+40>        jmp    0x5555555551d7 <main+78>
   0x5555555551b3 <main+42>        mov    edi, 0x10000
 → 0x5555555551b8 <main+47>        call   0x555555555090 <malloc@plt>
   ↳  0x555555555090 <malloc@plt+0>   endbr64 
      0x555555555094 <malloc@plt+4>   bnd    jmp QWORD PTR [rip+0x2f35]        # 0x555555557fd0 <malloc@got.plt>
      0x55555555509b <malloc@plt+11>  nop    DWORD PTR [rax+rax*1+0x0]
      0x5555555550a0 <_start+0>       endbr64 
      0x5555555550a4 <_start+4>       xor    ebp, ebp
      0x5555555550a6 <_start+6>       mov    r9, rdx
──────────────────────────────────────────────────────────────────────────── arguments (guessed) ────
malloc@plt (
   $rdi = 0x0000000000010000,
   $rsi = 0x00005555555992d0 → 0x0000000000000000,
   $rdx = 0x00005555555892d0 → 0x0000000000000000
)
──────────────────────────────────────────────────────────────────────────────────────── threads ────
[#0] Id 1, Name: "systrim", stopped 0x5555555551b8 in main (), reason: BREAKPOINT
────────────────────────────────────────────────────────────────────────────────────────── trace ────
[#0] 0x5555555551b8 → main()
─────────────────────────────────────────────────────────────────────────────────────────────────────
gef➤  p main_arena
$4 = {
  mutex = 0x0,
  flags = 0x0,
  have_fastchunks = 0x0,
  fastbinsY = {0x0, 0x0, 0x0, 0x0, 0x0, 0x0, 0x0, 0x0, 0x0, 0x0},
  top = 0x5555555992d0,
  last_remainder = 0x0,
  bins = {0x7ffff7e19ce0 <main_arena+96>, 0x7ffff7e19ce0 <main_arena+96>, 0x7ffff7e19cf0 <main_arena+112>, 0x7ffff7e19cf0 <main_arena+112>, 0x7ffff7e19d00 <main_arena+128>, 0x7ffff7e19d00 <main_arena+128>, 0x7ffff7e19d10 <main_arena+144>, 0x7ffff7e19d10 <main_arena+144>, 0x7ffff7e19d20 <main_arena+160>, 0x7ffff7e19d20 <main_arena+160>, 0x7ffff7e19d30 <main_arena+176>, 0x7ffff7e19d30 <main_arena+176>, 0x7ffff7e19d40 <main_arena+192>, 0x7ffff7e19d40 <main_arena+192>, 0x7ffff7e19d50 <main_arena+208>, 0x7ffff7e19d50 <main_arena+208>, 0x7ffff7e19d60 <main_arena+224>, 0x7ffff7e19d60 <main_arena+224>, 0x7ffff7e19d70 <main_arena+240>, 0x7ffff7e19d70 <main_arena+240>, 0x7ffff7e19d80 <main_arena+256>, 0x7ffff7e19d80 <main_arena+256>, 0x7ffff7e19d90 <main_arena+272>, 0x7ffff7e19d90 <main_arena+272>, 0x7ffff7e19da0 <main_arena+288>, 0x7ffff7e19da0 <main_arena+288>, 0x7ffff7e19db0 <main_arena+304>, 0x7ffff7e19db0 <main_arena+304>, 0x7ffff7e19dc0 <main_arena+320>, 0x7ffff7e19dc0 <main_arena+320>, 0x7ffff7e19dd0 <main_arena+336>, 0x7ffff7e19dd0 <main_arena+336>, 0x7ffff7e19de0 <main_arena+352>, 0x7ffff7e19de0 <main_arena+352>, 0x7ffff7e19df0 <main_arena+368>, 0x7ffff7e19df0 <main_arena+368>, 0x7ffff7e19e00 <main_arena+384>, 0x7ffff7e19e00 <main_arena+384>, 0x7ffff7e19e10 <main_arena+400>, 0x7ffff7e19e10 <main_arena+400>, 0x7ffff7e19e20 <main_arena+416>, 0x7ffff7e19e20 <main_arena+416>, 0x7ffff7e19e30 <main_arena+432>, 0x7ffff7e19e30 <main_arena+432>, 0x7ffff7e19e40 <main_arena+448>, 0x7ffff7e19e40 <main_arena+448>, 0x7ffff7e19e50 <main_arena+464>, 0x7ffff7e19e50 <main_arena+464>, 0x7ffff7e19e60 <main_arena+480>, 0x7ffff7e19e60 <main_arena+480>, 0x7ffff7e19e70 <main_arena+496>, 0x7ffff7e19e70 <main_arena+496>, 0x7ffff7e19e80 <main_arena+512>, 0x7ffff7e19e80 <main_arena+512>, 0x7ffff7e19e90 <main_arena+528>, 0x7ffff7e19e90 <main_arena+528>, 0x7ffff7e19ea0 <main_arena+544>, 0x7ffff7e19ea0 <main_arena+544>, 0x7ffff7e19eb0 <main_arena+560>, 0x7ffff7e19eb0 <main_arena+560>, 0x7ffff7e19ec0 <main_arena+576>, 0x7ffff7e19ec0 <main_arena+576>, 0x7ffff7e19ed0 <main_arena+592>, 0x7ffff7e19ed0 <main_arena+592>, 0x7ffff7e19ee0 <main_arena+608>, 0x7ffff7e19ee0 <main_arena+608>, 0x7ffff7e19ef0 <main_arena+624>, 0x7ffff7e19ef0 <main_arena+624>, 0x7ffff7e19f00 <main_arena+640>, 0x7ffff7e19f00 <main_arena+640>, 0x7ffff7e19f10 <main_arena+656>, 0x7ffff7e19f10 <main_arena+656>, 0x7ffff7e19f20 <main_arena+672>, 0x7ffff7e19f20 <main_arena+672>, 0x7ffff7e19f30 <main_arena+688>, 0x7ffff7e19f30 <main_arena+688>, 0x7ffff7e19f40 <main_arena+704>, 0x7ffff7e19f40 <main_arena+704>, 0x7ffff7e19f50 <main_arena+720>, 0x7ffff7e19f50 <main_arena+720>, 0x7ffff7e19f60 <main_arena+736>, 0x7ffff7e19f60 <main_arena+736>, 0x7ffff7e19f70 <main_arena+752>, 0x7ffff7e19f70 <main_arena+752>, 0x7ffff7e19f80 <main_arena+768>, 0x7ffff7e19f80 <main_arena+768>, 0x7ffff7e19f90 <main_arena+784>, 0x7ffff7e19f90 <main_arena+784>, 0x7ffff7e19fa0 <main_arena+800>, 0x7ffff7e19fa0 <main_arena+800>, 0x7ffff7e19fb0 <main_arena+816>, 0x7ffff7e19fb0 <main_arena+816>, 0x7ffff7e19fc0 <main_arena+832>, 0x7ffff7e19fc0 <main_arena+832>, 0x7ffff7e19fd0 <main_arena+848>, 0x7ffff7e19fd0 <main_arena+848>, 0x7ffff7e19fe0 <main_arena+864>, 0x7ffff7e19fe0 <main_arena+864>, 0x7ffff7e19ff0 <main_arena+880>, 0x7ffff7e19ff0 <main_arena+880>, 0x7ffff7e1a000 <main_arena+896>, 0x7ffff7e1a000 <main_arena+896>, 0x7ffff7e1a010 <main_arena+912>, 0x7ffff7e1a010 <main_arena+912>, 0x7ffff7e1a020 <main_arena+928>, 0x7ffff7e1a020 <main_arena+928>, 0x7ffff7e1a030 <main_arena+944>, 0x7ffff7e1a030 <main_arena+944>, 0x7ffff7e1a040 <main_arena+960>, 0x7ffff7e1a040 <main_arena+960>, 0x7ffff7e1a050 <main_arena+976>, 0x7ffff7e1a050 <main_arena+976>, 0x7ffff7e1a060 <main_arena+992>, 0x7ffff7e1a060 <main_arena+992>, 0x7ffff7e1a070 <main_arena+1008>, 0x7ffff7e1a070 <main_arena+1008>, 0x7ffff7e1a080 <main_arena+1024>, 0x7ffff7e1a080 <main_arena+1024>, 0x7ffff7e1a090 <main_arena+1040>, 0x7ffff7e1a090 <main_arena+1040>, 0x7ffff7e1a0a0 <main_arena+1056>, 0x7ffff7e1a0a0 <main_arena+1056>, 0x7ffff7e1a0b0 <main_arena+1072>, 0x7ffff7e1a0b0 <main_arena+1072>, 0x7ffff7e1a0c0 <main_arena+1088>, 0x7ffff7e1a0c0 <main_arena+1088>, 0x7ffff7e1a0d0 <main_arena+1104>, 0x7ffff7e1a0d0 <main_arena+1104>, 0x7ffff7e1a0e0 <main_arena+1120>, 0x7ffff7e1a0e0 <main_arena+1120>, 0x7ffff7e1a0f0 <main_arena+1136>, 0x7ffff7e1a0f0 <main_arena+1136>, 0x7ffff7e1a100 <main_arena+1152>, 0x7ffff7e1a100 <main_arena+1152>, 0x7ffff7e1a110 <main_arena+1168>, 0x7ffff7e1a110 <main_arena+1168>, 0x7ffff7e1a120 <main_arena+1184>, 0x7ffff7e1a120 <main_arena+1184>, 0x7ffff7e1a130 <main_arena+1200>, 0x7ffff7e1a130 <main_arena+1200>, 0x7ffff7e1a140 <main_arena+1216>, 0x7ffff7e1a140 <main_arena+1216>, 0x7ffff7e1a150 <main_arena+1232>, 0x7ffff7e1a150 <main_arena+1232>, 0x7ffff7e1a160 <main_arena+1248>, 0x7ffff7e1a160 <main_arena+1248>, 0x7ffff7e1a170 <main_arena+1264>, 0x7ffff7e1a170 <main_arena+1264>, 0x7ffff7e1a180 <main_arena+1280>, 0x7ffff7e1a180 <main_arena+1280>, 0x7ffff7e1a190 <main_arena+1296>, 0x7ffff7e1a190 <main_arena+1296>, 0x7ffff7e1a1a0 <main_arena+1312>, 0x7ffff7e1a1a0 <main_arena+1312>, 0x7ffff7e1a1b0 <main_arena+1328>, 0x7ffff7e1a1b0 <main_arena+1328>, 0x7ffff7e1a1c0 <main_arena+1344>, 0x7ffff7e1a1c0 <main_arena+1344>, 0x7ffff7e1a1d0 <main_arena+1360>, 0x7ffff7e1a1d0 <main_arena+1360>, 0x7ffff7e1a1e0 <main_arena+1376>, 0x7ffff7e1a1e0 <main_arena+1376>, 0x7ffff7e1a1f0 <main_arena+1392>, 0x7ffff7e1a1f0 <main_arena+1392>, 0x7ffff7e1a200 <main_arena+1408>, 0x7ffff7e1a200 <main_arena+1408>, 0x7ffff7e1a210 <main_arena+1424>, 0x7ffff7e1a210 <main_arena+1424>, 0x7ffff7e1a220 <main_arena+1440>, 0x7ffff7e1a220 <main_arena+1440>, 0x7ffff7e1a230 <main_arena+1456>, 0x7ffff7e1a230 <main_arena+1456>, 0x7ffff7e1a240 <main_arena+1472>, 0x7ffff7e1a240 <main_arena+1472>, 0x7ffff7e1a250 <main_arena+1488>, 0x7ffff7e1a250 <main_arena+1488>, 0x7ffff7e1a260 <main_arena+1504>, 0x7ffff7e1a260 <main_arena+1504>, 0x7ffff7e1a270 <main_arena+1520>, 0x7ffff7e1a270 <main_arena+1520>, 0x7ffff7e1a280 <main_arena+1536>, 0x7ffff7e1a280 <main_arena+1536>, 0x7ffff7e1a290 <main_arena+1552>, 0x7ffff7e1a290 <main_arena+1552>, 0x7ffff7e1a2a0 <main_arena+1568>, 0x7ffff7e1a2a0 <main_arena+1568>, 0x7ffff7e1a2b0 <main_arena+1584>, 0x7ffff7e1a2b0 <main_arena+1584>, 0x7ffff7e1a2c0 <main_arena+1600>, 0x7ffff7e1a2c0 <main_arena+1600>, 0x7ffff7e1a2d0 <main_arena+1616>, 0x7ffff7e1a2d0 <main_arena+1616>, 0x7ffff7e1a2e0 <main_arena+1632>, 0x7ffff7e1a2e0 <main_arena+1632>, 0x7ffff7e1a2f0 <main_arena+1648>, 0x7ffff7e1a2f0 <main_arena+1648>, 0x7ffff7e1a300 <main_arena+1664>, 0x7ffff7e1a300 <main_arena+1664>, 0x7ffff7e1a310 <main_arena+1680>, 0x7ffff7e1a310 <main_arena+1680>, 0x7ffff7e1a320 <main_arena+1696>, 0x7ffff7e1a320 <main_arena+1696>, 0x7ffff7e1a330 <main_arena+1712>, 0x7ffff7e1a330 <main_arena+1712>, 0x7ffff7e1a340 <main_arena+1728>, 0x7ffff7e1a340 <main_arena+1728>, 0x7ffff7e1a350 <main_arena+1744>, 0x7ffff7e1a350 <main_arena+1744>, 0x7ffff7e1a360 <main_arena+1760>, 0x7ffff7e1a360 <main_arena+1760>, 0x7ffff7e1a370 <main_arena+1776>, 0x7ffff7e1a370 <main_arena+1776>, 0x7ffff7e1a380 <main_arena+1792>, 0x7ffff7e1a380 <main_arena+1792>, 0x7ffff7e1a390 <main_arena+1808>, 0x7ffff7e1a390 <main_arena+1808>, 0x7ffff7e1a3a0 <main_arena+1824>, 0x7ffff7e1a3a0 <main_arena+1824>, 0x7ffff7e1a3b0 <main_arena+1840>, 0x7ffff7e1a3b0 <main_arena+1840>, 0x7ffff7e1a3c0 <main_arena+1856>, 0x7ffff7e1a3c0 <main_arena+1856>, 0x7ffff7e1a3d0 <main_arena+1872>, 0x7ffff7e1a3d0 <main_arena+1872>, 0x7ffff7e1a3e0 <main_arena+1888>, 0x7ffff7e1a3e0 <main_arena+1888>, 0x7ffff7e1a3f0 <main_arena+1904>, 0x7ffff7e1a3f0 <main_arena+1904>, 0x7ffff7e1a400 <main_arena+1920>, 0x7ffff7e1a400 <main_arena+1920>, 0x7ffff7e1a410 <main_arena+1936>, 0x7ffff7e1a410 <main_arena+1936>, 0x7ffff7e1a420 <main_arena+1952>, 0x7ffff7e1a420 <main_arena+1952>, 0x7ffff7e1a430 <main_arena+1968>, 0x7ffff7e1a430 <main_arena+1968>, 0x7ffff7e1a440 <main_arena+1984>, 0x7ffff7e1a440 <main_arena+1984>, 0x7ffff7e1a450 <main_arena+2000>, 0x7ffff7e1a450 <main_arena+2000>, 0x7ffff7e1a460 <main_arena+2016>, 0x7ffff7e1a460 <main_arena+2016>, 0x7ffff7e1a470 <main_arena+2032>, 0x7ffff7e1a470 <main_arena+2032>, 0x7ffff7e1a480 <main_arena+2048>, 0x7ffff7e1a480 <main_arena+2048>, 0x7ffff7e1a490 <main_arena+2064>, 0x7ffff7e1a490 <main_arena+2064>, 0x7ffff7e1a4a0 <main_arena+2080>, 0x7ffff7e1a4a0 <main_arena+2080>, 0x7ffff7e1a4b0 <main_arena+2096>, 0x7ffff7e1a4b0 <main_arena+2096>, 0x7ffff7e1a4c0 <main_arena+2112>, 0x7ffff7e1a4c0 <main_arena+2112>},
  binmap = {0x0, 0x0, 0x0, 0x0},
  next = 0x7ffff7e19c80 <main_arena>,
  next_free = 0x0,
  attached_threads = 0x1,
  system_mem = 0x51000,
  max_system_mem = 0x51000
}
gef➤  c
Continuing.

Breakpoint 3, 0x00005555555551b8 in main ()

[ Legend: Modified register | Code | Heap | Stack | String ]
────────────────────────────────────────────────────────────────────────────────────── registers ────
$rax   : 0x4               
$rbx   : 0x0               
$rcx   : 0x10011           
$rdx   : 0x00005555555992e0  →  0x0000000000000000
$rsp   : 0x00007fffffffdca0  →  0x0000000000000001
$rbp   : 0x00007fffffffdfe0  →  0x0000000000000001
$rsi   : 0x00005555555a92e0  →  0x0000000000000000
$rdi   : 0x10000           
$rip   : 0x00005555555551b8  →  <main+47> call 0x555555555090 <malloc@plt>
$r8    : 0x0               
$r9    : 0x00005555555992e0  →  0x0000000000000000
$r10   : 0x79              
$r11   : 0x00007ffff7e19ce0  →  0x00005555555a92e0  →  0x0000000000000000
$r12   : 0x00007fffffffe0f8  →  0x00007fffffffe3f9  →  "/Hackery/shogun/heap_demos/malloc/systrim[...]"
$r13   : 0x0000555555555189  →  <main+0> endbr64 
$r14   : 0x0000555555557db0  →  0x0000555555555140  →  <__do_global_dtors_aux+0> endbr64 
$r15   : 0x00007ffff7ffd040  →  0x00007ffff7ffe2e0  →  0x0000555555554000  →   jg 0x555555554047
$eflags: [zero CARRY PARITY ADJUST SIGN trap INTERRUPT direction overflow resume virtualx86 identification]
$cs: 0x33 $ss: 0x2b $ds: 0x00 $es: 0x00 $fs: 0x00 $gs: 0x00 
────────────────────────────────────────────────────────────────────────────────────────── stack ────
0x00007fffffffdca0│+0x0000: 0x0000000000000001   ← $rsp
0x00007fffffffdca8│+0x0008: 0x00000005ffffe0f8
0x00007fffffffdcb0│+0x0010: 0x00005555555592a0  →  0x0000000000000000
0x00007fffffffdcb8│+0x0018: 0x00005555555692b0  →  0x0000000000000000
0x00007fffffffdcc0│+0x0020: 0x00005555555792c0  →  0x0000000000000000
0x00007fffffffdcc8│+0x0028: 0x00005555555892d0  →  0x0000000000000000
0x00007fffffffdcd0│+0x0030: 0x00005555555992e0  →  0x0000000000000000
0x00007fffffffdcd8│+0x0038: 0x0000000000000000
──────────────────────────────────────────────────────────────────────────────────── code:x86:64 ────
   0x5555555551a7 <main+30>        mov    DWORD PTR [rbp-0x334], 0x0
   0x5555555551b1 <main+40>        jmp    0x5555555551d7 <main+78>
   0x5555555551b3 <main+42>        mov    edi, 0x10000
 → 0x5555555551b8 <main+47>        call   0x555555555090 <malloc@plt>
   ↳  0x555555555090 <malloc@plt+0>   endbr64 
      0x555555555094 <malloc@plt+4>   bnd    jmp QWORD PTR [rip+0x2f35]        # 0x555555557fd0 <malloc@got.plt>
      0x55555555509b <malloc@plt+11>  nop    DWORD PTR [rax+rax*1+0x0]
      0x5555555550a0 <_start+0>       endbr64 
      0x5555555550a4 <_start+4>       xor    ebp, ebp
      0x5555555550a6 <_start+6>       mov    r9, rdx
──────────────────────────────────────────────────────────────────────────── arguments (guessed) ────
malloc@plt (
   $rdi = 0x0000000000010000,
   $rsi = 0x00005555555a92e0 → 0x0000000000000000,
   $rdx = 0x00005555555992e0 → 0x0000000000000000
)
──────────────────────────────────────────────────────────────────────────────────────── threads ────
[#0] Id 1, Name: "systrim", stopped 0x5555555551b8 in main (), reason: BREAKPOINT
────────────────────────────────────────────────────────────────────────────────────────── trace ────
[#0] 0x5555555551b8 → main()
─────────────────────────────────────────────────────────────────────────────────────────────────────
gef➤  p main_arena
$5 = {
  mutex = 0x0,
  flags = 0x0,
  have_fastchunks = 0x0,
  fastbinsY = {0x0, 0x0, 0x0, 0x0, 0x0, 0x0, 0x0, 0x0, 0x0, 0x0},
  top = 0x5555555a92e0,
  last_remainder = 0x0,
  bins = {0x7ffff7e19ce0 <main_arena+96>, 0x7ffff7e19ce0 <main_arena+96>, 0x7ffff7e19cf0 <main_arena+112>, 0x7ffff7e19cf0 <main_arena+112>, 0x7ffff7e19d00 <main_arena+128>, 0x7ffff7e19d00 <main_arena+128>, 0x7ffff7e19d10 <main_arena+144>, 0x7ffff7e19d10 <main_arena+144>, 0x7ffff7e19d20 <main_arena+160>, 0x7ffff7e19d20 <main_arena+160>, 0x7ffff7e19d30 <main_arena+176>, 0x7ffff7e19d30 <main_arena+176>, 0x7ffff7e19d40 <main_arena+192>, 0x7ffff7e19d40 <main_arena+192>, 0x7ffff7e19d50 <main_arena+208>, 0x7ffff7e19d50 <main_arena+208>, 0x7ffff7e19d60 <main_arena+224>, 0x7ffff7e19d60 <main_arena+224>, 0x7ffff7e19d70 <main_arena+240>, 0x7ffff7e19d70 <main_arena+240>, 0x7ffff7e19d80 <main_arena+256>, 0x7ffff7e19d80 <main_arena+256>, 0x7ffff7e19d90 <main_arena+272>, 0x7ffff7e19d90 <main_arena+272>, 0x7ffff7e19da0 <main_arena+288>, 0x7ffff7e19da0 <main_arena+288>, 0x7ffff7e19db0 <main_arena+304>, 0x7ffff7e19db0 <main_arena+304>, 0x7ffff7e19dc0 <main_arena+320>, 0x7ffff7e19dc0 <main_arena+320>, 0x7ffff7e19dd0 <main_arena+336>, 0x7ffff7e19dd0 <main_arena+336>, 0x7ffff7e19de0 <main_arena+352>, 0x7ffff7e19de0 <main_arena+352>, 0x7ffff7e19df0 <main_arena+368>, 0x7ffff7e19df0 <main_arena+368>, 0x7ffff7e19e00 <main_arena+384>, 0x7ffff7e19e00 <main_arena+384>, 0x7ffff7e19e10 <main_arena+400>, 0x7ffff7e19e10 <main_arena+400>, 0x7ffff7e19e20 <main_arena+416>, 0x7ffff7e19e20 <main_arena+416>, 0x7ffff7e19e30 <main_arena+432>, 0x7ffff7e19e30 <main_arena+432>, 0x7ffff7e19e40 <main_arena+448>, 0x7ffff7e19e40 <main_arena+448>, 0x7ffff7e19e50 <main_arena+464>, 0x7ffff7e19e50 <main_arena+464>, 0x7ffff7e19e60 <main_arena+480>, 0x7ffff7e19e60 <main_arena+480>, 0x7ffff7e19e70 <main_arena+496>, 0x7ffff7e19e70 <main_arena+496>, 0x7ffff7e19e80 <main_arena+512>, 0x7ffff7e19e80 <main_arena+512>, 0x7ffff7e19e90 <main_arena+528>, 0x7ffff7e19e90 <main_arena+528>, 0x7ffff7e19ea0 <main_arena+544>, 0x7ffff7e19ea0 <main_arena+544>, 0x7ffff7e19eb0 <main_arena+560>, 0x7ffff7e19eb0 <main_arena+560>, 0x7ffff7e19ec0 <main_arena+576>, 0x7ffff7e19ec0 <main_arena+576>, 0x7ffff7e19ed0 <main_arena+592>, 0x7ffff7e19ed0 <main_arena+592>, 0x7ffff7e19ee0 <main_arena+608>, 0x7ffff7e19ee0 <main_arena+608>, 0x7ffff7e19ef0 <main_arena+624>, 0x7ffff7e19ef0 <main_arena+624>, 0x7ffff7e19f00 <main_arena+640>, 0x7ffff7e19f00 <main_arena+640>, 0x7ffff7e19f10 <main_arena+656>, 0x7ffff7e19f10 <main_arena+656>, 0x7ffff7e19f20 <main_arena+672>, 0x7ffff7e19f20 <main_arena+672>, 0x7ffff7e19f30 <main_arena+688>, 0x7ffff7e19f30 <main_arena+688>, 0x7ffff7e19f40 <main_arena+704>, 0x7ffff7e19f40 <main_arena+704>, 0x7ffff7e19f50 <main_arena+720>, 0x7ffff7e19f50 <main_arena+720>, 0x7ffff7e19f60 <main_arena+736>, 0x7ffff7e19f60 <main_arena+736>, 0x7ffff7e19f70 <main_arena+752>, 0x7ffff7e19f70 <main_arena+752>, 0x7ffff7e19f80 <main_arena+768>, 0x7ffff7e19f80 <main_arena+768>, 0x7ffff7e19f90 <main_arena+784>, 0x7ffff7e19f90 <main_arena+784>, 0x7ffff7e19fa0 <main_arena+800>, 0x7ffff7e19fa0 <main_arena+800>, 0x7ffff7e19fb0 <main_arena+816>, 0x7ffff7e19fb0 <main_arena+816>, 0x7ffff7e19fc0 <main_arena+832>, 0x7ffff7e19fc0 <main_arena+832>, 0x7ffff7e19fd0 <main_arena+848>, 0x7ffff7e19fd0 <main_arena+848>, 0x7ffff7e19fe0 <main_arena+864>, 0x7ffff7e19fe0 <main_arena+864>, 0x7ffff7e19ff0 <main_arena+880>, 0x7ffff7e19ff0 <main_arena+880>, 0x7ffff7e1a000 <main_arena+896>, 0x7ffff7e1a000 <main_arena+896>, 0x7ffff7e1a010 <main_arena+912>, 0x7ffff7e1a010 <main_arena+912>, 0x7ffff7e1a020 <main_arena+928>, 0x7ffff7e1a020 <main_arena+928>, 0x7ffff7e1a030 <main_arena+944>, 0x7ffff7e1a030 <main_arena+944>, 0x7ffff7e1a040 <main_arena+960>, 0x7ffff7e1a040 <main_arena+960>, 0x7ffff7e1a050 <main_arena+976>, 0x7ffff7e1a050 <main_arena+976>, 0x7ffff7e1a060 <main_arena+992>, 0x7ffff7e1a060 <main_arena+992>, 0x7ffff7e1a070 <main_arena+1008>, 0x7ffff7e1a070 <main_arena+1008>, 0x7ffff7e1a080 <main_arena+1024>, 0x7ffff7e1a080 <main_arena+1024>, 0x7ffff7e1a090 <main_arena+1040>, 0x7ffff7e1a090 <main_arena+1040>, 0x7ffff7e1a0a0 <main_arena+1056>, 0x7ffff7e1a0a0 <main_arena+1056>, 0x7ffff7e1a0b0 <main_arena+1072>, 0x7ffff7e1a0b0 <main_arena+1072>, 0x7ffff7e1a0c0 <main_arena+1088>, 0x7ffff7e1a0c0 <main_arena+1088>, 0x7ffff7e1a0d0 <main_arena+1104>, 0x7ffff7e1a0d0 <main_arena+1104>, 0x7ffff7e1a0e0 <main_arena+1120>, 0x7ffff7e1a0e0 <main_arena+1120>, 0x7ffff7e1a0f0 <main_arena+1136>, 0x7ffff7e1a0f0 <main_arena+1136>, 0x7ffff7e1a100 <main_arena+1152>, 0x7ffff7e1a100 <main_arena+1152>, 0x7ffff7e1a110 <main_arena+1168>, 0x7ffff7e1a110 <main_arena+1168>, 0x7ffff7e1a120 <main_arena+1184>, 0x7ffff7e1a120 <main_arena+1184>, 0x7ffff7e1a130 <main_arena+1200>, 0x7ffff7e1a130 <main_arena+1200>, 0x7ffff7e1a140 <main_arena+1216>, 0x7ffff7e1a140 <main_arena+1216>, 0x7ffff7e1a150 <main_arena+1232>, 0x7ffff7e1a150 <main_arena+1232>, 0x7ffff7e1a160 <main_arena+1248>, 0x7ffff7e1a160 <main_arena+1248>, 0x7ffff7e1a170 <main_arena+1264>, 0x7ffff7e1a170 <main_arena+1264>, 0x7ffff7e1a180 <main_arena+1280>, 0x7ffff7e1a180 <main_arena+1280>, 0x7ffff7e1a190 <main_arena+1296>, 0x7ffff7e1a190 <main_arena+1296>, 0x7ffff7e1a1a0 <main_arena+1312>, 0x7ffff7e1a1a0 <main_arena+1312>, 0x7ffff7e1a1b0 <main_arena+1328>, 0x7ffff7e1a1b0 <main_arena+1328>, 0x7ffff7e1a1c0 <main_arena+1344>, 0x7ffff7e1a1c0 <main_arena+1344>, 0x7ffff7e1a1d0 <main_arena+1360>, 0x7ffff7e1a1d0 <main_arena+1360>, 0x7ffff7e1a1e0 <main_arena+1376>, 0x7ffff7e1a1e0 <main_arena+1376>, 0x7ffff7e1a1f0 <main_arena+1392>, 0x7ffff7e1a1f0 <main_arena+1392>, 0x7ffff7e1a200 <main_arena+1408>, 0x7ffff7e1a200 <main_arena+1408>, 0x7ffff7e1a210 <main_arena+1424>, 0x7ffff7e1a210 <main_arena+1424>, 0x7ffff7e1a220 <main_arena+1440>, 0x7ffff7e1a220 <main_arena+1440>, 0x7ffff7e1a230 <main_arena+1456>, 0x7ffff7e1a230 <main_arena+1456>, 0x7ffff7e1a240 <main_arena+1472>, 0x7ffff7e1a240 <main_arena+1472>, 0x7ffff7e1a250 <main_arena+1488>, 0x7ffff7e1a250 <main_arena+1488>, 0x7ffff7e1a260 <main_arena+1504>, 0x7ffff7e1a260 <main_arena+1504>, 0x7ffff7e1a270 <main_arena+1520>, 0x7ffff7e1a270 <main_arena+1520>, 0x7ffff7e1a280 <main_arena+1536>, 0x7ffff7e1a280 <main_arena+1536>, 0x7ffff7e1a290 <main_arena+1552>, 0x7ffff7e1a290 <main_arena+1552>, 0x7ffff7e1a2a0 <main_arena+1568>, 0x7ffff7e1a2a0 <main_arena+1568>, 0x7ffff7e1a2b0 <main_arena+1584>, 0x7ffff7e1a2b0 <main_arena+1584>, 0x7ffff7e1a2c0 <main_arena+1600>, 0x7ffff7e1a2c0 <main_arena+1600>, 0x7ffff7e1a2d0 <main_arena+1616>, 0x7ffff7e1a2d0 <main_arena+1616>, 0x7ffff7e1a2e0 <main_arena+1632>, 0x7ffff7e1a2e0 <main_arena+1632>, 0x7ffff7e1a2f0 <main_arena+1648>, 0x7ffff7e1a2f0 <main_arena+1648>, 0x7ffff7e1a300 <main_arena+1664>, 0x7ffff7e1a300 <main_arena+1664>, 0x7ffff7e1a310 <main_arena+1680>, 0x7ffff7e1a310 <main_arena+1680>, 0x7ffff7e1a320 <main_arena+1696>, 0x7ffff7e1a320 <main_arena+1696>, 0x7ffff7e1a330 <main_arena+1712>, 0x7ffff7e1a330 <main_arena+1712>, 0x7ffff7e1a340 <main_arena+1728>, 0x7ffff7e1a340 <main_arena+1728>, 0x7ffff7e1a350 <main_arena+1744>, 0x7ffff7e1a350 <main_arena+1744>, 0x7ffff7e1a360 <main_arena+1760>, 0x7ffff7e1a360 <main_arena+1760>, 0x7ffff7e1a370 <main_arena+1776>, 0x7ffff7e1a370 <main_arena+1776>, 0x7ffff7e1a380 <main_arena+1792>, 0x7ffff7e1a380 <main_arena+1792>, 0x7ffff7e1a390 <main_arena+1808>, 0x7ffff7e1a390 <main_arena+1808>, 0x7ffff7e1a3a0 <main_arena+1824>, 0x7ffff7e1a3a0 <main_arena+1824>, 0x7ffff7e1a3b0 <main_arena+1840>, 0x7ffff7e1a3b0 <main_arena+1840>, 0x7ffff7e1a3c0 <main_arena+1856>, 0x7ffff7e1a3c0 <main_arena+1856>, 0x7ffff7e1a3d0 <main_arena+1872>, 0x7ffff7e1a3d0 <main_arena+1872>, 0x7ffff7e1a3e0 <main_arena+1888>, 0x7ffff7e1a3e0 <main_arena+1888>, 0x7ffff7e1a3f0 <main_arena+1904>, 0x7ffff7e1a3f0 <main_arena+1904>, 0x7ffff7e1a400 <main_arena+1920>, 0x7ffff7e1a400 <main_arena+1920>, 0x7ffff7e1a410 <main_arena+1936>, 0x7ffff7e1a410 <main_arena+1936>, 0x7ffff7e1a420 <main_arena+1952>, 0x7ffff7e1a420 <main_arena+1952>, 0x7ffff7e1a430 <main_arena+1968>, 0x7ffff7e1a430 <main_arena+1968>, 0x7ffff7e1a440 <main_arena+1984>, 0x7ffff7e1a440 <main_arena+1984>, 0x7ffff7e1a450 <main_arena+2000>, 0x7ffff7e1a450 <main_arena+2000>, 0x7ffff7e1a460 <main_arena+2016>, 0x7ffff7e1a460 <main_arena+2016>, 0x7ffff7e1a470 <main_arena+2032>, 0x7ffff7e1a470 <main_arena+2032>, 0x7ffff7e1a480 <main_arena+2048>, 0x7ffff7e1a480 <main_arena+2048>, 0x7ffff7e1a490 <main_arena+2064>, 0x7ffff7e1a490 <main_arena+2064>, 0x7ffff7e1a4a0 <main_arena+2080>, 0x7ffff7e1a4a0 <main_arena+2080>, 0x7ffff7e1a4b0 <main_arena+2096>, 0x7ffff7e1a4b0 <main_arena+2096>, 0x7ffff7e1a4c0 <main_arena+2112>, 0x7ffff7e1a4c0 <main_arena+2112>},
  binmap = {0x0, 0x0, 0x0, 0x0},
  next = 0x7ffff7e19c80 <main_arena>,
  next_free = 0x0,
  attached_threads = 0x1,
  system_mem = 0x51000,
  max_system_mem = 0x51000
}
gef➤  c
Continuing.

Breakpoint 3, 0x00005555555551b8 in main ()

[ Legend: Modified register | Code | Heap | Stack | String ]
────────────────────────────────────────────────────────────────────────────────────── registers ────
$rax   : 0x5               
$rbx   : 0x0               
$rcx   : 0x00005555555a92e0  →  0x0000000000000000
$rdx   : 0x00005555555a92f0  →  0x0000000000000000
$rsp   : 0x00007fffffffdca0  →  0x0000000000000001
$rbp   : 0x00007fffffffdfe0  →  0x0000000000000001
$rsi   : 0x00005555555b92f0  →  0x0000000000000000
$rdi   : 0x10000           
$rip   : 0x00005555555551b8  →  <main+47> call 0x555555555090 <malloc@plt>
$r8    : 0x0               
$r9    : 0x00005555555a92f0  →  0x0000000000000000
$r10   : 0x00005555555aa000  →  0x0000000000000000
$r11   : 0x206             
$r12   : 0x00007fffffffe0f8  →  0x00007fffffffe3f9  →  "/Hackery/shogun/heap_demos/malloc/systrim[...]"
$r13   : 0x0000555555555189  →  <main+0> endbr64 
$r14   : 0x0000555555557db0  →  0x0000555555555140  →  <__do_global_dtors_aux+0> endbr64 
$r15   : 0x00007ffff7ffd040  →  0x00007ffff7ffe2e0  →  0x0000555555554000  →   jg 0x555555554047
$eflags: [zero CARRY parity ADJUST SIGN trap INTERRUPT direction overflow resume virtualx86 identification]
$cs: 0x33 $ss: 0x2b $ds: 0x00 $es: 0x00 $fs: 0x00 $gs: 0x00 
────────────────────────────────────────────────────────────────────────────────────────── stack ────
0x00007fffffffdca0│+0x0000: 0x0000000000000001   ← $rsp
0x00007fffffffdca8│+0x0008: 0x00000006ffffe0f8
0x00007fffffffdcb0│+0x0010: 0x00005555555592a0  →  0x0000000000000000
0x00007fffffffdcb8│+0x0018: 0x00005555555692b0  →  0x0000000000000000
0x00007fffffffdcc0│+0x0020: 0x00005555555792c0  →  0x0000000000000000
0x00007fffffffdcc8│+0x0028: 0x00005555555892d0  →  0x0000000000000000
0x00007fffffffdcd0│+0x0030: 0x00005555555992e0  →  0x0000000000000000
0x00007fffffffdcd8│+0x0038: 0x00005555555a92f0  →  0x0000000000000000
──────────────────────────────────────────────────────────────────────────────────── code:x86:64 ────
   0x5555555551a7 <main+30>        mov    DWORD PTR [rbp-0x334], 0x0
   0x5555555551b1 <main+40>        jmp    0x5555555551d7 <main+78>
   0x5555555551b3 <main+42>        mov    edi, 0x10000
 → 0x5555555551b8 <main+47>        call   0x555555555090 <malloc@plt>
   ↳  0x555555555090 <malloc@plt+0>   endbr64 
      0x555555555094 <malloc@plt+4>   bnd    jmp QWORD PTR [rip+0x2f35]        # 0x555555557fd0 <malloc@got.plt>
      0x55555555509b <malloc@plt+11>  nop    DWORD PTR [rax+rax*1+0x0]
      0x5555555550a0 <_start+0>       endbr64 
      0x5555555550a4 <_start+4>       xor    ebp, ebp
      0x5555555550a6 <_start+6>       mov    r9, rdx
──────────────────────────────────────────────────────────────────────────── arguments (guessed) ────
malloc@plt (
   $rdi = 0x0000000000010000,
   $rsi = 0x00005555555b92f0 → 0x0000000000000000,
   $rdx = 0x00005555555a92f0 → 0x0000000000000000
)
──────────────────────────────────────────────────────────────────────────────────────── threads ────
[#0] Id 1, Name: "systrim", stopped 0x5555555551b8 in main (), reason: BREAKPOINT
────────────────────────────────────────────────────────────────────────────────────────── trace ────
[#0] 0x5555555551b8 → main()
─────────────────────────────────────────────────────────────────────────────────────────────────────
gef➤  p main_arena
$6 = {
  mutex = 0x0,
  flags = 0x0,
  have_fastchunks = 0x0,
  fastbinsY = {0x0, 0x0, 0x0, 0x0, 0x0, 0x0, 0x0, 0x0, 0x0, 0x0},
  top = 0x5555555b92f0,
  last_remainder = 0x0,
  bins = {0x7ffff7e19ce0 <main_arena+96>, 0x7ffff7e19ce0 <main_arena+96>, 0x7ffff7e19cf0 <main_arena+112>, 0x7ffff7e19cf0 <main_arena+112>, 0x7ffff7e19d00 <main_arena+128>, 0x7ffff7e19d00 <main_arena+128>, 0x7ffff7e19d10 <main_arena+144>, 0x7ffff7e19d10 <main_arena+144>, 0x7ffff7e19d20 <main_arena+160>, 0x7ffff7e19d20 <main_arena+160>, 0x7ffff7e19d30 <main_arena+176>, 0x7ffff7e19d30 <main_arena+176>, 0x7ffff7e19d40 <main_arena+192>, 0x7ffff7e19d40 <main_arena+192>, 0x7ffff7e19d50 <main_arena+208>, 0x7ffff7e19d50 <main_arena+208>, 0x7ffff7e19d60 <main_arena+224>, 0x7ffff7e19d60 <main_arena+224>, 0x7ffff7e19d70 <main_arena+240>, 0x7ffff7e19d70 <main_arena+240>, 0x7ffff7e19d80 <main_arena+256>, 0x7ffff7e19d80 <main_arena+256>, 0x7ffff7e19d90 <main_arena+272>, 0x7ffff7e19d90 <main_arena+272>, 0x7ffff7e19da0 <main_arena+288>, 0x7ffff7e19da0 <main_arena+288>, 0x7ffff7e19db0 <main_arena+304>, 0x7ffff7e19db0 <main_arena+304>, 0x7ffff7e19dc0 <main_arena+320>, 0x7ffff7e19dc0 <main_arena+320>, 0x7ffff7e19dd0 <main_arena+336>, 0x7ffff7e19dd0 <main_arena+336>, 0x7ffff7e19de0 <main_arena+352>, 0x7ffff7e19de0 <main_arena+352>, 0x7ffff7e19df0 <main_arena+368>, 0x7ffff7e19df0 <main_arena+368>, 0x7ffff7e19e00 <main_arena+384>, 0x7ffff7e19e00 <main_arena+384>, 0x7ffff7e19e10 <main_arena+400>, 0x7ffff7e19e10 <main_arena+400>, 0x7ffff7e19e20 <main_arena+416>, 0x7ffff7e19e20 <main_arena+416>, 0x7ffff7e19e30 <main_arena+432>, 0x7ffff7e19e30 <main_arena+432>, 0x7ffff7e19e40 <main_arena+448>, 0x7ffff7e19e40 <main_arena+448>, 0x7ffff7e19e50 <main_arena+464>, 0x7ffff7e19e50 <main_arena+464>, 0x7ffff7e19e60 <main_arena+480>, 0x7ffff7e19e60 <main_arena+480>, 0x7ffff7e19e70 <main_arena+496>, 0x7ffff7e19e70 <main_arena+496>, 0x7ffff7e19e80 <main_arena+512>, 0x7ffff7e19e80 <main_arena+512>, 0x7ffff7e19e90 <main_arena+528>, 0x7ffff7e19e90 <main_arena+528>, 0x7ffff7e19ea0 <main_arena+544>, 0x7ffff7e19ea0 <main_arena+544>, 0x7ffff7e19eb0 <main_arena+560>, 0x7ffff7e19eb0 <main_arena+560>, 0x7ffff7e19ec0 <main_arena+576>, 0x7ffff7e19ec0 <main_arena+576>, 0x7ffff7e19ed0 <main_arena+592>, 0x7ffff7e19ed0 <main_arena+592>, 0x7ffff7e19ee0 <main_arena+608>, 0x7ffff7e19ee0 <main_arena+608>, 0x7ffff7e19ef0 <main_arena+624>, 0x7ffff7e19ef0 <main_arena+624>, 0x7ffff7e19f00 <main_arena+640>, 0x7ffff7e19f00 <main_arena+640>, 0x7ffff7e19f10 <main_arena+656>, 0x7ffff7e19f10 <main_arena+656>, 0x7ffff7e19f20 <main_arena+672>, 0x7ffff7e19f20 <main_arena+672>, 0x7ffff7e19f30 <main_arena+688>, 0x7ffff7e19f30 <main_arena+688>, 0x7ffff7e19f40 <main_arena+704>, 0x7ffff7e19f40 <main_arena+704>, 0x7ffff7e19f50 <main_arena+720>, 0x7ffff7e19f50 <main_arena+720>, 0x7ffff7e19f60 <main_arena+736>, 0x7ffff7e19f60 <main_arena+736>, 0x7ffff7e19f70 <main_arena+752>, 0x7ffff7e19f70 <main_arena+752>, 0x7ffff7e19f80 <main_arena+768>, 0x7ffff7e19f80 <main_arena+768>, 0x7ffff7e19f90 <main_arena+784>, 0x7ffff7e19f90 <main_arena+784>, 0x7ffff7e19fa0 <main_arena+800>, 0x7ffff7e19fa0 <main_arena+800>, 0x7ffff7e19fb0 <main_arena+816>, 0x7ffff7e19fb0 <main_arena+816>, 0x7ffff7e19fc0 <main_arena+832>, 0x7ffff7e19fc0 <main_arena+832>, 0x7ffff7e19fd0 <main_arena+848>, 0x7ffff7e19fd0 <main_arena+848>, 0x7ffff7e19fe0 <main_arena+864>, 0x7ffff7e19fe0 <main_arena+864>, 0x7ffff7e19ff0 <main_arena+880>, 0x7ffff7e19ff0 <main_arena+880>, 0x7ffff7e1a000 <main_arena+896>, 0x7ffff7e1a000 <main_arena+896>, 0x7ffff7e1a010 <main_arena+912>, 0x7ffff7e1a010 <main_arena+912>, 0x7ffff7e1a020 <main_arena+928>, 0x7ffff7e1a020 <main_arena+928>, 0x7ffff7e1a030 <main_arena+944>, 0x7ffff7e1a030 <main_arena+944>, 0x7ffff7e1a040 <main_arena+960>, 0x7ffff7e1a040 <main_arena+960>, 0x7ffff7e1a050 <main_arena+976>, 0x7ffff7e1a050 <main_arena+976>, 0x7ffff7e1a060 <main_arena+992>, 0x7ffff7e1a060 <main_arena+992>, 0x7ffff7e1a070 <main_arena+1008>, 0x7ffff7e1a070 <main_arena+1008>, 0x7ffff7e1a080 <main_arena+1024>, 0x7ffff7e1a080 <main_arena+1024>, 0x7ffff7e1a090 <main_arena+1040>, 0x7ffff7e1a090 <main_arena+1040>, 0x7ffff7e1a0a0 <main_arena+1056>, 0x7ffff7e1a0a0 <main_arena+1056>, 0x7ffff7e1a0b0 <main_arena+1072>, 0x7ffff7e1a0b0 <main_arena+1072>, 0x7ffff7e1a0c0 <main_arena+1088>, 0x7ffff7e1a0c0 <main_arena+1088>, 0x7ffff7e1a0d0 <main_arena+1104>, 0x7ffff7e1a0d0 <main_arena+1104>, 0x7ffff7e1a0e0 <main_arena+1120>, 0x7ffff7e1a0e0 <main_arena+1120>, 0x7ffff7e1a0f0 <main_arena+1136>, 0x7ffff7e1a0f0 <main_arena+1136>, 0x7ffff7e1a100 <main_arena+1152>, 0x7ffff7e1a100 <main_arena+1152>, 0x7ffff7e1a110 <main_arena+1168>, 0x7ffff7e1a110 <main_arena+1168>, 0x7ffff7e1a120 <main_arena+1184>, 0x7ffff7e1a120 <main_arena+1184>, 0x7ffff7e1a130 <main_arena+1200>, 0x7ffff7e1a130 <main_arena+1200>, 0x7ffff7e1a140 <main_arena+1216>, 0x7ffff7e1a140 <main_arena+1216>, 0x7ffff7e1a150 <main_arena+1232>, 0x7ffff7e1a150 <main_arena+1232>, 0x7ffff7e1a160 <main_arena+1248>, 0x7ffff7e1a160 <main_arena+1248>, 0x7ffff7e1a170 <main_arena+1264>, 0x7ffff7e1a170 <main_arena+1264>, 0x7ffff7e1a180 <main_arena+1280>, 0x7ffff7e1a180 <main_arena+1280>, 0x7ffff7e1a190 <main_arena+1296>, 0x7ffff7e1a190 <main_arena+1296>, 0x7ffff7e1a1a0 <main_arena+1312>, 0x7ffff7e1a1a0 <main_arena+1312>, 0x7ffff7e1a1b0 <main_arena+1328>, 0x7ffff7e1a1b0 <main_arena+1328>, 0x7ffff7e1a1c0 <main_arena+1344>, 0x7ffff7e1a1c0 <main_arena+1344>, 0x7ffff7e1a1d0 <main_arena+1360>, 0x7ffff7e1a1d0 <main_arena+1360>, 0x7ffff7e1a1e0 <main_arena+1376>, 0x7ffff7e1a1e0 <main_arena+1376>, 0x7ffff7e1a1f0 <main_arena+1392>, 0x7ffff7e1a1f0 <main_arena+1392>, 0x7ffff7e1a200 <main_arena+1408>, 0x7ffff7e1a200 <main_arena+1408>, 0x7ffff7e1a210 <main_arena+1424>, 0x7ffff7e1a210 <main_arena+1424>, 0x7ffff7e1a220 <main_arena+1440>, 0x7ffff7e1a220 <main_arena+1440>, 0x7ffff7e1a230 <main_arena+1456>, 0x7ffff7e1a230 <main_arena+1456>, 0x7ffff7e1a240 <main_arena+1472>, 0x7ffff7e1a240 <main_arena+1472>, 0x7ffff7e1a250 <main_arena+1488>, 0x7ffff7e1a250 <main_arena+1488>, 0x7ffff7e1a260 <main_arena+1504>, 0x7ffff7e1a260 <main_arena+1504>, 0x7ffff7e1a270 <main_arena+1520>, 0x7ffff7e1a270 <main_arena+1520>, 0x7ffff7e1a280 <main_arena+1536>, 0x7ffff7e1a280 <main_arena+1536>, 0x7ffff7e1a290 <main_arena+1552>, 0x7ffff7e1a290 <main_arena+1552>, 0x7ffff7e1a2a0 <main_arena+1568>, 0x7ffff7e1a2a0 <main_arena+1568>, 0x7ffff7e1a2b0 <main_arena+1584>, 0x7ffff7e1a2b0 <main_arena+1584>, 0x7ffff7e1a2c0 <main_arena+1600>, 0x7ffff7e1a2c0 <main_arena+1600>, 0x7ffff7e1a2d0 <main_arena+1616>, 0x7ffff7e1a2d0 <main_arena+1616>, 0x7ffff7e1a2e0 <main_arena+1632>, 0x7ffff7e1a2e0 <main_arena+1632>, 0x7ffff7e1a2f0 <main_arena+1648>, 0x7ffff7e1a2f0 <main_arena+1648>, 0x7ffff7e1a300 <main_arena+1664>, 0x7ffff7e1a300 <main_arena+1664>, 0x7ffff7e1a310 <main_arena+1680>, 0x7ffff7e1a310 <main_arena+1680>, 0x7ffff7e1a320 <main_arena+1696>, 0x7ffff7e1a320 <main_arena+1696>, 0x7ffff7e1a330 <main_arena+1712>, 0x7ffff7e1a330 <main_arena+1712>, 0x7ffff7e1a340 <main_arena+1728>, 0x7ffff7e1a340 <main_arena+1728>, 0x7ffff7e1a350 <main_arena+1744>, 0x7ffff7e1a350 <main_arena+1744>, 0x7ffff7e1a360 <main_arena+1760>, 0x7ffff7e1a360 <main_arena+1760>, 0x7ffff7e1a370 <main_arena+1776>, 0x7ffff7e1a370 <main_arena+1776>, 0x7ffff7e1a380 <main_arena+1792>, 0x7ffff7e1a380 <main_arena+1792>, 0x7ffff7e1a390 <main_arena+1808>, 0x7ffff7e1a390 <main_arena+1808>, 0x7ffff7e1a3a0 <main_arena+1824>, 0x7ffff7e1a3a0 <main_arena+1824>, 0x7ffff7e1a3b0 <main_arena+1840>, 0x7ffff7e1a3b0 <main_arena+1840>, 0x7ffff7e1a3c0 <main_arena+1856>, 0x7ffff7e1a3c0 <main_arena+1856>, 0x7ffff7e1a3d0 <main_arena+1872>, 0x7ffff7e1a3d0 <main_arena+1872>, 0x7ffff7e1a3e0 <main_arena+1888>, 0x7ffff7e1a3e0 <main_arena+1888>, 0x7ffff7e1a3f0 <main_arena+1904>, 0x7ffff7e1a3f0 <main_arena+1904>, 0x7ffff7e1a400 <main_arena+1920>, 0x7ffff7e1a400 <main_arena+1920>, 0x7ffff7e1a410 <main_arena+1936>, 0x7ffff7e1a410 <main_arena+1936>, 0x7ffff7e1a420 <main_arena+1952>, 0x7ffff7e1a420 <main_arena+1952>, 0x7ffff7e1a430 <main_arena+1968>, 0x7ffff7e1a430 <main_arena+1968>, 0x7ffff7e1a440 <main_arena+1984>, 0x7ffff7e1a440 <main_arena+1984>, 0x7ffff7e1a450 <main_arena+2000>, 0x7ffff7e1a450 <main_arena+2000>, 0x7ffff7e1a460 <main_arena+2016>, 0x7ffff7e1a460 <main_arena+2016>, 0x7ffff7e1a470 <main_arena+2032>, 0x7ffff7e1a470 <main_arena+2032>, 0x7ffff7e1a480 <main_arena+2048>, 0x7ffff7e1a480 <main_arena+2048>, 0x7ffff7e1a490 <main_arena+2064>, 0x7ffff7e1a490 <main_arena+2064>, 0x7ffff7e1a4a0 <main_arena+2080>, 0x7ffff7e1a4a0 <main_arena+2080>, 0x7ffff7e1a4b0 <main_arena+2096>, 0x7ffff7e1a4b0 <main_arena+2096>, 0x7ffff7e1a4c0 <main_arena+2112>, 0x7ffff7e1a4c0 <main_arena+2112>},
  binmap = {0x0, 0x0, 0x0, 0x0},
  next = 0x7ffff7e19c80 <main_arena>,
  next_free = 0x0,
  attached_threads = 0x1,
  system_mem = 0x81000,
  max_system_mem = 0x81000
}
gef➤  c
Continuing.

Breakpoint 3, 0x00005555555551b8 in main ()

[ Legend: Modified register | Code | Heap | Stack | String ]
────────────────────────────────────────────────────────────────────────────────────── registers ────
$rax   : 0x6               
$rbx   : 0x0               
$rcx   : 0x10011           
$rdx   : 0x00005555555b9300  →  0x0000000000000000
$rsp   : 0x00007fffffffdca0  →  0x0000000000000001
$rbp   : 0x00007fffffffdfe0  →  0x0000000000000001
$rsi   : 0x00005555555c9300  →  0x0000000000000000
$rdi   : 0x10000           
$rip   : 0x00005555555551b8  →  <main+47> call 0x555555555090 <malloc@plt>
$r8    : 0x0               
$r9    : 0x00005555555b9300  →  0x0000000000000000
$r10   : 0x79              
$r11   : 0x00007ffff7e19ce0  →  0x00005555555c9300  →  0x0000000000000000
$r12   : 0x00007fffffffe0f8  →  0x00007fffffffe3f9  →  "/Hackery/shogun/heap_demos/malloc/systrim[...]"
$r13   : 0x0000555555555189  →  <main+0> endbr64 
$r14   : 0x0000555555557db0  →  0x0000555555555140  →  <__do_global_dtors_aux+0> endbr64 
$r15   : 0x00007ffff7ffd040  →  0x00007ffff7ffe2e0  →  0x0000555555554000  →   jg 0x555555554047
$eflags: [zero CARRY parity ADJUST SIGN trap INTERRUPT direction overflow resume virtualx86 identification]
$cs: 0x33 $ss: 0x2b $ds: 0x00 $es: 0x00 $fs: 0x00 $gs: 0x00 
────────────────────────────────────────────────────────────────────────────────────────── stack ────
0x00007fffffffdca0│+0x0000: 0x0000000000000001   ← $rsp
0x00007fffffffdca8│+0x0008: 0x00000007ffffe0f8
0x00007fffffffdcb0│+0x0010: 0x00005555555592a0  →  0x0000000000000000
0x00007fffffffdcb8│+0x0018: 0x00005555555692b0  →  0x0000000000000000
0x00007fffffffdcc0│+0x0020: 0x00005555555792c0  →  0x0000000000000000
0x00007fffffffdcc8│+0x0028: 0x00005555555892d0  →  0x0000000000000000
0x00007fffffffdcd0│+0x0030: 0x00005555555992e0  →  0x0000000000000000
0x00007fffffffdcd8│+0x0038: 0x00005555555a92f0  →  0x0000000000000000
──────────────────────────────────────────────────────────────────────────────────── code:x86:64 ────
   0x5555555551a7 <main+30>        mov    DWORD PTR [rbp-0x334], 0x0
   0x5555555551b1 <main+40>        jmp    0x5555555551d7 <main+78>
   0x5555555551b3 <main+42>        mov    edi, 0x10000
 → 0x5555555551b8 <main+47>        call   0x555555555090 <malloc@plt>
   ↳  0x555555555090 <malloc@plt+0>   endbr64 
      0x555555555094 <malloc@plt+4>   bnd    jmp QWORD PTR [rip+0x2f35]        # 0x555555557fd0 <malloc@got.plt>
      0x55555555509b <malloc@plt+11>  nop    DWORD PTR [rax+rax*1+0x0]
      0x5555555550a0 <_start+0>       endbr64 
      0x5555555550a4 <_start+4>       xor    ebp, ebp
      0x5555555550a6 <_start+6>       mov    r9, rdx
──────────────────────────────────────────────────────────────────────────── arguments (guessed) ────
malloc@plt (
   $rdi = 0x0000000000010000,
   $rsi = 0x00005555555c9300 → 0x0000000000000000,
   $rdx = 0x00005555555b9300 → 0x0000000000000000
)
──────────────────────────────────────────────────────────────────────────────────────── threads ────
[#0] Id 1, Name: "systrim", stopped 0x5555555551b8 in main (), reason: BREAKPOINT
────────────────────────────────────────────────────────────────────────────────────────── trace ────
[#0] 0x5555555551b8 → main()
─────────────────────────────────────────────────────────────────────────────────────────────────────
gef➤  p main_arena
$7 = {
  mutex = 0x0,
  flags = 0x0,
  have_fastchunks = 0x0,
  fastbinsY = {0x0, 0x0, 0x0, 0x0, 0x0, 0x0, 0x0, 0x0, 0x0, 0x0},
  top = 0x5555555c9300,
  last_remainder = 0x0,
  bins = {0x7ffff7e19ce0 <main_arena+96>, 0x7ffff7e19ce0 <main_arena+96>, 0x7ffff7e19cf0 <main_arena+112>, 0x7ffff7e19cf0 <main_arena+112>, 0x7ffff7e19d00 <main_arena+128>, 0x7ffff7e19d00 <main_arena+128>, 0x7ffff7e19d10 <main_arena+144>, 0x7ffff7e19d10 <main_arena+144>, 0x7ffff7e19d20 <main_arena+160>, 0x7ffff7e19d20 <main_arena+160>, 0x7ffff7e19d30 <main_arena+176>, 0x7ffff7e19d30 <main_arena+176>, 0x7ffff7e19d40 <main_arena+192>, 0x7ffff7e19d40 <main_arena+192>, 0x7ffff7e19d50 <main_arena+208>, 0x7ffff7e19d50 <main_arena+208>, 0x7ffff7e19d60 <main_arena+224>, 0x7ffff7e19d60 <main_arena+224>, 0x7ffff7e19d70 <main_arena+240>, 0x7ffff7e19d70 <main_arena+240>, 0x7ffff7e19d80 <main_arena+256>, 0x7ffff7e19d80 <main_arena+256>, 0x7ffff7e19d90 <main_arena+272>, 0x7ffff7e19d90 <main_arena+272>, 0x7ffff7e19da0 <main_arena+288>, 0x7ffff7e19da0 <main_arena+288>, 0x7ffff7e19db0 <main_arena+304>, 0x7ffff7e19db0 <main_arena+304>, 0x7ffff7e19dc0 <main_arena+320>, 0x7ffff7e19dc0 <main_arena+320>, 0x7ffff7e19dd0 <main_arena+336>, 0x7ffff7e19dd0 <main_arena+336>, 0x7ffff7e19de0 <main_arena+352>, 0x7ffff7e19de0 <main_arena+352>, 0x7ffff7e19df0 <main_arena+368>, 0x7ffff7e19df0 <main_arena+368>, 0x7ffff7e19e00 <main_arena+384>, 0x7ffff7e19e00 <main_arena+384>, 0x7ffff7e19e10 <main_arena+400>, 0x7ffff7e19e10 <main_arena+400>, 0x7ffff7e19e20 <main_arena+416>, 0x7ffff7e19e20 <main_arena+416>, 0x7ffff7e19e30 <main_arena+432>, 0x7ffff7e19e30 <main_arena+432>, 0x7ffff7e19e40 <main_arena+448>, 0x7ffff7e19e40 <main_arena+448>, 0x7ffff7e19e50 <main_arena+464>, 0x7ffff7e19e50 <main_arena+464>, 0x7ffff7e19e60 <main_arena+480>, 0x7ffff7e19e60 <main_arena+480>, 0x7ffff7e19e70 <main_arena+496>, 0x7ffff7e19e70 <main_arena+496>, 0x7ffff7e19e80 <main_arena+512>, 0x7ffff7e19e80 <main_arena+512>, 0x7ffff7e19e90 <main_arena+528>, 0x7ffff7e19e90 <main_arena+528>, 0x7ffff7e19ea0 <main_arena+544>, 0x7ffff7e19ea0 <main_arena+544>, 0x7ffff7e19eb0 <main_arena+560>, 0x7ffff7e19eb0 <main_arena+560>, 0x7ffff7e19ec0 <main_arena+576>, 0x7ffff7e19ec0 <main_arena+576>, 0x7ffff7e19ed0 <main_arena+592>, 0x7ffff7e19ed0 <main_arena+592>, 0x7ffff7e19ee0 <main_arena+608>, 0x7ffff7e19ee0 <main_arena+608>, 0x7ffff7e19ef0 <main_arena+624>, 0x7ffff7e19ef0 <main_arena+624>, 0x7ffff7e19f00 <main_arena+640>, 0x7ffff7e19f00 <main_arena+640>, 0x7ffff7e19f10 <main_arena+656>, 0x7ffff7e19f10 <main_arena+656>, 0x7ffff7e19f20 <main_arena+672>, 0x7ffff7e19f20 <main_arena+672>, 0x7ffff7e19f30 <main_arena+688>, 0x7ffff7e19f30 <main_arena+688>, 0x7ffff7e19f40 <main_arena+704>, 0x7ffff7e19f40 <main_arena+704>, 0x7ffff7e19f50 <main_arena+720>, 0x7ffff7e19f50 <main_arena+720>, 0x7ffff7e19f60 <main_arena+736>, 0x7ffff7e19f60 <main_arena+736>, 0x7ffff7e19f70 <main_arena+752>, 0x7ffff7e19f70 <main_arena+752>, 0x7ffff7e19f80 <main_arena+768>, 0x7ffff7e19f80 <main_arena+768>, 0x7ffff7e19f90 <main_arena+784>, 0x7ffff7e19f90 <main_arena+784>, 0x7ffff7e19fa0 <main_arena+800>, 0x7ffff7e19fa0 <main_arena+800>, 0x7ffff7e19fb0 <main_arena+816>, 0x7ffff7e19fb0 <main_arena+816>, 0x7ffff7e19fc0 <main_arena+832>, 0x7ffff7e19fc0 <main_arena+832>, 0x7ffff7e19fd0 <main_arena+848>, 0x7ffff7e19fd0 <main_arena+848>, 0x7ffff7e19fe0 <main_arena+864>, 0x7ffff7e19fe0 <main_arena+864>, 0x7ffff7e19ff0 <main_arena+880>, 0x7ffff7e19ff0 <main_arena+880>, 0x7ffff7e1a000 <main_arena+896>, 0x7ffff7e1a000 <main_arena+896>, 0x7ffff7e1a010 <main_arena+912>, 0x7ffff7e1a010 <main_arena+912>, 0x7ffff7e1a020 <main_arena+928>, 0x7ffff7e1a020 <main_arena+928>, 0x7ffff7e1a030 <main_arena+944>, 0x7ffff7e1a030 <main_arena+944>, 0x7ffff7e1a040 <main_arena+960>, 0x7ffff7e1a040 <main_arena+960>, 0x7ffff7e1a050 <main_arena+976>, 0x7ffff7e1a050 <main_arena+976>, 0x7ffff7e1a060 <main_arena+992>, 0x7ffff7e1a060 <main_arena+992>, 0x7ffff7e1a070 <main_arena+1008>, 0x7ffff7e1a070 <main_arena+1008>, 0x7ffff7e1a080 <main_arena+1024>, 0x7ffff7e1a080 <main_arena+1024>, 0x7ffff7e1a090 <main_arena+1040>, 0x7ffff7e1a090 <main_arena+1040>, 0x7ffff7e1a0a0 <main_arena+1056>, 0x7ffff7e1a0a0 <main_arena+1056>, 0x7ffff7e1a0b0 <main_arena+1072>, 0x7ffff7e1a0b0 <main_arena+1072>, 0x7ffff7e1a0c0 <main_arena+1088>, 0x7ffff7e1a0c0 <main_arena+1088>, 0x7ffff7e1a0d0 <main_arena+1104>, 0x7ffff7e1a0d0 <main_arena+1104>, 0x7ffff7e1a0e0 <main_arena+1120>, 0x7ffff7e1a0e0 <main_arena+1120>, 0x7ffff7e1a0f0 <main_arena+1136>, 0x7ffff7e1a0f0 <main_arena+1136>, 0x7ffff7e1a100 <main_arena+1152>, 0x7ffff7e1a100 <main_arena+1152>, 0x7ffff7e1a110 <main_arena+1168>, 0x7ffff7e1a110 <main_arena+1168>, 0x7ffff7e1a120 <main_arena+1184>, 0x7ffff7e1a120 <main_arena+1184>, 0x7ffff7e1a130 <main_arena+1200>, 0x7ffff7e1a130 <main_arena+1200>, 0x7ffff7e1a140 <main_arena+1216>, 0x7ffff7e1a140 <main_arena+1216>, 0x7ffff7e1a150 <main_arena+1232>, 0x7ffff7e1a150 <main_arena+1232>, 0x7ffff7e1a160 <main_arena+1248>, 0x7ffff7e1a160 <main_arena+1248>, 0x7ffff7e1a170 <main_arena+1264>, 0x7ffff7e1a170 <main_arena+1264>, 0x7ffff7e1a180 <main_arena+1280>, 0x7ffff7e1a180 <main_arena+1280>, 0x7ffff7e1a190 <main_arena+1296>, 0x7ffff7e1a190 <main_arena+1296>, 0x7ffff7e1a1a0 <main_arena+1312>, 0x7ffff7e1a1a0 <main_arena+1312>, 0x7ffff7e1a1b0 <main_arena+1328>, 0x7ffff7e1a1b0 <main_arena+1328>, 0x7ffff7e1a1c0 <main_arena+1344>, 0x7ffff7e1a1c0 <main_arena+1344>, 0x7ffff7e1a1d0 <main_arena+1360>, 0x7ffff7e1a1d0 <main_arena+1360>, 0x7ffff7e1a1e0 <main_arena+1376>, 0x7ffff7e1a1e0 <main_arena+1376>, 0x7ffff7e1a1f0 <main_arena+1392>, 0x7ffff7e1a1f0 <main_arena+1392>, 0x7ffff7e1a200 <main_arena+1408>, 0x7ffff7e1a200 <main_arena+1408>, 0x7ffff7e1a210 <main_arena+1424>, 0x7ffff7e1a210 <main_arena+1424>, 0x7ffff7e1a220 <main_arena+1440>, 0x7ffff7e1a220 <main_arena+1440>, 0x7ffff7e1a230 <main_arena+1456>, 0x7ffff7e1a230 <main_arena+1456>, 0x7ffff7e1a240 <main_arena+1472>, 0x7ffff7e1a240 <main_arena+1472>, 0x7ffff7e1a250 <main_arena+1488>, 0x7ffff7e1a250 <main_arena+1488>, 0x7ffff7e1a260 <main_arena+1504>, 0x7ffff7e1a260 <main_arena+1504>, 0x7ffff7e1a270 <main_arena+1520>, 0x7ffff7e1a270 <main_arena+1520>, 0x7ffff7e1a280 <main_arena+1536>, 0x7ffff7e1a280 <main_arena+1536>, 0x7ffff7e1a290 <main_arena+1552>, 0x7ffff7e1a290 <main_arena+1552>, 0x7ffff7e1a2a0 <main_arena+1568>, 0x7ffff7e1a2a0 <main_arena+1568>, 0x7ffff7e1a2b0 <main_arena+1584>, 0x7ffff7e1a2b0 <main_arena+1584>, 0x7ffff7e1a2c0 <main_arena+1600>, 0x7ffff7e1a2c0 <main_arena+1600>, 0x7ffff7e1a2d0 <main_arena+1616>, 0x7ffff7e1a2d0 <main_arena+1616>, 0x7ffff7e1a2e0 <main_arena+1632>, 0x7ffff7e1a2e0 <main_arena+1632>, 0x7ffff7e1a2f0 <main_arena+1648>, 0x7ffff7e1a2f0 <main_arena+1648>, 0x7ffff7e1a300 <main_arena+1664>, 0x7ffff7e1a300 <main_arena+1664>, 0x7ffff7e1a310 <main_arena+1680>, 0x7ffff7e1a310 <main_arena+1680>, 0x7ffff7e1a320 <main_arena+1696>, 0x7ffff7e1a320 <main_arena+1696>, 0x7ffff7e1a330 <main_arena+1712>, 0x7ffff7e1a330 <main_arena+1712>, 0x7ffff7e1a340 <main_arena+1728>, 0x7ffff7e1a340 <main_arena+1728>, 0x7ffff7e1a350 <main_arena+1744>, 0x7ffff7e1a350 <main_arena+1744>, 0x7ffff7e1a360 <main_arena+1760>, 0x7ffff7e1a360 <main_arena+1760>, 0x7ffff7e1a370 <main_arena+1776>, 0x7ffff7e1a370 <main_arena+1776>, 0x7ffff7e1a380 <main_arena+1792>, 0x7ffff7e1a380 <main_arena+1792>, 0x7ffff7e1a390 <main_arena+1808>, 0x7ffff7e1a390 <main_arena+1808>, 0x7ffff7e1a3a0 <main_arena+1824>, 0x7ffff7e1a3a0 <main_arena+1824>, 0x7ffff7e1a3b0 <main_arena+1840>, 0x7ffff7e1a3b0 <main_arena+1840>, 0x7ffff7e1a3c0 <main_arena+1856>, 0x7ffff7e1a3c0 <main_arena+1856>, 0x7ffff7e1a3d0 <main_arena+1872>, 0x7ffff7e1a3d0 <main_arena+1872>, 0x7ffff7e1a3e0 <main_arena+1888>, 0x7ffff7e1a3e0 <main_arena+1888>, 0x7ffff7e1a3f0 <main_arena+1904>, 0x7ffff7e1a3f0 <main_arena+1904>, 0x7ffff7e1a400 <main_arena+1920>, 0x7ffff7e1a400 <main_arena+1920>, 0x7ffff7e1a410 <main_arena+1936>, 0x7ffff7e1a410 <main_arena+1936>, 0x7ffff7e1a420 <main_arena+1952>, 0x7ffff7e1a420 <main_arena+1952>, 0x7ffff7e1a430 <main_arena+1968>, 0x7ffff7e1a430 <main_arena+1968>, 0x7ffff7e1a440 <main_arena+1984>, 0x7ffff7e1a440 <main_arena+1984>, 0x7ffff7e1a450 <main_arena+2000>, 0x7ffff7e1a450 <main_arena+2000>, 0x7ffff7e1a460 <main_arena+2016>, 0x7ffff7e1a460 <main_arena+2016>, 0x7ffff7e1a470 <main_arena+2032>, 0x7ffff7e1a470 <main_arena+2032>, 0x7ffff7e1a480 <main_arena+2048>, 0x7ffff7e1a480 <main_arena+2048>, 0x7ffff7e1a490 <main_arena+2064>, 0x7ffff7e1a490 <main_arena+2064>, 0x7ffff7e1a4a0 <main_arena+2080>, 0x7ffff7e1a4a0 <main_arena+2080>, 0x7ffff7e1a4b0 <main_arena+2096>, 0x7ffff7e1a4b0 <main_arena+2096>, 0x7ffff7e1a4c0 <main_arena+2112>, 0x7ffff7e1a4c0 <main_arena+2112>},
  binmap = {0x0, 0x0, 0x0, 0x0},
  next = 0x7ffff7e19c80 <main_arena>,
  next_free = 0x0,
  attached_threads = 0x1,
  system_mem = 0x81000,
  max_system_mem = 0x81000
}
gef➤  c
Continuing.

Breakpoint 3, 0x00005555555551b8 in main ()

[ Legend: Modified register | Code | Heap | Stack | String ]
────────────────────────────────────────────────────────────────────────────────────── registers ────
$rax   : 0x7               
$rbx   : 0x0               
$rcx   : 0x10011           
$rdx   : 0x00005555555c9310  →  0x0000000000000000
$rsp   : 0x00007fffffffdca0  →  0x0000000000000001
$rbp   : 0x00007fffffffdfe0  →  0x0000000000000001
$rsi   : 0x00005555555d9310  →  0x0000000000000000
$rdi   : 0x10000           
$rip   : 0x00005555555551b8  →  <main+47> call 0x555555555090 <malloc@plt>
$r8    : 0x0               
$r9    : 0x00005555555c9310  →  0x0000000000000000
$r10   : 0x79              
$r11   : 0x00007ffff7e19ce0  →  0x00005555555d9310  →  0x0000000000000000
$r12   : 0x00007fffffffe0f8  →  0x00007fffffffe3f9  →  "/Hackery/shogun/heap_demos/malloc/systrim[...]"
$r13   : 0x0000555555555189  →  <main+0> endbr64 
$r14   : 0x0000555555557db0  →  0x0000555555555140  →  <__do_global_dtors_aux+0> endbr64 
$r15   : 0x00007ffff7ffd040  →  0x00007ffff7ffe2e0  →  0x0000555555554000  →   jg 0x555555554047
$eflags: [zero CARRY PARITY ADJUST SIGN trap INTERRUPT direction overflow resume virtualx86 identification]
$cs: 0x33 $ss: 0x2b $ds: 0x00 $es: 0x00 $fs: 0x00 $gs: 0x00 
────────────────────────────────────────────────────────────────────────────────────────── stack ────
0x00007fffffffdca0│+0x0000: 0x0000000000000001   ← $rsp
0x00007fffffffdca8│+0x0008: 0x00000008ffffe0f8
0x00007fffffffdcb0│+0x0010: 0x00005555555592a0  →  0x0000000000000000
0x00007fffffffdcb8│+0x0018: 0x00005555555692b0  →  0x0000000000000000
0x00007fffffffdcc0│+0x0020: 0x00005555555792c0  →  0x0000000000000000
0x00007fffffffdcc8│+0x0028: 0x00005555555892d0  →  0x0000000000000000
0x00007fffffffdcd0│+0x0030: 0x00005555555992e0  →  0x0000000000000000
0x00007fffffffdcd8│+0x0038: 0x00005555555a92f0  →  0x0000000000000000
──────────────────────────────────────────────────────────────────────────────────── code:x86:64 ────
   0x5555555551a7 <main+30>        mov    DWORD PTR [rbp-0x334], 0x0
   0x5555555551b1 <main+40>        jmp    0x5555555551d7 <main+78>
   0x5555555551b3 <main+42>        mov    edi, 0x10000
 → 0x5555555551b8 <main+47>        call   0x555555555090 <malloc@plt>
   ↳  0x555555555090 <malloc@plt+0>   endbr64 
      0x555555555094 <malloc@plt+4>   bnd    jmp QWORD PTR [rip+0x2f35]        # 0x555555557fd0 <malloc@got.plt>
      0x55555555509b <malloc@plt+11>  nop    DWORD PTR [rax+rax*1+0x0]
      0x5555555550a0 <_start+0>       endbr64 
      0x5555555550a4 <_start+4>       xor    ebp, ebp
      0x5555555550a6 <_start+6>       mov    r9, rdx
──────────────────────────────────────────────────────────────────────────── arguments (guessed) ────
malloc@plt (
   $rdi = 0x0000000000010000,
   $rsi = 0x00005555555d9310 → 0x0000000000000000,
   $rdx = 0x00005555555c9310 → 0x0000000000000000
)
──────────────────────────────────────────────────────────────────────────────────────── threads ────
[#0] Id 1, Name: "systrim", stopped 0x5555555551b8 in main (), reason: BREAKPOINT
────────────────────────────────────────────────────────────────────────────────────────── trace ────
[#0] 0x5555555551b8 → main()
─────────────────────────────────────────────────────────────────────────────────────────────────────
gef➤  p main_arena
$8 = {
  mutex = 0x0,
  flags = 0x0,
  have_fastchunks = 0x0,
  fastbinsY = {0x0, 0x0, 0x0, 0x0, 0x0, 0x0, 0x0, 0x0, 0x0, 0x0},
  top = 0x5555555d9310,
  last_remainder = 0x0,
  bins = {0x7ffff7e19ce0 <main_arena+96>, 0x7ffff7e19ce0 <main_arena+96>, 0x7ffff7e19cf0 <main_arena+112>, 0x7ffff7e19cf0 <main_arena+112>, 0x7ffff7e19d00 <main_arena+128>, 0x7ffff7e19d00 <main_arena+128>, 0x7ffff7e19d10 <main_arena+144>, 0x7ffff7e19d10 <main_arena+144>, 0x7ffff7e19d20 <main_arena+160>, 0x7ffff7e19d20 <main_arena+160>, 0x7ffff7e19d30 <main_arena+176>, 0x7ffff7e19d30 <main_arena+176>, 0x7ffff7e19d40 <main_arena+192>, 0x7ffff7e19d40 <main_arena+192>, 0x7ffff7e19d50 <main_arena+208>, 0x7ffff7e19d50 <main_arena+208>, 0x7ffff7e19d60 <main_arena+224>, 0x7ffff7e19d60 <main_arena+224>, 0x7ffff7e19d70 <main_arena+240>, 0x7ffff7e19d70 <main_arena+240>, 0x7ffff7e19d80 <main_arena+256>, 0x7ffff7e19d80 <main_arena+256>, 0x7ffff7e19d90 <main_arena+272>, 0x7ffff7e19d90 <main_arena+272>, 0x7ffff7e19da0 <main_arena+288>, 0x7ffff7e19da0 <main_arena+288>, 0x7ffff7e19db0 <main_arena+304>, 0x7ffff7e19db0 <main_arena+304>, 0x7ffff7e19dc0 <main_arena+320>, 0x7ffff7e19dc0 <main_arena+320>, 0x7ffff7e19dd0 <main_arena+336>, 0x7ffff7e19dd0 <main_arena+336>, 0x7ffff7e19de0 <main_arena+352>, 0x7ffff7e19de0 <main_arena+352>, 0x7ffff7e19df0 <main_arena+368>, 0x7ffff7e19df0 <main_arena+368>, 0x7ffff7e19e00 <main_arena+384>, 0x7ffff7e19e00 <main_arena+384>, 0x7ffff7e19e10 <main_arena+400>, 0x7ffff7e19e10 <main_arena+400>, 0x7ffff7e19e20 <main_arena+416>, 0x7ffff7e19e20 <main_arena+416>, 0x7ffff7e19e30 <main_arena+432>, 0x7ffff7e19e30 <main_arena+432>, 0x7ffff7e19e40 <main_arena+448>, 0x7ffff7e19e40 <main_arena+448>, 0x7ffff7e19e50 <main_arena+464>, 0x7ffff7e19e50 <main_arena+464>, 0x7ffff7e19e60 <main_arena+480>, 0x7ffff7e19e60 <main_arena+480>, 0x7ffff7e19e70 <main_arena+496>, 0x7ffff7e19e70 <main_arena+496>, 0x7ffff7e19e80 <main_arena+512>, 0x7ffff7e19e80 <main_arena+512>, 0x7ffff7e19e90 <main_arena+528>, 0x7ffff7e19e90 <main_arena+528>, 0x7ffff7e19ea0 <main_arena+544>, 0x7ffff7e19ea0 <main_arena+544>, 0x7ffff7e19eb0 <main_arena+560>, 0x7ffff7e19eb0 <main_arena+560>, 0x7ffff7e19ec0 <main_arena+576>, 0x7ffff7e19ec0 <main_arena+576>, 0x7ffff7e19ed0 <main_arena+592>, 0x7ffff7e19ed0 <main_arena+592>, 0x7ffff7e19ee0 <main_arena+608>, 0x7ffff7e19ee0 <main_arena+608>, 0x7ffff7e19ef0 <main_arena+624>, 0x7ffff7e19ef0 <main_arena+624>, 0x7ffff7e19f00 <main_arena+640>, 0x7ffff7e19f00 <main_arena+640>, 0x7ffff7e19f10 <main_arena+656>, 0x7ffff7e19f10 <main_arena+656>, 0x7ffff7e19f20 <main_arena+672>, 0x7ffff7e19f20 <main_arena+672>, 0x7ffff7e19f30 <main_arena+688>, 0x7ffff7e19f30 <main_arena+688>, 0x7ffff7e19f40 <main_arena+704>, 0x7ffff7e19f40 <main_arena+704>, 0x7ffff7e19f50 <main_arena+720>, 0x7ffff7e19f50 <main_arena+720>, 0x7ffff7e19f60 <main_arena+736>, 0x7ffff7e19f60 <main_arena+736>, 0x7ffff7e19f70 <main_arena+752>, 0x7ffff7e19f70 <main_arena+752>, 0x7ffff7e19f80 <main_arena+768>, 0x7ffff7e19f80 <main_arena+768>, 0x7ffff7e19f90 <main_arena+784>, 0x7ffff7e19f90 <main_arena+784>, 0x7ffff7e19fa0 <main_arena+800>, 0x7ffff7e19fa0 <main_arena+800>, 0x7ffff7e19fb0 <main_arena+816>, 0x7ffff7e19fb0 <main_arena+816>, 0x7ffff7e19fc0 <main_arena+832>, 0x7ffff7e19fc0 <main_arena+832>, 0x7ffff7e19fd0 <main_arena+848>, 0x7ffff7e19fd0 <main_arena+848>, 0x7ffff7e19fe0 <main_arena+864>, 0x7ffff7e19fe0 <main_arena+864>, 0x7ffff7e19ff0 <main_arena+880>, 0x7ffff7e19ff0 <main_arena+880>, 0x7ffff7e1a000 <main_arena+896>, 0x7ffff7e1a000 <main_arena+896>, 0x7ffff7e1a010 <main_arena+912>, 0x7ffff7e1a010 <main_arena+912>, 0x7ffff7e1a020 <main_arena+928>, 0x7ffff7e1a020 <main_arena+928>, 0x7ffff7e1a030 <main_arena+944>, 0x7ffff7e1a030 <main_arena+944>, 0x7ffff7e1a040 <main_arena+960>, 0x7ffff7e1a040 <main_arena+960>, 0x7ffff7e1a050 <main_arena+976>, 0x7ffff7e1a050 <main_arena+976>, 0x7ffff7e1a060 <main_arena+992>, 0x7ffff7e1a060 <main_arena+992>, 0x7ffff7e1a070 <main_arena+1008>, 0x7ffff7e1a070 <main_arena+1008>, 0x7ffff7e1a080 <main_arena+1024>, 0x7ffff7e1a080 <main_arena+1024>, 0x7ffff7e1a090 <main_arena+1040>, 0x7ffff7e1a090 <main_arena+1040>, 0x7ffff7e1a0a0 <main_arena+1056>, 0x7ffff7e1a0a0 <main_arena+1056>, 0x7ffff7e1a0b0 <main_arena+1072>, 0x7ffff7e1a0b0 <main_arena+1072>, 0x7ffff7e1a0c0 <main_arena+1088>, 0x7ffff7e1a0c0 <main_arena+1088>, 0x7ffff7e1a0d0 <main_arena+1104>, 0x7ffff7e1a0d0 <main_arena+1104>, 0x7ffff7e1a0e0 <main_arena+1120>, 0x7ffff7e1a0e0 <main_arena+1120>, 0x7ffff7e1a0f0 <main_arena+1136>, 0x7ffff7e1a0f0 <main_arena+1136>, 0x7ffff7e1a100 <main_arena+1152>, 0x7ffff7e1a100 <main_arena+1152>, 0x7ffff7e1a110 <main_arena+1168>, 0x7ffff7e1a110 <main_arena+1168>, 0x7ffff7e1a120 <main_arena+1184>, 0x7ffff7e1a120 <main_arena+1184>, 0x7ffff7e1a130 <main_arena+1200>, 0x7ffff7e1a130 <main_arena+1200>, 0x7ffff7e1a140 <main_arena+1216>, 0x7ffff7e1a140 <main_arena+1216>, 0x7ffff7e1a150 <main_arena+1232>, 0x7ffff7e1a150 <main_arena+1232>, 0x7ffff7e1a160 <main_arena+1248>, 0x7ffff7e1a160 <main_arena+1248>, 0x7ffff7e1a170 <main_arena+1264>, 0x7ffff7e1a170 <main_arena+1264>, 0x7ffff7e1a180 <main_arena+1280>, 0x7ffff7e1a180 <main_arena+1280>, 0x7ffff7e1a190 <main_arena+1296>, 0x7ffff7e1a190 <main_arena+1296>, 0x7ffff7e1a1a0 <main_arena+1312>, 0x7ffff7e1a1a0 <main_arena+1312>, 0x7ffff7e1a1b0 <main_arena+1328>, 0x7ffff7e1a1b0 <main_arena+1328>, 0x7ffff7e1a1c0 <main_arena+1344>, 0x7ffff7e1a1c0 <main_arena+1344>, 0x7ffff7e1a1d0 <main_arena+1360>, 0x7ffff7e1a1d0 <main_arena+1360>, 0x7ffff7e1a1e0 <main_arena+1376>, 0x7ffff7e1a1e0 <main_arena+1376>, 0x7ffff7e1a1f0 <main_arena+1392>, 0x7ffff7e1a1f0 <main_arena+1392>, 0x7ffff7e1a200 <main_arena+1408>, 0x7ffff7e1a200 <main_arena+1408>, 0x7ffff7e1a210 <main_arena+1424>, 0x7ffff7e1a210 <main_arena+1424>, 0x7ffff7e1a220 <main_arena+1440>, 0x7ffff7e1a220 <main_arena+1440>, 0x7ffff7e1a230 <main_arena+1456>, 0x7ffff7e1a230 <main_arena+1456>, 0x7ffff7e1a240 <main_arena+1472>, 0x7ffff7e1a240 <main_arena+1472>, 0x7ffff7e1a250 <main_arena+1488>, 0x7ffff7e1a250 <main_arena+1488>, 0x7ffff7e1a260 <main_arena+1504>, 0x7ffff7e1a260 <main_arena+1504>, 0x7ffff7e1a270 <main_arena+1520>, 0x7ffff7e1a270 <main_arena+1520>, 0x7ffff7e1a280 <main_arena+1536>, 0x7ffff7e1a280 <main_arena+1536>, 0x7ffff7e1a290 <main_arena+1552>, 0x7ffff7e1a290 <main_arena+1552>, 0x7ffff7e1a2a0 <main_arena+1568>, 0x7ffff7e1a2a0 <main_arena+1568>, 0x7ffff7e1a2b0 <main_arena+1584>, 0x7ffff7e1a2b0 <main_arena+1584>, 0x7ffff7e1a2c0 <main_arena+1600>, 0x7ffff7e1a2c0 <main_arena+1600>, 0x7ffff7e1a2d0 <main_arena+1616>, 0x7ffff7e1a2d0 <main_arena+1616>, 0x7ffff7e1a2e0 <main_arena+1632>, 0x7ffff7e1a2e0 <main_arena+1632>, 0x7ffff7e1a2f0 <main_arena+1648>, 0x7ffff7e1a2f0 <main_arena+1648>, 0x7ffff7e1a300 <main_arena+1664>, 0x7ffff7e1a300 <main_arena+1664>, 0x7ffff7e1a310 <main_arena+1680>, 0x7ffff7e1a310 <main_arena+1680>, 0x7ffff7e1a320 <main_arena+1696>, 0x7ffff7e1a320 <main_arena+1696>, 0x7ffff7e1a330 <main_arena+1712>, 0x7ffff7e1a330 <main_arena+1712>, 0x7ffff7e1a340 <main_arena+1728>, 0x7ffff7e1a340 <main_arena+1728>, 0x7ffff7e1a350 <main_arena+1744>, 0x7ffff7e1a350 <main_arena+1744>, 0x7ffff7e1a360 <main_arena+1760>, 0x7ffff7e1a360 <main_arena+1760>, 0x7ffff7e1a370 <main_arena+1776>, 0x7ffff7e1a370 <main_arena+1776>, 0x7ffff7e1a380 <main_arena+1792>, 0x7ffff7e1a380 <main_arena+1792>, 0x7ffff7e1a390 <main_arena+1808>, 0x7ffff7e1a390 <main_arena+1808>, 0x7ffff7e1a3a0 <main_arena+1824>, 0x7ffff7e1a3a0 <main_arena+1824>, 0x7ffff7e1a3b0 <main_arena+1840>, 0x7ffff7e1a3b0 <main_arena+1840>, 0x7ffff7e1a3c0 <main_arena+1856>, 0x7ffff7e1a3c0 <main_arena+1856>, 0x7ffff7e1a3d0 <main_arena+1872>, 0x7ffff7e1a3d0 <main_arena+1872>, 0x7ffff7e1a3e0 <main_arena+1888>, 0x7ffff7e1a3e0 <main_arena+1888>, 0x7ffff7e1a3f0 <main_arena+1904>, 0x7ffff7e1a3f0 <main_arena+1904>, 0x7ffff7e1a400 <main_arena+1920>, 0x7ffff7e1a400 <main_arena+1920>, 0x7ffff7e1a410 <main_arena+1936>, 0x7ffff7e1a410 <main_arena+1936>, 0x7ffff7e1a420 <main_arena+1952>, 0x7ffff7e1a420 <main_arena+1952>, 0x7ffff7e1a430 <main_arena+1968>, 0x7ffff7e1a430 <main_arena+1968>, 0x7ffff7e1a440 <main_arena+1984>, 0x7ffff7e1a440 <main_arena+1984>, 0x7ffff7e1a450 <main_arena+2000>, 0x7ffff7e1a450 <main_arena+2000>, 0x7ffff7e1a460 <main_arena+2016>, 0x7ffff7e1a460 <main_arena+2016>, 0x7ffff7e1a470 <main_arena+2032>, 0x7ffff7e1a470 <main_arena+2032>, 0x7ffff7e1a480 <main_arena+2048>, 0x7ffff7e1a480 <main_arena+2048>, 0x7ffff7e1a490 <main_arena+2064>, 0x7ffff7e1a490 <main_arena+2064>, 0x7ffff7e1a4a0 <main_arena+2080>, 0x7ffff7e1a4a0 <main_arena+2080>, 0x7ffff7e1a4b0 <main_arena+2096>, 0x7ffff7e1a4b0 <main_arena+2096>, 0x7ffff7e1a4c0 <main_arena+2112>, 0x7ffff7e1a4c0 <main_arena+2112>},
  binmap = {0x0, 0x0, 0x0, 0x0},
  next = 0x7ffff7e19c80 <main_arena>,
  next_free = 0x0,
  attached_threads = 0x1,
  system_mem = 0x81000,
  max_system_mem = 0x81000
}
gef➤  c
Continuing.

Breakpoint 3, 0x00005555555551b8 in main ()

[ Legend: Modified register | Code | Heap | Stack | String ]
────────────────────────────────────────────────────────────────────────────────────── registers ────
$rax   : 0x8               
$rbx   : 0x0               
$rcx   : 0x00005555555d9310  →  0x0000000000000000
$rdx   : 0x00005555555d9320  →  0x0000000000000000
$rsp   : 0x00007fffffffdca0  →  0x0000000000000001
$rbp   : 0x00007fffffffdfe0  →  0x0000000000000001
$rsi   : 0x00005555555e9320  →  0x0000000000000000
$rdi   : 0x10000           
$rip   : 0x00005555555551b8  →  <main+47> call 0x555555555090 <malloc@plt>
$r8    : 0x0               
$r9    : 0x00005555555d9320  →  0x0000000000000000
$r10   : 0x00005555555da000  →  0x0000000000000000
$r11   : 0x206             
$r12   : 0x00007fffffffe0f8  →  0x00007fffffffe3f9  →  "/Hackery/shogun/heap_demos/malloc/systrim[...]"
$r13   : 0x0000555555555189  →  <main+0> endbr64 
$r14   : 0x0000555555557db0  →  0x0000555555555140  →  <__do_global_dtors_aux+0> endbr64 
$r15   : 0x00007ffff7ffd040  →  0x00007ffff7ffe2e0  →  0x0000555555554000  →   jg 0x555555554047
$eflags: [ZERO carry PARITY adjust sign trap INTERRUPT direction overflow resume virtualx86 identification]
$cs: 0x33 $ss: 0x2b $ds: 0x00 $es: 0x00 $fs: 0x00 $gs: 0x00 
────────────────────────────────────────────────────────────────────────────────────────── stack ────
0x00007fffffffdca0│+0x0000: 0x0000000000000001   ← $rsp
0x00007fffffffdca8│+0x0008: 0x00000009ffffe0f8
0x00007fffffffdcb0│+0x0010: 0x00005555555592a0  →  0x0000000000000000
0x00007fffffffdcb8│+0x0018: 0x00005555555692b0  →  0x0000000000000000
0x00007fffffffdcc0│+0x0020: 0x00005555555792c0  →  0x0000000000000000
0x00007fffffffdcc8│+0x0028: 0x00005555555892d0  →  0x0000000000000000
0x00007fffffffdcd0│+0x0030: 0x00005555555992e0  →  0x0000000000000000
0x00007fffffffdcd8│+0x0038: 0x00005555555a92f0  →  0x0000000000000000
──────────────────────────────────────────────────────────────────────────────────── code:x86:64 ────
   0x5555555551a7 <main+30>        mov    DWORD PTR [rbp-0x334], 0x0
   0x5555555551b1 <main+40>        jmp    0x5555555551d7 <main+78>
   0x5555555551b3 <main+42>        mov    edi, 0x10000
 → 0x5555555551b8 <main+47>        call   0x555555555090 <malloc@plt>
   ↳  0x555555555090 <malloc@plt+0>   endbr64 
      0x555555555094 <malloc@plt+4>   bnd    jmp QWORD PTR [rip+0x2f35]        # 0x555555557fd0 <malloc@got.plt>
      0x55555555509b <malloc@plt+11>  nop    DWORD PTR [rax+rax*1+0x0]
      0x5555555550a0 <_start+0>       endbr64 
      0x5555555550a4 <_start+4>       xor    ebp, ebp
      0x5555555550a6 <_start+6>       mov    r9, rdx
──────────────────────────────────────────────────────────────────────────── arguments (guessed) ────
malloc@plt (
   $rdi = 0x0000000000010000,
   $rsi = 0x00005555555e9320 → 0x0000000000000000,
   $rdx = 0x00005555555d9320 → 0x0000000000000000
)
──────────────────────────────────────────────────────────────────────────────────────── threads ────
[#0] Id 1, Name: "systrim", stopped 0x5555555551b8 in main (), reason: BREAKPOINT
────────────────────────────────────────────────────────────────────────────────────────── trace ────
[#0] 0x5555555551b8 → main()
─────────────────────────────────────────────────────────────────────────────────────────────────────
gef➤  p main_arena
$9 = {
  mutex = 0x0,
  flags = 0x0,
  have_fastchunks = 0x0,
  fastbinsY = {0x0, 0x0, 0x0, 0x0, 0x0, 0x0, 0x0, 0x0, 0x0, 0x0},
  top = 0x5555555e9320,
  last_remainder = 0x0,
  bins = {0x7ffff7e19ce0 <main_arena+96>, 0x7ffff7e19ce0 <main_arena+96>, 0x7ffff7e19cf0 <main_arena+112>, 0x7ffff7e19cf0 <main_arena+112>, 0x7ffff7e19d00 <main_arena+128>, 0x7ffff7e19d00 <main_arena+128>, 0x7ffff7e19d10 <main_arena+144>, 0x7ffff7e19d10 <main_arena+144>, 0x7ffff7e19d20 <main_arena+160>, 0x7ffff7e19d20 <main_arena+160>, 0x7ffff7e19d30 <main_arena+176>, 0x7ffff7e19d30 <main_arena+176>, 0x7ffff7e19d40 <main_arena+192>, 0x7ffff7e19d40 <main_arena+192>, 0x7ffff7e19d50 <main_arena+208>, 0x7ffff7e19d50 <main_arena+208>, 0x7ffff7e19d60 <main_arena+224>, 0x7ffff7e19d60 <main_arena+224>, 0x7ffff7e19d70 <main_arena+240>, 0x7ffff7e19d70 <main_arena+240>, 0x7ffff7e19d80 <main_arena+256>, 0x7ffff7e19d80 <main_arena+256>, 0x7ffff7e19d90 <main_arena+272>, 0x7ffff7e19d90 <main_arena+272>, 0x7ffff7e19da0 <main_arena+288>, 0x7ffff7e19da0 <main_arena+288>, 0x7ffff7e19db0 <main_arena+304>, 0x7ffff7e19db0 <main_arena+304>, 0x7ffff7e19dc0 <main_arena+320>, 0x7ffff7e19dc0 <main_arena+320>, 0x7ffff7e19dd0 <main_arena+336>, 0x7ffff7e19dd0 <main_arena+336>, 0x7ffff7e19de0 <main_arena+352>, 0x7ffff7e19de0 <main_arena+352>, 0x7ffff7e19df0 <main_arena+368>, 0x7ffff7e19df0 <main_arena+368>, 0x7ffff7e19e00 <main_arena+384>, 0x7ffff7e19e00 <main_arena+384>, 0x7ffff7e19e10 <main_arena+400>, 0x7ffff7e19e10 <main_arena+400>, 0x7ffff7e19e20 <main_arena+416>, 0x7ffff7e19e20 <main_arena+416>, 0x7ffff7e19e30 <main_arena+432>, 0x7ffff7e19e30 <main_arena+432>, 0x7ffff7e19e40 <main_arena+448>, 0x7ffff7e19e40 <main_arena+448>, 0x7ffff7e19e50 <main_arena+464>, 0x7ffff7e19e50 <main_arena+464>, 0x7ffff7e19e60 <main_arena+480>, 0x7ffff7e19e60 <main_arena+480>, 0x7ffff7e19e70 <main_arena+496>, 0x7ffff7e19e70 <main_arena+496>, 0x7ffff7e19e80 <main_arena+512>, 0x7ffff7e19e80 <main_arena+512>, 0x7ffff7e19e90 <main_arena+528>, 0x7ffff7e19e90 <main_arena+528>, 0x7ffff7e19ea0 <main_arena+544>, 0x7ffff7e19ea0 <main_arena+544>, 0x7ffff7e19eb0 <main_arena+560>, 0x7ffff7e19eb0 <main_arena+560>, 0x7ffff7e19ec0 <main_arena+576>, 0x7ffff7e19ec0 <main_arena+576>, 0x7ffff7e19ed0 <main_arena+592>, 0x7ffff7e19ed0 <main_arena+592>, 0x7ffff7e19ee0 <main_arena+608>, 0x7ffff7e19ee0 <main_arena+608>, 0x7ffff7e19ef0 <main_arena+624>, 0x7ffff7e19ef0 <main_arena+624>, 0x7ffff7e19f00 <main_arena+640>, 0x7ffff7e19f00 <main_arena+640>, 0x7ffff7e19f10 <main_arena+656>, 0x7ffff7e19f10 <main_arena+656>, 0x7ffff7e19f20 <main_arena+672>, 0x7ffff7e19f20 <main_arena+672>, 0x7ffff7e19f30 <main_arena+688>, 0x7ffff7e19f30 <main_arena+688>, 0x7ffff7e19f40 <main_arena+704>, 0x7ffff7e19f40 <main_arena+704>, 0x7ffff7e19f50 <main_arena+720>, 0x7ffff7e19f50 <main_arena+720>, 0x7ffff7e19f60 <main_arena+736>, 0x7ffff7e19f60 <main_arena+736>, 0x7ffff7e19f70 <main_arena+752>, 0x7ffff7e19f70 <main_arena+752>, 0x7ffff7e19f80 <main_arena+768>, 0x7ffff7e19f80 <main_arena+768>, 0x7ffff7e19f90 <main_arena+784>, 0x7ffff7e19f90 <main_arena+784>, 0x7ffff7e19fa0 <main_arena+800>, 0x7ffff7e19fa0 <main_arena+800>, 0x7ffff7e19fb0 <main_arena+816>, 0x7ffff7e19fb0 <main_arena+816>, 0x7ffff7e19fc0 <main_arena+832>, 0x7ffff7e19fc0 <main_arena+832>, 0x7ffff7e19fd0 <main_arena+848>, 0x7ffff7e19fd0 <main_arena+848>, 0x7ffff7e19fe0 <main_arena+864>, 0x7ffff7e19fe0 <main_arena+864>, 0x7ffff7e19ff0 <main_arena+880>, 0x7ffff7e19ff0 <main_arena+880>, 0x7ffff7e1a000 <main_arena+896>, 0x7ffff7e1a000 <main_arena+896>, 0x7ffff7e1a010 <main_arena+912>, 0x7ffff7e1a010 <main_arena+912>, 0x7ffff7e1a020 <main_arena+928>, 0x7ffff7e1a020 <main_arena+928>, 0x7ffff7e1a030 <main_arena+944>, 0x7ffff7e1a030 <main_arena+944>, 0x7ffff7e1a040 <main_arena+960>, 0x7ffff7e1a040 <main_arena+960>, 0x7ffff7e1a050 <main_arena+976>, 0x7ffff7e1a050 <main_arena+976>, 0x7ffff7e1a060 <main_arena+992>, 0x7ffff7e1a060 <main_arena+992>, 0x7ffff7e1a070 <main_arena+1008>, 0x7ffff7e1a070 <main_arena+1008>, 0x7ffff7e1a080 <main_arena+1024>, 0x7ffff7e1a080 <main_arena+1024>, 0x7ffff7e1a090 <main_arena+1040>, 0x7ffff7e1a090 <main_arena+1040>, 0x7ffff7e1a0a0 <main_arena+1056>, 0x7ffff7e1a0a0 <main_arena+1056>, 0x7ffff7e1a0b0 <main_arena+1072>, 0x7ffff7e1a0b0 <main_arena+1072>, 0x7ffff7e1a0c0 <main_arena+1088>, 0x7ffff7e1a0c0 <main_arena+1088>, 0x7ffff7e1a0d0 <main_arena+1104>, 0x7ffff7e1a0d0 <main_arena+1104>, 0x7ffff7e1a0e0 <main_arena+1120>, 0x7ffff7e1a0e0 <main_arena+1120>, 0x7ffff7e1a0f0 <main_arena+1136>, 0x7ffff7e1a0f0 <main_arena+1136>, 0x7ffff7e1a100 <main_arena+1152>, 0x7ffff7e1a100 <main_arena+1152>, 0x7ffff7e1a110 <main_arena+1168>, 0x7ffff7e1a110 <main_arena+1168>, 0x7ffff7e1a120 <main_arena+1184>, 0x7ffff7e1a120 <main_arena+1184>, 0x7ffff7e1a130 <main_arena+1200>, 0x7ffff7e1a130 <main_arena+1200>, 0x7ffff7e1a140 <main_arena+1216>, 0x7ffff7e1a140 <main_arena+1216>, 0x7ffff7e1a150 <main_arena+1232>, 0x7ffff7e1a150 <main_arena+1232>, 0x7ffff7e1a160 <main_arena+1248>, 0x7ffff7e1a160 <main_arena+1248>, 0x7ffff7e1a170 <main_arena+1264>, 0x7ffff7e1a170 <main_arena+1264>, 0x7ffff7e1a180 <main_arena+1280>, 0x7ffff7e1a180 <main_arena+1280>, 0x7ffff7e1a190 <main_arena+1296>, 0x7ffff7e1a190 <main_arena+1296>, 0x7ffff7e1a1a0 <main_arena+1312>, 0x7ffff7e1a1a0 <main_arena+1312>, 0x7ffff7e1a1b0 <main_arena+1328>, 0x7ffff7e1a1b0 <main_arena+1328>, 0x7ffff7e1a1c0 <main_arena+1344>, 0x7ffff7e1a1c0 <main_arena+1344>, 0x7ffff7e1a1d0 <main_arena+1360>, 0x7ffff7e1a1d0 <main_arena+1360>, 0x7ffff7e1a1e0 <main_arena+1376>, 0x7ffff7e1a1e0 <main_arena+1376>, 0x7ffff7e1a1f0 <main_arena+1392>, 0x7ffff7e1a1f0 <main_arena+1392>, 0x7ffff7e1a200 <main_arena+1408>, 0x7ffff7e1a200 <main_arena+1408>, 0x7ffff7e1a210 <main_arena+1424>, 0x7ffff7e1a210 <main_arena+1424>, 0x7ffff7e1a220 <main_arena+1440>, 0x7ffff7e1a220 <main_arena+1440>, 0x7ffff7e1a230 <main_arena+1456>, 0x7ffff7e1a230 <main_arena+1456>, 0x7ffff7e1a240 <main_arena+1472>, 0x7ffff7e1a240 <main_arena+1472>, 0x7ffff7e1a250 <main_arena+1488>, 0x7ffff7e1a250 <main_arena+1488>, 0x7ffff7e1a260 <main_arena+1504>, 0x7ffff7e1a260 <main_arena+1504>, 0x7ffff7e1a270 <main_arena+1520>, 0x7ffff7e1a270 <main_arena+1520>, 0x7ffff7e1a280 <main_arena+1536>, 0x7ffff7e1a280 <main_arena+1536>, 0x7ffff7e1a290 <main_arena+1552>, 0x7ffff7e1a290 <main_arena+1552>, 0x7ffff7e1a2a0 <main_arena+1568>, 0x7ffff7e1a2a0 <main_arena+1568>, 0x7ffff7e1a2b0 <main_arena+1584>, 0x7ffff7e1a2b0 <main_arena+1584>, 0x7ffff7e1a2c0 <main_arena+1600>, 0x7ffff7e1a2c0 <main_arena+1600>, 0x7ffff7e1a2d0 <main_arena+1616>, 0x7ffff7e1a2d0 <main_arena+1616>, 0x7ffff7e1a2e0 <main_arena+1632>, 0x7ffff7e1a2e0 <main_arena+1632>, 0x7ffff7e1a2f0 <main_arena+1648>, 0x7ffff7e1a2f0 <main_arena+1648>, 0x7ffff7e1a300 <main_arena+1664>, 0x7ffff7e1a300 <main_arena+1664>, 0x7ffff7e1a310 <main_arena+1680>, 0x7ffff7e1a310 <main_arena+1680>, 0x7ffff7e1a320 <main_arena+1696>, 0x7ffff7e1a320 <main_arena+1696>, 0x7ffff7e1a330 <main_arena+1712>, 0x7ffff7e1a330 <main_arena+1712>, 0x7ffff7e1a340 <main_arena+1728>, 0x7ffff7e1a340 <main_arena+1728>, 0x7ffff7e1a350 <main_arena+1744>, 0x7ffff7e1a350 <main_arena+1744>, 0x7ffff7e1a360 <main_arena+1760>, 0x7ffff7e1a360 <main_arena+1760>, 0x7ffff7e1a370 <main_arena+1776>, 0x7ffff7e1a370 <main_arena+1776>, 0x7ffff7e1a380 <main_arena+1792>, 0x7ffff7e1a380 <main_arena+1792>, 0x7ffff7e1a390 <main_arena+1808>, 0x7ffff7e1a390 <main_arena+1808>, 0x7ffff7e1a3a0 <main_arena+1824>, 0x7ffff7e1a3a0 <main_arena+1824>, 0x7ffff7e1a3b0 <main_arena+1840>, 0x7ffff7e1a3b0 <main_arena+1840>, 0x7ffff7e1a3c0 <main_arena+1856>, 0x7ffff7e1a3c0 <main_arena+1856>, 0x7ffff7e1a3d0 <main_arena+1872>, 0x7ffff7e1a3d0 <main_arena+1872>, 0x7ffff7e1a3e0 <main_arena+1888>, 0x7ffff7e1a3e0 <main_arena+1888>, 0x7ffff7e1a3f0 <main_arena+1904>, 0x7ffff7e1a3f0 <main_arena+1904>, 0x7ffff7e1a400 <main_arena+1920>, 0x7ffff7e1a400 <main_arena+1920>, 0x7ffff7e1a410 <main_arena+1936>, 0x7ffff7e1a410 <main_arena+1936>, 0x7ffff7e1a420 <main_arena+1952>, 0x7ffff7e1a420 <main_arena+1952>, 0x7ffff7e1a430 <main_arena+1968>, 0x7ffff7e1a430 <main_arena+1968>, 0x7ffff7e1a440 <main_arena+1984>, 0x7ffff7e1a440 <main_arena+1984>, 0x7ffff7e1a450 <main_arena+2000>, 0x7ffff7e1a450 <main_arena+2000>, 0x7ffff7e1a460 <main_arena+2016>, 0x7ffff7e1a460 <main_arena+2016>, 0x7ffff7e1a470 <main_arena+2032>, 0x7ffff7e1a470 <main_arena+2032>, 0x7ffff7e1a480 <main_arena+2048>, 0x7ffff7e1a480 <main_arena+2048>, 0x7ffff7e1a490 <main_arena+2064>, 0x7ffff7e1a490 <main_arena+2064>, 0x7ffff7e1a4a0 <main_arena+2080>, 0x7ffff7e1a4a0 <main_arena+2080>, 0x7ffff7e1a4b0 <main_arena+2096>, 0x7ffff7e1a4b0 <main_arena+2096>, 0x7ffff7e1a4c0 <main_arena+2112>, 0x7ffff7e1a4c0 <main_arena+2112>},
  binmap = {0x0, 0x0, 0x0, 0x0},
  next = 0x7ffff7e19c80 <main_arena>,
  next_free = 0x0,
  attached_threads = 0x1,
  system_mem = 0xb1000,
  max_system_mem = 0xb1000
}
```

Now we will go ahead and continue ahead to the final `free`. Due to the positioning of the chunks, this chunk is the one adjacent to the top chunk. So freeing it will cause the top chunk consolidation. Since the top chunk would have grown too large, the total `system_mem` will shrink with the `systrim` call:

```
gef➤  c
Continuing.

Breakpoint 4, 0x000055555555521e in main ()

[ Legend: Modified register | Code | Heap | Stack | String ]
────────────────────────────────────────────────────────────────────────────────────── registers ────
$rax   : 0x00005555555e9330  →  0x0000000000000000
$rbx   : 0x0               
$rcx   : 0x80081           
$rdx   : 0x00007ffff7e19ce0  →  0x00005555555f9330  →  0x0000000000000000
$rsp   : 0x00007fffffffdca0  →  0x0000000000000001
$rbp   : 0x00007fffffffdfe0  →  0x0000000000000001
$rsi   : 0x00007ffff7e19ce0  →  0x00005555555f9330  →  0x0000000000000000
$rdi   : 0x00005555555e9330  →  0x0000000000000000
$rip   : 0x000055555555521e  →  <main+149> call 0x555555555070 <free@plt>
$r8    : 0x0               
$r9    : 0x00005555555e9330  →  0x0000000000000000
$r10   : 0x79              
$r11   : 0x00007ffff7e19ce0  →  0x00005555555f9330  →  0x0000000000000000
$r12   : 0x00007fffffffe0f8  →  0x00007fffffffe3f9  →  "/Hackery/shogun/heap_demos/malloc/systrim[...]"
$r13   : 0x0000555555555189  →  <main+0> endbr64 
$r14   : 0x0000555555557db0  →  0x0000555555555140  →  <__do_global_dtors_aux+0> endbr64 
$r15   : 0x00007ffff7ffd040  →  0x00007ffff7ffe2e0  →  0x0000555555554000  →   jg 0x555555554047
$eflags: [zero carry parity adjust sign trap INTERRUPT direction overflow resume virtualx86 identification]
$cs: 0x33 $ss: 0x2b $ds: 0x00 $es: 0x00 $fs: 0x00 $gs: 0x00 
────────────────────────────────────────────────────────────────────────────────────────── stack ────
0x00007fffffffdca0│+0x0000: 0x0000000000000001   ← $rsp
0x00007fffffffdca8│+0x0008: 0x00000009ffffe0f8
0x00007fffffffdcb0│+0x0010: 0x00005555555592a0  →  0x00007ffff7e19ce0  →  0x00005555555f9330  →  0x0000000000000000
0x00007fffffffdcb8│+0x0018: 0x00005555555692b0  →  0x0000000000000000
0x00007fffffffdcc0│+0x0020: 0x00005555555792c0  →  0x0000000000000000
0x00007fffffffdcc8│+0x0028: 0x00005555555892d0  →  0x0000000000000000
0x00007fffffffdcd0│+0x0030: 0x00005555555992e0  →  0x0000000000000000
0x00007fffffffdcd8│+0x0038: 0x00005555555a92f0  →  0x0000000000000000
──────────────────────────────────────────────────────────────────────────────────── code:x86:64 ────
   0x555555555212 <main+137>       jle    0x5555555551ec <main+99>
   0x555555555214 <main+139>       mov    rax, QWORD PTR [rbp-0x2e8]
   0x55555555521b <main+146>       mov    rdi, rax
 → 0x55555555521e <main+149>       call   0x555555555070 <free@plt>
   ↳  0x555555555070 <free@plt+0>     endbr64 
      0x555555555074 <free@plt+4>     bnd    jmp QWORD PTR [rip+0x2f45]        # 0x555555557fc0 <free@got.plt>
      0x55555555507b <free@plt+11>    nop    DWORD PTR [rax+rax*1+0x0]
      0x555555555080 <__stack_chk_fail@plt+0> endbr64 
      0x555555555084 <__stack_chk_fail@plt+4> bnd    jmp QWORD PTR [rip+0x2f3d]        # 0x555555557fc8 <__stack_chk_fail@got.plt>
      0x55555555508b <__stack_chk_fail@plt+11> nop    DWORD PTR [rax+rax*1+0x0]
──────────────────────────────────────────────────────────────────────────── arguments (guessed) ────
free@plt (
   $rdi = 0x00005555555e9330 → 0x0000000000000000
)
──────────────────────────────────────────────────────────────────────────────────────── threads ────
[#0] Id 1, Name: "systrim", stopped 0x55555555521e in main (), reason: BREAKPOINT
────────────────────────────────────────────────────────────────────────────────────────── trace ────
[#0] 0x55555555521e → main()
─────────────────────────────────────────────────────────────────────────────────────────────────────
gef➤  si
0x0000555555555070 in free@plt ()

[ Legend: Modified register | Code | Heap | Stack | String ]
────────────────────────────────────────────────────────────────────────────────────── registers ────
$rax   : 0x00005555555e9330  →  0x0000000000000000
$rbx   : 0x0               
$rcx   : 0x80081           
$rdx   : 0x00007ffff7e19ce0  →  0x00005555555f9330  →  0x0000000000000000
$rsp   : 0x00007fffffffdc98  →  0x0000555555555223  →  <main+154> nop 
$rbp   : 0x00007fffffffdfe0  →  0x0000000000000001
$rsi   : 0x00007ffff7e19ce0  →  0x00005555555f9330  →  0x0000000000000000
$rdi   : 0x00005555555e9330  →  0x0000000000000000
$rip   : 0x0000555555555070  →  <free@plt+0> endbr64 
$r8    : 0x0               
$r9    : 0x00005555555e9330  →  0x0000000000000000
$r10   : 0x79              
$r11   : 0x00007ffff7e19ce0  →  0x00005555555f9330  →  0x0000000000000000
$r12   : 0x00007fffffffe0f8  →  0x00007fffffffe3f9  →  "/Hackery/shogun/heap_demos/malloc/systrim[...]"
$r13   : 0x0000555555555189  →  <main+0> endbr64 
$r14   : 0x0000555555557db0  →  0x0000555555555140  →  <__do_global_dtors_aux+0> endbr64 
$r15   : 0x00007ffff7ffd040  →  0x00007ffff7ffe2e0  →  0x0000555555554000  →   jg 0x555555554047
$eflags: [zero carry parity adjust sign trap INTERRUPT direction overflow resume virtualx86 identification]
$cs: 0x33 $ss: 0x2b $ds: 0x00 $es: 0x00 $fs: 0x00 $gs: 0x00 
────────────────────────────────────────────────────────────────────────────────────────── stack ────
0x00007fffffffdc98│+0x0000: 0x0000555555555223  →  <main+154> nop     ← $rsp
0x00007fffffffdca0│+0x0008: 0x0000000000000001
0x00007fffffffdca8│+0x0010: 0x00000009ffffe0f8
0x00007fffffffdcb0│+0x0018: 0x00005555555592a0  →  0x00007ffff7e19ce0  →  0x00005555555f9330  →  0x0000000000000000
0x00007fffffffdcb8│+0x0020: 0x00005555555692b0  →  0x0000000000000000
0x00007fffffffdcc0│+0x0028: 0x00005555555792c0  →  0x0000000000000000
0x00007fffffffdcc8│+0x0030: 0x00005555555892d0  →  0x0000000000000000
0x00007fffffffdcd0│+0x0038: 0x00005555555992e0  →  0x0000000000000000
──────────────────────────────────────────────────────────────────────────────────── code:x86:64 ────
   0x555555555060 <__cxa_finalize@plt+0> endbr64 
   0x555555555064 <__cxa_finalize@plt+4> bnd    jmp QWORD PTR [rip+0x2f8d]        # 0x555555557ff8
   0x55555555506b <__cxa_finalize@plt+11> nop    DWORD PTR [rax+rax*1+0x0]
 → 0x555555555070 <free@plt+0>     endbr64 
   0x555555555074 <free@plt+4>     bnd    jmp QWORD PTR [rip+0x2f45]        # 0x555555557fc0 <free@got.plt>
   0x55555555507b <free@plt+11>    nop    DWORD PTR [rax+rax*1+0x0]
   0x555555555080 <__stack_chk_fail@plt+0> endbr64 
   0x555555555084 <__stack_chk_fail@plt+4> bnd    jmp QWORD PTR [rip+0x2f3d]        # 0x555555557fc8 <__stack_chk_fail@got.plt>
   0x55555555508b <__stack_chk_fail@plt+11> nop    DWORD PTR [rax+rax*1+0x0]
──────────────────────────────────────────────────────────────────────────────────────── threads ────
[#0] Id 1, Name: "systrim", stopped 0x555555555070 in free@plt (), reason: SINGLE STEP
────────────────────────────────────────────────────────────────────────────────────────── trace ────
[#0] 0x555555555070 → free@plt()
[#1] 0x555555555223 → main()
─────────────────────────────────────────────────────────────────────────────────────────────────────
gef➤  finish
Run till exit from #0  0x0000555555555070 in free@plt ()

Breakpoint 2, systrim (pad=0x20000, av=0x7ffff7e19c80 <main_arena>) at ./malloc/malloc.c:2986
2986  ./malloc/malloc.c: No such file or directory.

[ Legend: Modified register | Code | Heap | Stack | String ]
────────────────────────────────────────────────────────────────────────────────────── registers ────
$rax   : 0xb0d70           
$rbx   : 0xb0d70           
$rcx   : 0x90091           
$rdx   : 0x0               
$rsp   : 0x00007fffffffdbf8  →  0x00007ffff7ca2f49  →  <_int_free+2089> jmp 0x7ffff7ca29ae <_int_free+654>
$rbp   : 0x0000555555559290  →  0x0000000000000000
$rsi   : 0x00007ffff7e19ce0  →  0x0000555555559290  →  0x0000000000000000
$rdi   : 0x20000           
$rip   : 0x00007ffff7ca2670  →  <systrim.constprop+0> mov rax, QWORD PTR [rip+0x177669]        # 0x7ffff7e19ce0 <main_arena+96>
$r8    : 0x0               
$r9    : 0x00005555555e9330  →  0x0000000000000000
$r10   : 0x79              
$r11   : 0x00007ffff7e19ce0  →  0x0000555555559290  →  0x0000000000000000
$r12   : 0x00007ffff7e19c80  →  0x0000000000000000
$r13   : 0x0               
$r14   : 0x00005555555f9330  →  0x0000000000000000
$r15   : 0x10cd0           
$eflags: [zero carry parity adjust sign trap INTERRUPT direction overflow resume virtualx86 identification]
$cs: 0x33 $ss: 0x2b $ds: 0x00 $es: 0x00 $fs: 0x00 $gs: 0x00 
────────────────────────────────────────────────────────────────────────────────────────── stack ────
0x00007fffffffdbf8│+0x0000: 0x00007ffff7ca2f49  →  <_int_free+2089> jmp 0x7ffff7ca29ae <_int_free+654>    ← $rsp
0x00007fffffffdc00│+0x0008: 0x0000000000000080
0x00007fffffffdc08│+0x0010: 0x0000000000000010
0x00007fffffffdc10│+0x0018: 0x0000000100000002
0x00007fffffffdc18│+0x0020: 0x000000790000007c ("|"?)
0x00007fffffffdc20│+0x0028: 0x000000db0000007e ("~"?)
0x00007fffffffdc28│+0x0030: 0x9fde49ffa8582500
0x00007fffffffdc30│+0x0038: 0x0000555555555189  →  <main+0> endbr64 
──────────────────────────────────────────────────────────────────────────────────── code:x86:64 ────
   0x7ffff7ca2662 <__default_morecore+50> ret    
   0x7ffff7ca2663                  data16 cs nop WORD PTR [rax+rax*1+0x0]
   0x7ffff7ca266e                  xchg   ax, ax
 → 0x7ffff7ca2670 <systrim.constprop+0> mov    rax, QWORD PTR [rip+0x177669]        # 0x7ffff7e19ce0 <main_arena+96>
   0x7ffff7ca2677 <systrim.constprop+7> push   r12
   0x7ffff7ca2679 <systrim.constprop+9> push   rbp
   0x7ffff7ca267a <systrim.constprop+10> push   rbx
   0x7ffff7ca267b <systrim.constprop+11> mov    rbp, QWORD PTR [rax+0x8]
   0x7ffff7ca267f <systrim.constprop+15> and    rbp, 0xfffffffffffffff8
──────────────────────────────────────────────────────────────────────────────────────── threads ────
[#0] Id 1, Name: "systrim", stopped 0x7ffff7ca2670 in systrim (), reason: BREAKPOINT
────────────────────────────────────────────────────────────────────────────────────────── trace ────
[#0] 0x7ffff7ca2670 → systrim(pad=0x20000, av=0x7ffff7e19c80 <main_arena>)
[#1] 0x7ffff7ca2f49 → _int_free(av=0x7ffff7e19c80 <main_arena>, p=0x555555559290, have_lock=<optimized out>)
[#2] 0x7ffff7ca54d3 → __GI___libc_free(mem=<optimized out>)
[#3] 0x555555555223 → main()
─────────────────────────────────────────────────────────────────────────────────────────────────────
gef➤  finish
Run till exit from #0  systrim (pad=0x20000, av=0x7ffff7e19c80 <main_arena>) at ./malloc/malloc.c:2986
0x00007ffff7ca2f49 in _int_free (av=0x7ffff7e19c80 <main_arena>, p=0x555555559290, have_lock=<optimized out>) at ./malloc/malloc.c:4680
4680  in ./malloc/malloc.c
Value returned is $10 = 0x1

[ Legend: Modified register | Code | Heap | Stack | String ]
────────────────────────────────────────────────────────────────────────────────────── registers ────
$rax   : 0x1               
$rbx   : 0xb0d70           
$rcx   : 0x00007ffff7d1a9db  →  <brk+11> mov rdx, QWORD PTR [rip+0xfe47e]        # 0x7ffff7e18e60
$rdx   : 0x00007ffff7e21218  →  0x000055555557a000
$rsp   : 0x00007fffffffdc00  →  0x0000000000000080
$rbp   : 0x0000555555559290  →  0x0000000000000000
$rsi   : 0x00007ffff7e19ce0  →  0x0000555555559290  →  0x0000000000000000
$rdi   : 0x0               
$rip   : 0x00007ffff7ca2f49  →  <_int_free+2089> jmp 0x7ffff7ca29ae <_int_free+654>
$r8    : 0x0               
$r9    : 0x5555555e9330    
$r10   : 0x79              
$r11   : 0x287             
$r12   : 0x00007ffff7e19c80  →  0x0000000000000000
$r13   : 0x0               
$r14   : 0x5555555f9330    
$r15   : 0x10cd0           
$eflags: [zero carry PARITY adjust sign trap INTERRUPT direction overflow resume virtualx86 identification]
$cs: 0x33 $ss: 0x2b $ds: 0x00 $es: 0x00 $fs: 0x00 $gs: 0x00 
────────────────────────────────────────────────────────────────────────────────────────── stack ────
0x00007fffffffdc00│+0x0000: 0x0000000000000080   ← $rsp
0x00007fffffffdc08│+0x0008: 0x0000000000000010
0x00007fffffffdc10│+0x0010: 0x0000000100000002
0x00007fffffffdc18│+0x0018: 0x000000790000007c ("|"?)
0x00007fffffffdc20│+0x0020: 0x000000db0000007e ("~"?)
0x00007fffffffdc28│+0x0028: 0x9fde49ffa8582500
0x00007fffffffdc30│+0x0030: 0x0000555555555189  →  <main+0> endbr64 
0x00007fffffffdc38│+0x0038: 0xffffffffffffff80
──────────────────────────────────────────────────────────────────────────────────── code:x86:64 ────
   0x7ffff7ca2f37 <_int_free+2071> jb     0x7ffff7ca29ae <_int_free+654>
   0x7ffff7ca2f3d <_int_free+2077> mov    rdi, QWORD PTR [rip+0x176424]        # 0x7ffff7e19368 <mp_+8>
   0x7ffff7ca2f44 <_int_free+2084> call   0x7ffff7ca2670 <systrim>
 → 0x7ffff7ca2f49 <_int_free+2089> jmp    0x7ffff7ca29ae <_int_free+654>
   0x7ffff7ca2f4e <_int_free+2094> mov    rbx, rax
   0x7ffff7ca2f51 <_int_free+2097> and    rbx, 0xfffffffffc000000
   0x7ffff7ca2f58 <_int_free+2104> mov    r15, QWORD PTR [rbx]
   0x7ffff7ca2f5b <_int_free+2107> cmp    r12, r15
   0x7ffff7ca2f5e <_int_free+2110> jne    0x7ffff7ca312b <_int_free+2571>
──────────────────────────────────────────────────────────────────────────────────────── threads ────
[#0] Id 1, Name: "systrim", stopped 0x7ffff7ca2f49 in _int_free (), reason: TEMPORARY BREAKPOINT
────────────────────────────────────────────────────────────────────────────────────────── trace ────
[#0] 0x7ffff7ca2f49 → _int_free(av=0x7ffff7e19c80 <main_arena>, p=0x555555559290, have_lock=<optimized out>)
[#1] 0x7ffff7ca54d3 → __GI___libc_free(mem=<optimized out>)
[#2] 0x555555555223 → main()
─────────────────────────────────────────────────────────────────────────────────────────────────────
gef➤  finish
Run till exit from #0  0x00007ffff7ca2f49 in _int_free (av=0x7ffff7e19c80 <main_arena>, p=0x555555559290, have_lock=<optimized out>) at ./malloc/malloc.c:4680
__GI___libc_free (mem=<optimized out>) at ./malloc/malloc.c:3394
3394  in ./malloc/malloc.c

[ Legend: Modified register | Code | Heap | Stack | String ]
────────────────────────────────────────────────────────────────────────────────────── registers ────
$rax   : 0x0               
$rbx   : 0xffffffffffffff80
$rcx   : 0x00007ffff7d1a9db  →  <brk+11> mov rdx, QWORD PTR [rip+0xfe47e]        # 0x7ffff7e18e60
$rdx   : 0x00007ffff7e21218  →  0x000055555557a000
$rsp   : 0x00007fffffffdc70  →  0x0000000000000001
$rbp   : 0x0               
$rsi   : 0x00007ffff7e19ce0  →  0x0000555555559290  →  0x0000000000000000
$rdi   : 0x0               
$rip   : 0x00007ffff7ca54d3  →  <free+115> mov DWORD PTR fs:[rbx], ebp
$r8    : 0x0               
$r9    : 0x5555555e9330    
$r10   : 0x79              
$r11   : 0x287             
$r12   : 0x00007fffffffe0f8  →  0x00007fffffffe3f9  →  "/Hackery/shogun/heap_demos/malloc/systrim[...]"
$r13   : 0x0000555555555189  →  <main+0> endbr64 
$r14   : 0x0000555555557db0  →  0x0000555555555140  →  <__do_global_dtors_aux+0> endbr64 
$r15   : 0x00007ffff7ffd040  →  0x00007ffff7ffe2e0  →  0x0000555555554000  →   jg 0x555555554047
$eflags: [zero carry parity adjust sign trap INTERRUPT direction overflow resume virtualx86 identification]
$cs: 0x33 $ss: 0x2b $ds: 0x00 $es: 0x00 $fs: 0x00 $gs: 0x00 
────────────────────────────────────────────────────────────────────────────────────────── stack ────
0x00007fffffffdc70│+0x0000: 0x0000000000000001   ← $rsp
0x00007fffffffdc78│+0x0008: 0x0000000000000000
0x00007fffffffdc80│+0x0010: 0x0000000000000000
0x00007fffffffdc88│+0x0018: 0x0000000000000000
0x00007fffffffdc90│+0x0020: 0x00007fffffffdfe0  →  0x0000000000000001
0x00007fffffffdc98│+0x0028: 0x0000555555555223  →  <main+154> nop 
0x00007fffffffdca0│+0x0030: 0x0000000000000001
0x00007fffffffdca8│+0x0038: 0x00000009ffffe0f8
──────────────────────────────────────────────────────────────────────────────────── code:x86:64 ────
   0x7ffff7ca54c9 <free+105>       mov    rdi, QWORD PTR [rax]
   0x7ffff7ca54cc <free+108>       xor    edx, edx
   0x7ffff7ca54ce <free+110>       call   0x7ffff7ca2720 <_int_free>
 → 0x7ffff7ca54d3 <free+115>       mov    DWORD PTR fs:[rbx], ebp
   0x7ffff7ca54d6 <free+118>       add    rsp, 0x18
   0x7ffff7ca54da <free+122>       pop    rbx
   0x7ffff7ca54db <free+123>       pop    rbp
   0x7ffff7ca54dc <free+124>       ret    
   0x7ffff7ca54dd <free+125>       nop    DWORD PTR [rax]
──────────────────────────────────────────────────────────────────────────────────────── threads ────
[#0] Id 1, Name: "systrim", stopped 0x7ffff7ca54d3 in __GI___libc_free (), reason: TEMPORARY BREAKPOINT
────────────────────────────────────────────────────────────────────────────────────────── trace ────
[#0] 0x7ffff7ca54d3 → __GI___libc_free(mem=<optimized out>)
[#1] 0x555555555223 → main()
─────────────────────────────────────────────────────────────────────────────────────────────────────
gef➤  finish
Run till exit from #0  __GI___libc_free (mem=<optimized out>) at ./malloc/malloc.c:3394
0x0000555555555223 in main ()



[ Legend: Modified register | Code | Heap | Stack | String ]
────────────────────────────────────────────────────────────────────────────────────── registers ────
$rax   : 0x0               
$rbx   : 0x0               
$rcx   : 0x00007ffff7d1a9db  →  <brk+11> mov rdx, QWORD PTR [rip+0xfe47e]        # 0x7ffff7e18e60
$rdx   : 0x00007ffff7e21218  →  0x000055555557a000
$rsp   : 0x00007fffffffdca0  →  0x0000000000000001
$rbp   : 0x00007fffffffdfe0  →  0x0000000000000001
$rsi   : 0x00007ffff7e19ce0  →  0x0000555555559290  →  0x0000000000000000
$rdi   : 0x0               
$rip   : 0x0000555555555223  →  <main+154> nop 
$r8    : 0x0               
$r9    : 0x5555555e9330    
$r10   : 0x79              
$r11   : 0x287             
$r12   : 0x00007fffffffe0f8  →  0x00007fffffffe3f9  →  "/Hackery/shogun/heap_demos/malloc/systrim[...]"
$r13   : 0x0000555555555189  →  <main+0> endbr64 
$r14   : 0x0000555555557db0  →  0x0000555555555140  →  <__do_global_dtors_aux+0> endbr64 
$r15   : 0x00007ffff7ffd040  →  0x00007ffff7ffe2e0  →  0x0000555555554000  →   jg 0x555555554047
$eflags: [zero carry PARITY adjust sign trap INTERRUPT direction overflow resume virtualx86 identification]
$cs: 0x33 $ss: 0x2b $ds: 0x00 $es: 0x00 $fs: 0x00 $gs: 0x00 
────────────────────────────────────────────────────────────────────────────────────────── stack ────
0x00007fffffffdca0│+0x0000: 0x0000000000000001   ← $rsp
0x00007fffffffdca8│+0x0008: 0x00000009ffffe0f8
0x00007fffffffdcb0│+0x0010: 0x00005555555592a0  →  0x00007ffff7e19ce0  →  0x0000555555559290  →  0x0000000000000000
0x00007fffffffdcb8│+0x0018: 0x00005555555692b0  →  0x0000000000000000
0x00007fffffffdcc0│+0x0020: 0x00005555555792c0  →  0x0000000000000000
0x00007fffffffdcc8│+0x0028: 0x00005555555892d0
0x00007fffffffdcd0│+0x0030: 0x00005555555992e0
0x00007fffffffdcd8│+0x0038: 0x00005555555a92f0
──────────────────────────────────────────────────────────────────────────────────── code:x86:64 ────
   0x555555555214 <main+139>       mov    rax, QWORD PTR [rbp-0x2e8]
   0x55555555521b <main+146>       mov    rdi, rax
   0x55555555521e <main+149>       call   0x555555555070 <free@plt>
 → 0x555555555223 <main+154>       nop    
   0x555555555224 <main+155>       mov    rax, QWORD PTR [rbp-0x8]
   0x555555555228 <main+159>       sub    rax, QWORD PTR fs:0x28
   0x555555555231 <main+168>       je     0x555555555238 <main+175>
   0x555555555233 <main+170>       call   0x555555555080 <__stack_chk_fail@plt>
   0x555555555238 <main+175>       leave  
──────────────────────────────────────────────────────────────────────────────────────── threads ────
[#0] Id 1, Name: "systrim", stopped 0x555555555223 in main (), reason: TEMPORARY BREAKPOINT
────────────────────────────────────────────────────────────────────────────────────────── trace ────
[#0] 0x555555555223 → main()
─────────────────────────────────────────────────────────────────────────────────────────────────────
gef➤  p main_arena
$11 = {
  mutex = 0x0,
  flags = 0x0,
  have_fastchunks = 0x0,
  fastbinsY = {0x0, 0x0, 0x0, 0x0, 0x0, 0x0, 0x0, 0x0, 0x0, 0x0},
  top = 0x555555559290,
  last_remainder = 0x0,
  bins = {0x7ffff7e19ce0 <main_arena+96>, 0x7ffff7e19ce0 <main_arena+96>, 0x7ffff7e19cf0 <main_arena+112>, 0x7ffff7e19cf0 <main_arena+112>, 0x7ffff7e19d00 <main_arena+128>, 0x7ffff7e19d00 <main_arena+128>, 0x7ffff7e19d10 <main_arena+144>, 0x7ffff7e19d10 <main_arena+144>, 0x7ffff7e19d20 <main_arena+160>, 0x7ffff7e19d20 <main_arena+160>, 0x7ffff7e19d30 <main_arena+176>, 0x7ffff7e19d30 <main_arena+176>, 0x7ffff7e19d40 <main_arena+192>, 0x7ffff7e19d40 <main_arena+192>, 0x7ffff7e19d50 <main_arena+208>, 0x7ffff7e19d50 <main_arena+208>, 0x7ffff7e19d60 <main_arena+224>, 0x7ffff7e19d60 <main_arena+224>, 0x7ffff7e19d70 <main_arena+240>, 0x7ffff7e19d70 <main_arena+240>, 0x7ffff7e19d80 <main_arena+256>, 0x7ffff7e19d80 <main_arena+256>, 0x7ffff7e19d90 <main_arena+272>, 0x7ffff7e19d90 <main_arena+272>, 0x7ffff7e19da0 <main_arena+288>, 0x7ffff7e19da0 <main_arena+288>, 0x7ffff7e19db0 <main_arena+304>, 0x7ffff7e19db0 <main_arena+304>, 0x7ffff7e19dc0 <main_arena+320>, 0x7ffff7e19dc0 <main_arena+320>, 0x7ffff7e19dd0 <main_arena+336>, 0x7ffff7e19dd0 <main_arena+336>, 0x7ffff7e19de0 <main_arena+352>, 0x7ffff7e19de0 <main_arena+352>, 0x7ffff7e19df0 <main_arena+368>, 0x7ffff7e19df0 <main_arena+368>, 0x7ffff7e19e00 <main_arena+384>, 0x7ffff7e19e00 <main_arena+384>, 0x7ffff7e19e10 <main_arena+400>, 0x7ffff7e19e10 <main_arena+400>, 0x7ffff7e19e20 <main_arena+416>, 0x7ffff7e19e20 <main_arena+416>, 0x7ffff7e19e30 <main_arena+432>, 0x7ffff7e19e30 <main_arena+432>, 0x7ffff7e19e40 <main_arena+448>, 0x7ffff7e19e40 <main_arena+448>, 0x7ffff7e19e50 <main_arena+464>, 0x7ffff7e19e50 <main_arena+464>, 0x7ffff7e19e60 <main_arena+480>, 0x7ffff7e19e60 <main_arena+480>, 0x7ffff7e19e70 <main_arena+496>, 0x7ffff7e19e70 <main_arena+496>, 0x7ffff7e19e80 <main_arena+512>, 0x7ffff7e19e80 <main_arena+512>, 0x7ffff7e19e90 <main_arena+528>, 0x7ffff7e19e90 <main_arena+528>, 0x7ffff7e19ea0 <main_arena+544>, 0x7ffff7e19ea0 <main_arena+544>, 0x7ffff7e19eb0 <main_arena+560>, 0x7ffff7e19eb0 <main_arena+560>, 0x7ffff7e19ec0 <main_arena+576>, 0x7ffff7e19ec0 <main_arena+576>, 0x7ffff7e19ed0 <main_arena+592>, 0x7ffff7e19ed0 <main_arena+592>, 0x7ffff7e19ee0 <main_arena+608>, 0x7ffff7e19ee0 <main_arena+608>, 0x7ffff7e19ef0 <main_arena+624>, 0x7ffff7e19ef0 <main_arena+624>, 0x7ffff7e19f00 <main_arena+640>, 0x7ffff7e19f00 <main_arena+640>, 0x7ffff7e19f10 <main_arena+656>, 0x7ffff7e19f10 <main_arena+656>, 0x7ffff7e19f20 <main_arena+672>, 0x7ffff7e19f20 <main_arena+672>, 0x7ffff7e19f30 <main_arena+688>, 0x7ffff7e19f30 <main_arena+688>, 0x7ffff7e19f40 <main_arena+704>, 0x7ffff7e19f40 <main_arena+704>, 0x7ffff7e19f50 <main_arena+720>, 0x7ffff7e19f50 <main_arena+720>, 0x7ffff7e19f60 <main_arena+736>, 0x7ffff7e19f60 <main_arena+736>, 0x7ffff7e19f70 <main_arena+752>, 0x7ffff7e19f70 <main_arena+752>, 0x7ffff7e19f80 <main_arena+768>, 0x7ffff7e19f80 <main_arena+768>, 0x7ffff7e19f90 <main_arena+784>, 0x7ffff7e19f90 <main_arena+784>, 0x7ffff7e19fa0 <main_arena+800>, 0x7ffff7e19fa0 <main_arena+800>, 0x7ffff7e19fb0 <main_arena+816>, 0x7ffff7e19fb0 <main_arena+816>, 0x7ffff7e19fc0 <main_arena+832>, 0x7ffff7e19fc0 <main_arena+832>, 0x7ffff7e19fd0 <main_arena+848>, 0x7ffff7e19fd0 <main_arena+848>, 0x7ffff7e19fe0 <main_arena+864>, 0x7ffff7e19fe0 <main_arena+864>, 0x7ffff7e19ff0 <main_arena+880>, 0x7ffff7e19ff0 <main_arena+880>, 0x7ffff7e1a000 <main_arena+896>, 0x7ffff7e1a000 <main_arena+896>, 0x7ffff7e1a010 <main_arena+912>, 0x7ffff7e1a010 <main_arena+912>, 0x7ffff7e1a020 <main_arena+928>, 0x7ffff7e1a020 <main_arena+928>, 0x7ffff7e1a030 <main_arena+944>, 0x7ffff7e1a030 <main_arena+944>, 0x7ffff7e1a040 <main_arena+960>, 0x7ffff7e1a040 <main_arena+960>, 0x7ffff7e1a050 <main_arena+976>, 0x7ffff7e1a050 <main_arena+976>, 0x7ffff7e1a060 <main_arena+992>, 0x7ffff7e1a060 <main_arena+992>, 0x7ffff7e1a070 <main_arena+1008>, 0x7ffff7e1a070 <main_arena+1008>, 0x7ffff7e1a080 <main_arena+1024>, 0x7ffff7e1a080 <main_arena+1024>, 0x7ffff7e1a090 <main_arena+1040>, 0x7ffff7e1a090 <main_arena+1040>, 0x7ffff7e1a0a0 <main_arena+1056>, 0x7ffff7e1a0a0 <main_arena+1056>, 0x7ffff7e1a0b0 <main_arena+1072>, 0x7ffff7e1a0b0 <main_arena+1072>, 0x7ffff7e1a0c0 <main_arena+1088>, 0x7ffff7e1a0c0 <main_arena+1088>, 0x7ffff7e1a0d0 <main_arena+1104>, 0x7ffff7e1a0d0 <main_arena+1104>, 0x7ffff7e1a0e0 <main_arena+1120>, 0x7ffff7e1a0e0 <main_arena+1120>, 0x7ffff7e1a0f0 <main_arena+1136>, 0x7ffff7e1a0f0 <main_arena+1136>, 0x7ffff7e1a100 <main_arena+1152>, 0x7ffff7e1a100 <main_arena+1152>, 0x7ffff7e1a110 <main_arena+1168>, 0x7ffff7e1a110 <main_arena+1168>, 0x7ffff7e1a120 <main_arena+1184>, 0x7ffff7e1a120 <main_arena+1184>, 0x7ffff7e1a130 <main_arena+1200>, 0x7ffff7e1a130 <main_arena+1200>, 0x7ffff7e1a140 <main_arena+1216>, 0x7ffff7e1a140 <main_arena+1216>, 0x7ffff7e1a150 <main_arena+1232>, 0x7ffff7e1a150 <main_arena+1232>, 0x7ffff7e1a160 <main_arena+1248>, 0x7ffff7e1a160 <main_arena+1248>, 0x7ffff7e1a170 <main_arena+1264>, 0x7ffff7e1a170 <main_arena+1264>, 0x7ffff7e1a180 <main_arena+1280>, 0x7ffff7e1a180 <main_arena+1280>, 0x7ffff7e1a190 <main_arena+1296>, 0x7ffff7e1a190 <main_arena+1296>, 0x7ffff7e1a1a0 <main_arena+1312>, 0x7ffff7e1a1a0 <main_arena+1312>, 0x7ffff7e1a1b0 <main_arena+1328>, 0x7ffff7e1a1b0 <main_arena+1328>, 0x7ffff7e1a1c0 <main_arena+1344>, 0x7ffff7e1a1c0 <main_arena+1344>, 0x7ffff7e1a1d0 <main_arena+1360>, 0x7ffff7e1a1d0 <main_arena+1360>, 0x7ffff7e1a1e0 <main_arena+1376>, 0x7ffff7e1a1e0 <main_arena+1376>, 0x7ffff7e1a1f0 <main_arena+1392>, 0x7ffff7e1a1f0 <main_arena+1392>, 0x7ffff7e1a200 <main_arena+1408>, 0x7ffff7e1a200 <main_arena+1408>, 0x7ffff7e1a210 <main_arena+1424>, 0x7ffff7e1a210 <main_arena+1424>, 0x7ffff7e1a220 <main_arena+1440>, 0x7ffff7e1a220 <main_arena+1440>, 0x7ffff7e1a230 <main_arena+1456>, 0x7ffff7e1a230 <main_arena+1456>, 0x7ffff7e1a240 <main_arena+1472>, 0x7ffff7e1a240 <main_arena+1472>, 0x7ffff7e1a250 <main_arena+1488>, 0x7ffff7e1a250 <main_arena+1488>, 0x7ffff7e1a260 <main_arena+1504>, 0x7ffff7e1a260 <main_arena+1504>, 0x7ffff7e1a270 <main_arena+1520>, 0x7ffff7e1a270 <main_arena+1520>, 0x7ffff7e1a280 <main_arena+1536>, 0x7ffff7e1a280 <main_arena+1536>, 0x7ffff7e1a290 <main_arena+1552>, 0x7ffff7e1a290 <main_arena+1552>, 0x7ffff7e1a2a0 <main_arena+1568>, 0x7ffff7e1a2a0 <main_arena+1568>, 0x7ffff7e1a2b0 <main_arena+1584>, 0x7ffff7e1a2b0 <main_arena+1584>, 0x7ffff7e1a2c0 <main_arena+1600>, 0x7ffff7e1a2c0 <main_arena+1600>, 0x7ffff7e1a2d0 <main_arena+1616>, 0x7ffff7e1a2d0 <main_arena+1616>, 0x7ffff7e1a2e0 <main_arena+1632>, 0x7ffff7e1a2e0 <main_arena+1632>, 0x7ffff7e1a2f0 <main_arena+1648>, 0x7ffff7e1a2f0 <main_arena+1648>, 0x7ffff7e1a300 <main_arena+1664>, 0x7ffff7e1a300 <main_arena+1664>, 0x7ffff7e1a310 <main_arena+1680>, 0x7ffff7e1a310 <main_arena+1680>, 0x7ffff7e1a320 <main_arena+1696>, 0x7ffff7e1a320 <main_arena+1696>, 0x7ffff7e1a330 <main_arena+1712>, 0x7ffff7e1a330 <main_arena+1712>, 0x7ffff7e1a340 <main_arena+1728>, 0x7ffff7e1a340 <main_arena+1728>, 0x7ffff7e1a350 <main_arena+1744>, 0x7ffff7e1a350 <main_arena+1744>, 0x7ffff7e1a360 <main_arena+1760>, 0x7ffff7e1a360 <main_arena+1760>, 0x7ffff7e1a370 <main_arena+1776>, 0x7ffff7e1a370 <main_arena+1776>, 0x7ffff7e1a380 <main_arena+1792>, 0x7ffff7e1a380 <main_arena+1792>, 0x7ffff7e1a390 <main_arena+1808>, 0x7ffff7e1a390 <main_arena+1808>, 0x7ffff7e1a3a0 <main_arena+1824>, 0x7ffff7e1a3a0 <main_arena+1824>, 0x7ffff7e1a3b0 <main_arena+1840>, 0x7ffff7e1a3b0 <main_arena+1840>, 0x7ffff7e1a3c0 <main_arena+1856>, 0x7ffff7e1a3c0 <main_arena+1856>, 0x7ffff7e1a3d0 <main_arena+1872>, 0x7ffff7e1a3d0 <main_arena+1872>, 0x7ffff7e1a3e0 <main_arena+1888>, 0x7ffff7e1a3e0 <main_arena+1888>, 0x7ffff7e1a3f0 <main_arena+1904>, 0x7ffff7e1a3f0 <main_arena+1904>, 0x7ffff7e1a400 <main_arena+1920>, 0x7ffff7e1a400 <main_arena+1920>, 0x7ffff7e1a410 <main_arena+1936>, 0x7ffff7e1a410 <main_arena+1936>, 0x7ffff7e1a420 <main_arena+1952>, 0x7ffff7e1a420 <main_arena+1952>, 0x7ffff7e1a430 <main_arena+1968>, 0x7ffff7e1a430 <main_arena+1968>, 0x7ffff7e1a440 <main_arena+1984>, 0x7ffff7e1a440 <main_arena+1984>, 0x7ffff7e1a450 <main_arena+2000>, 0x7ffff7e1a450 <main_arena+2000>, 0x7ffff7e1a460 <main_arena+2016>, 0x7ffff7e1a460 <main_arena+2016>, 0x7ffff7e1a470 <main_arena+2032>, 0x7ffff7e1a470 <main_arena+2032>, 0x7ffff7e1a480 <main_arena+2048>, 0x7ffff7e1a480 <main_arena+2048>, 0x7ffff7e1a490 <main_arena+2064>, 0x7ffff7e1a490 <main_arena+2064>, 0x7ffff7e1a4a0 <main_arena+2080>, 0x7ffff7e1a4a0 <main_arena+2080>, 0x7ffff7e1a4b0 <main_arena+2096>, 0x7ffff7e1a4b0 <main_arena+2096>, 0x7ffff7e1a4c0 <main_arena+2112>, 0x7ffff7e1a4c0 <main_arena+2112>},
  binmap = {0x0, 0x0, 0x0, 0x0},
  next = 0x7ffff7e19c80 <main_arena>,
  next_free = 0x0,
  attached_threads = 0x1,
  system_mem = 0x21000,
  max_system_mem = 0xb1000
}
gef➤  c
Continuing.
[Inferior 1 (process 9838) exited normally]
```

So we see, the `system_mem` causes the `system_mem` to shrink down to `0x21000`.

